<?xml version="1.0" encoding="UTF-8"?>
<!-- Generated by org.testng.reporters.JUnitXMLReporter -->
<testsuite hostname="IN2070121W2" ignored="0" name="Default test" tests="5" failures="1" timestamp="22 Aug 2018 12:32:31 GMT" time="1308.394" errors="0">
  <testcase name="educationGoalLessThan55" time="226.221" classname="com.ey.test3po.userjourney.EducationGoalUserSignUpJourneyLessThan55Test"/>
  <testcase name="educationGoalLessThan55" time="133.809" classname="com.ey.test3po.userjourney.EducationGoalUserSignUpJourneyLessThan55Test">
    <failure type="org.openqa.selenium.NoSuchElementException" message="An element could not be located on the page using the given search parameters.
For documentation on this error, please visit: http://seleniumhq.org/exceptions/no_such_element.html
Build info: version: &amp;apos;3.13.0&amp;apos;, revision: &amp;apos;2f0d292&amp;apos;, time: &amp;apos;2018-06-25T15:24:21.231Z&amp;apos;
System info: host: &amp;apos;IN2070121W2&amp;apos;, ip: &amp;apos;192.168.52.2&amp;apos;, os.name: &amp;apos;Windows 10&amp;apos;, os.arch: &amp;apos;amd64&amp;apos;, os.version: &amp;apos;10.0&amp;apos;, java.version: &amp;apos;1.8.0_171&amp;apos;
Driver info: io.appium.java_client.android.AndroidDriver
Capabilities {appActivity: com.eygsskpoc.ey3po.activit..., appPackage: com.eygsskpoc.ey3po, databaseEnabled: false, desired: {appActivity: com.eygsskpoc.ey3po.activit..., appPackage: com.eygsskpoc.ey3po, deviceName: 92010457a0ce2315, noReset: true, platformName: android, resetKeyboard: true, unicodeKeyboard: true, version: 5.1.1}, deviceManufacturer: samsung, deviceModel: SM-J200G, deviceName: 92010457a0ce2315, deviceScreenSize: 540x960, deviceUDID: 92010457a0ce2315, javascriptEnabled: true, locationContextEnabled: false, networkConnectionEnabled: true, noReset: true, platform: LINUX, platformName: Android, platformVersion: 5.1.1, resetKeyboard: true, takesScreenshot: true, unicodeKeyboard: true, version: 5.1.1, warnings: {}, webStorageEnabled: false}
Session ID: 13335752-79c6-4144-b16b-a9225e106709
*** Element info: {Using=xpath, value=//*[contains(@text,&amp;apos;Planned Monthly Contribution&amp;apos;) and @resource-id=&amp;apos;com.eygsskpoc.ey3po:id/txt_input_edit_assert&amp;apos;]/../../following-sibling::*[@resource-id=&amp;apos;com.eygsskpoc.ey3po:id/ll_annual_spending&amp;apos;]/descendant::*[@resource-id=&amp;apos;com.eygsskpoc.ey3po:id/label_legend&amp;apos;]}">
      <![CDATA[org.openqa.selenium.NoSuchElementException: An element could not be located on the page using the given search parameters.
For documentation on this error, please visit: http://seleniumhq.org/exceptions/no_such_element.html
Build info: version: '3.13.0', revision: '2f0d292', time: '2018-06-25T15:24:21.231Z'
System info: host: 'IN2070121W2', ip: '192.168.52.2', os.name: 'Windows 10', os.arch: 'amd64', os.version: '10.0', java.version: '1.8.0_171'
Driver info: io.appium.java_client.android.AndroidDriver
Capabilities {appActivity: com.eygsskpoc.ey3po.activit..., appPackage: com.eygsskpoc.ey3po, databaseEnabled: false, desired: {appActivity: com.eygsskpoc.ey3po.activit..., appPackage: com.eygsskpoc.ey3po, deviceName: 92010457a0ce2315, noReset: true, platformName: android, resetKeyboard: true, unicodeKeyboard: true, version: 5.1.1}, deviceManufacturer: samsung, deviceModel: SM-J200G, deviceName: 92010457a0ce2315, deviceScreenSize: 540x960, deviceUDID: 92010457a0ce2315, javascriptEnabled: true, locationContextEnabled: false, networkConnectionEnabled: true, noReset: true, platform: LINUX, platformName: Android, platformVersion: 5.1.1, resetKeyboard: true, takesScreenshot: true, unicodeKeyboard: true, version: 5.1.1, warnings: {}, webStorageEnabled: false}
Session ID: 13335752-79c6-4144-b16b-a9225e106709
*** Element info: {Using=xpath, value=//*[contains(@text,'Planned Monthly Contribution') and @resource-id='com.eygsskpoc.ey3po:id/txt_input_edit_assert']/../../following-sibling::*[@resource-id='com.eygsskpoc.ey3po:id/ll_annual_spending']/descendant::*[@resource-id='com.eygsskpoc.ey3po:id/label_legend']}
at sun.reflect.NativeConstructorAccessorImpl.newInstance0(Native Method)
at sun.reflect.NativeConstructorAccessorImpl.newInstance(NativeConstructorAccessorImpl.java:62)
at sun.reflect.DelegatingConstructorAccessorImpl.newInstance(DelegatingConstructorAccessorImpl.java:45)
at java.lang.reflect.Constructor.newInstance(Constructor.java:423)
at org.openqa.selenium.remote.http.W3CHttpResponseCodec.createException(W3CHttpResponseCodec.java:187)
at org.openqa.selenium.remote.http.W3CHttpResponseCodec.decode(W3CHttpResponseCodec.java:122)
at org.openqa.selenium.remote.http.W3CHttpResponseCodec.decode(W3CHttpResponseCodec.java:49)
at org.openqa.selenium.remote.HttpCommandExecutor.execute(HttpCommandExecutor.java:158)
at io.appium.java_client.remote.AppiumCommandExecutor.execute(AppiumCommandExecutor.java:231)
at org.openqa.selenium.remote.RemoteWebDriver.execute(RemoteWebDriver.java:548)
at io.appium.java_client.DefaultGenericMobileDriver.execute(DefaultGenericMobileDriver.java:42)
at io.appium.java_client.AppiumDriver.execute(AppiumDriver.java:1)
at io.appium.java_client.android.AndroidDriver.execute(AndroidDriver.java:1)
at org.openqa.selenium.remote.RemoteWebDriver.findElement(RemoteWebDriver.java:322)
at io.appium.java_client.DefaultGenericMobileDriver.findElement(DefaultGenericMobileDriver.java:62)
at io.appium.java_client.AppiumDriver.findElement(AppiumDriver.java:1)
at io.appium.java_client.android.AndroidDriver.findElement(AndroidDriver.java:1)
at org.openqa.selenium.remote.RemoteWebDriver.findElementByXPath(RemoteWebDriver.java:424)
at io.appium.java_client.DefaultGenericMobileDriver.findElementByXPath(DefaultGenericMobileDriver.java:152)
at io.appium.java_client.AppiumDriver.findElementByXPath(AppiumDriver.java:1)
at io.appium.java_client.android.AndroidDriver.findElementByXPath(AndroidDriver.java:1)
at org.openqa.selenium.By$ByXPath.findElement(By.java:353)
at org.openqa.selenium.remote.RemoteWebDriver.findElement(RemoteWebDriver.java:314)
at io.appium.java_client.DefaultGenericMobileDriver.findElement(DefaultGenericMobileDriver.java:58)
at io.appium.java_client.AppiumDriver.findElement(AppiumDriver.java:1)
at io.appium.java_client.android.AndroidDriver.findElement(AndroidDriver.java:1)
at com.ey.test3po.pages.EducationGoalInvSuggestionsPage.getPageContentAfterClick(EducationGoalInvSuggestionsPage.java:86)
at com.ey.test3po.pages.EducationGoalInvSuggestionsPage.setMonthlyContribution(EducationGoalInvSuggestionsPage.java:75)
at com.ey.test3po.userjourney.EducationGoalUserSignUpJourneyLessThan55Test.educationGoalLessThan55(EducationGoalUserSignUpJourneyLessThan55Test.java:113)
at sun.reflect.NativeMethodAccessorImpl.invoke0(Native Method)
at sun.reflect.NativeMethodAccessorImpl.invoke(NativeMethodAccessorImpl.java:62)
at sun.reflect.DelegatingMethodAccessorImpl.invoke(DelegatingMethodAccessorImpl.java:43)
at java.lang.reflect.Method.invoke(Method.java:498)
at org.testng.internal.MethodInvocationHelper.invokeMethod(MethodInvocationHelper.java:124)
at org.testng.internal.Invoker.invokeMethod(Invoker.java:580)
at org.testng.internal.Invoker.invokeTestMethod(Invoker.java:716)
at org.testng.internal.Invoker.invokeTestMethods(Invoker.java:988)
at org.testng.internal.TestMethodWorker.invokeTestMethods(TestMethodWorker.java:125)
at org.testng.internal.TestMethodWorker.run(TestMethodWorker.java:109)
at org.testng.TestRunner.privateRun(TestRunner.java:648)
at org.testng.TestRunner.run(TestRunner.java:505)
at org.testng.SuiteRunner.runTest(SuiteRunner.java:455)
at org.testng.SuiteRunner.runSequentially(SuiteRunner.java:450)
at org.testng.SuiteRunner.privateRun(SuiteRunner.java:415)
at org.testng.SuiteRunner.run(SuiteRunner.java:364)
at org.testng.SuiteRunnerWorker.runSuite(SuiteRunnerWorker.java:52)
at org.testng.SuiteRunnerWorker.run(SuiteRunnerWorker.java:84)
at org.testng.TestNG.runSuitesSequentially(TestNG.java:1208)
at org.testng.TestNG.runSuitesLocally(TestNG.java:1137)
at org.testng.TestNG.runSuites(TestNG.java:1049)
at org.testng.TestNG.run(TestNG.java:1017)
at org.testng.remote.AbstractRemoteTestNG.run(AbstractRemoteTestNG.java:114)
at org.testng.remote.RemoteTestNG.initAndRun(RemoteTestNG.java:251)
at org.testng.remote.RemoteTestNG.main(RemoteTestNG.java:77)
]]>
    </failure>
  </testcase> <!-- educationGoalLessThan55 -->
  <testcase name="educationGoalLessThan55" time="418.558" classname="com.ey.test3po.userjourney.EducationGoalUserSignUpJourneyLessThan55Test"/>
  <testcase name="educationGoalLessThan55" time="167.415" classname="com.ey.test3po.userjourney.EducationGoalUserSignUpJourneyLessThan55Test"/>
  <testcase name="educationGoalLessThan55" time="163.232" classname="com.ey.test3po.userjourney.EducationGoalUserSignUpJourneyLessThan55Test"/>
</testsuite> <!-- Default test -->
