<?xml version="1.0" encoding="UTF-8"?>
<!-- Generated by org.testng.reporters.JUnitXMLReporter -->
<testsuite hostname="IN2070121W2" ignored="0" name="EducationGoalUserSignUpJourneyMoreThan55Test" tests="32" failures="1" timestamp="07 Sep 2018 03:38:51 GMT" time="1985.208" errors="0">
  <testcase name="@BeforeMethod setUp" time="37.149" classname="com.ey.test3po.userjourney.EducationGoalUserSignUpJourneyMoreThan55Test">
    <failure type="org.openqa.selenium.NoSuchElementException" message="An element could not be located on the page using the given search parameters.
For documentation on this error, please visit: http://seleniumhq.org/exceptions/no_such_element.html
Build info: version: &amp;apos;3.13.0&amp;apos;, revision: &amp;apos;2f0d292&amp;apos;, time: &amp;apos;2018-06-25T15:24:21.231Z&amp;apos;
System info: host: &amp;apos;IN2070121W2&amp;apos;, ip: &amp;apos;10.180.126.175&amp;apos;, os.name: &amp;apos;Windows 10&amp;apos;, os.arch: &amp;apos;amd64&amp;apos;, os.version: &amp;apos;10.0&amp;apos;, java.version: &amp;apos;1.8.0_171&amp;apos;
Driver info: io.appium.java_client.android.AndroidDriver
Capabilities {appActivity: com.eygsskpoc.ey3po.activit..., appPackage: com.eygsskpoc.ey3po, databaseEnabled: false, desired: {appActivity: com.eygsskpoc.ey3po.activit..., appPackage: com.eygsskpoc.ey3po, deviceName: 92010457a0ce2315, noReset: true, platformName: android, resetKeyboard: true, unicodeKeyboard: true, version: 5.1.1}, deviceManufacturer: samsung, deviceModel: SM-J200G, deviceName: 92010457a0ce2315, deviceScreenSize: 540x960, deviceUDID: 92010457a0ce2315, javascriptEnabled: true, locationContextEnabled: false, networkConnectionEnabled: true, noReset: true, platform: LINUX, platformName: Android, platformVersion: 5.1.1, resetKeyboard: true, takesScreenshot: true, unicodeKeyboard: true, version: 5.1.1, warnings: {}, webStorageEnabled: false}
Session ID: dd1e7989-66b7-46fb-b782-704df1bd7aef
*** Element info: {Using=xpath, value=//android.widget.Button[@text=&amp;apos;Get Started&amp;apos;]}">
      <![CDATA[org.openqa.selenium.NoSuchElementException: An element could not be located on the page using the given search parameters.
For documentation on this error, please visit: http://seleniumhq.org/exceptions/no_such_element.html
Build info: version: '3.13.0', revision: '2f0d292', time: '2018-06-25T15:24:21.231Z'
System info: host: 'IN2070121W2', ip: '10.180.126.175', os.name: 'Windows 10', os.arch: 'amd64', os.version: '10.0', java.version: '1.8.0_171'
Driver info: io.appium.java_client.android.AndroidDriver
Capabilities {appActivity: com.eygsskpoc.ey3po.activit..., appPackage: com.eygsskpoc.ey3po, databaseEnabled: false, desired: {appActivity: com.eygsskpoc.ey3po.activit..., appPackage: com.eygsskpoc.ey3po, deviceName: 92010457a0ce2315, noReset: true, platformName: android, resetKeyboard: true, unicodeKeyboard: true, version: 5.1.1}, deviceManufacturer: samsung, deviceModel: SM-J200G, deviceName: 92010457a0ce2315, deviceScreenSize: 540x960, deviceUDID: 92010457a0ce2315, javascriptEnabled: true, locationContextEnabled: false, networkConnectionEnabled: true, noReset: true, platform: LINUX, platformName: Android, platformVersion: 5.1.1, resetKeyboard: true, takesScreenshot: true, unicodeKeyboard: true, version: 5.1.1, warnings: {}, webStorageEnabled: false}
Session ID: dd1e7989-66b7-46fb-b782-704df1bd7aef
*** Element info: {Using=xpath, value=//android.widget.Button[@text='Get Started']}
at org.openqa.selenium.remote.http.W3CHttpResponseCodec.createException(W3CHttpResponseCodec.java:187)
at org.openqa.selenium.remote.http.W3CHttpResponseCodec.decode(W3CHttpResponseCodec.java:122)
at org.openqa.selenium.remote.http.W3CHttpResponseCodec.decode(W3CHttpResponseCodec.java:49)
at org.openqa.selenium.remote.HttpCommandExecutor.execute(HttpCommandExecutor.java:158)
at io.appium.java_client.remote.AppiumCommandExecutor.execute(AppiumCommandExecutor.java:231)
at org.openqa.selenium.remote.RemoteWebDriver.execute(RemoteWebDriver.java:548)
at io.appium.java_client.DefaultGenericMobileDriver.execute(DefaultGenericMobileDriver.java:42)
at io.appium.java_client.AppiumDriver.execute(AppiumDriver.java:1)
at io.appium.java_client.android.AndroidDriver.execute(AndroidDriver.java:1)
at org.openqa.selenium.remote.RemoteWebDriver.findElement(RemoteWebDriver.java:322)
at io.appium.java_client.DefaultGenericMobileDriver.findElement(DefaultGenericMobileDriver.java:62)
at io.appium.java_client.AppiumDriver.findElement(AppiumDriver.java:1)
at io.appium.java_client.android.AndroidDriver.findElement(AndroidDriver.java:1)
at org.openqa.selenium.remote.RemoteWebDriver.findElementByXPath(RemoteWebDriver.java:424)
at io.appium.java_client.DefaultGenericMobileDriver.findElementByXPath(DefaultGenericMobileDriver.java:152)
at io.appium.java_client.AppiumDriver.findElementByXPath(AppiumDriver.java:1)
at io.appium.java_client.android.AndroidDriver.findElementByXPath(AndroidDriver.java:1)
at org.openqa.selenium.By$ByXPath.findElement(By.java:353)
at org.openqa.selenium.remote.RemoteWebDriver.findElement(RemoteWebDriver.java:314)
at io.appium.java_client.DefaultGenericMobileDriver.findElement(DefaultGenericMobileDriver.java:58)
at io.appium.java_client.AppiumDriver.findElement(AppiumDriver.java:1)
at io.appium.java_client.android.AndroidDriver.findElement(AndroidDriver.java:1)
at com.ey.test3po.pages.WelcomePage.getStartedButtonClcik(WelcomePage.java:110)
at com.ey.test3po.userjourney.EducationGoalUserSignUpJourneyMoreThan55Test.setUp(EducationGoalUserSignUpJourneyMoreThan55Test.java:57)
... Removed 32 stack frames]]>
    </failure>
  </testcase> <!-- @BeforeMethod setUp -->
  <testcase name="@AfterMethod tearDown" time="0.0" classname="com.ey.test3po.userjourney.EducationGoalUserSignUpJourneyMoreThan55Test">
    <skipped/>
  </testcase> <!-- @AfterMethod tearDown -->
  <testcase name="@BeforeMethod setUp" time="0.0" classname="com.ey.test3po.userjourney.EducationGoalUserSignUpJourneyMoreThan55Test">
    <skipped/>
  </testcase> <!-- @BeforeMethod setUp -->
  <testcase name="@AfterMethod tearDown" time="0.0" classname="com.ey.test3po.userjourney.EducationGoalUserSignUpJourneyMoreThan55Test">
    <skipped/>
  </testcase> <!-- @AfterMethod tearDown -->
  <testcase name="@BeforeMethod setUp" time="0.0" classname="com.ey.test3po.userjourney.EducationGoalUserSignUpJourneyMoreThan55Test">
    <skipped/>
  </testcase> <!-- @BeforeMethod setUp -->
  <testcase name="@AfterMethod tearDown" time="0.0" classname="com.ey.test3po.userjourney.EducationGoalUserSignUpJourneyMoreThan55Test">
    <skipped/>
  </testcase> <!-- @AfterMethod tearDown -->
  <testcase name="@BeforeMethod setUp" time="0.0" classname="com.ey.test3po.userjourney.EducationGoalUserSignUpJourneyMoreThan55Test">
    <skipped/>
  </testcase> <!-- @BeforeMethod setUp -->
  <testcase name="@AfterMethod tearDown" time="0.0" classname="com.ey.test3po.userjourney.EducationGoalUserSignUpJourneyMoreThan55Test">
    <skipped/>
  </testcase> <!-- @AfterMethod tearDown -->
  <testcase name="@BeforeMethod setUp" time="0.0" classname="com.ey.test3po.userjourney.EducationGoalUserSignUpJourneyMoreThan55Test">
    <skipped/>
  </testcase> <!-- @BeforeMethod setUp -->
  <testcase name="@AfterMethod tearDown" time="0.0" classname="com.ey.test3po.userjourney.EducationGoalUserSignUpJourneyMoreThan55Test">
    <skipped/>
  </testcase> <!-- @AfterMethod tearDown -->
  <testcase name="@BeforeMethod setUp" time="0.0" classname="com.ey.test3po.userjourney.EducationGoalUserSignUpJourneyMoreThan55Test">
    <skipped/>
  </testcase> <!-- @BeforeMethod setUp -->
  <testcase name="@AfterMethod tearDown" time="0.0" classname="com.ey.test3po.userjourney.EducationGoalUserSignUpJourneyMoreThan55Test">
    <skipped/>
  </testcase> <!-- @AfterMethod tearDown -->
  <testcase name="@BeforeMethod setUp" time="0.0" classname="com.ey.test3po.userjourney.EducationGoalUserSignUpJourneyMoreThan55Test">
    <skipped/>
  </testcase> <!-- @BeforeMethod setUp -->
  <testcase name="@AfterMethod tearDown" time="0.0" classname="com.ey.test3po.userjourney.EducationGoalUserSignUpJourneyMoreThan55Test">
    <skipped/>
  </testcase> <!-- @AfterMethod tearDown -->
  <testcase name="@BeforeMethod setUp" time="0.0" classname="com.ey.test3po.userjourney.EducationGoalUserSignUpJourneyMoreThan55Test">
    <skipped/>
  </testcase> <!-- @BeforeMethod setUp -->
  <testcase name="@AfterMethod tearDown" time="0.0" classname="com.ey.test3po.userjourney.EducationGoalUserSignUpJourneyMoreThan55Test">
    <skipped/>
  </testcase> <!-- @AfterMethod tearDown -->
  <testcase name="@BeforeMethod setUp" time="0.0" classname="com.ey.test3po.userjourney.EducationGoalUserSignUpJourneyMoreThan55Test">
    <skipped/>
  </testcase> <!-- @BeforeMethod setUp -->
  <testcase name="@AfterMethod tearDown" time="0.0" classname="com.ey.test3po.userjourney.EducationGoalUserSignUpJourneyMoreThan55Test">
    <skipped/>
  </testcase> <!-- @AfterMethod tearDown -->
  <testcase name="@BeforeMethod setUp" time="0.0" classname="com.ey.test3po.userjourney.EducationGoalUserSignUpJourneyMoreThan55Test">
    <skipped/>
  </testcase> <!-- @BeforeMethod setUp -->
  <testcase name="@AfterMethod tearDown" time="0.0" classname="com.ey.test3po.userjourney.EducationGoalUserSignUpJourneyMoreThan55Test">
    <skipped/>
  </testcase> <!-- @AfterMethod tearDown -->
  <testcase name="@BeforeMethod setUp" time="0.0" classname="com.ey.test3po.userjourney.EducationGoalUserSignUpJourneyMoreThan55Test">
    <skipped/>
  </testcase> <!-- @BeforeMethod setUp -->
  <testcase name="@AfterMethod tearDown" time="0.0" classname="com.ey.test3po.userjourney.EducationGoalUserSignUpJourneyMoreThan55Test">
    <skipped/>
  </testcase> <!-- @AfterMethod tearDown -->
  <testcase name="@BeforeMethod setUp" time="0.0" classname="com.ey.test3po.userjourney.EducationGoalUserSignUpJourneyMoreThan55Test">
    <skipped/>
  </testcase> <!-- @BeforeMethod setUp -->
  <testcase name="@AfterMethod tearDown" time="0.0" classname="com.ey.test3po.userjourney.EducationGoalUserSignUpJourneyMoreThan55Test">
    <skipped/>
  </testcase> <!-- @AfterMethod tearDown -->
  <testcase name="@BeforeMethod setUp" time="0.0" classname="com.ey.test3po.userjourney.EducationGoalUserSignUpJourneyMoreThan55Test">
    <skipped/>
  </testcase> <!-- @BeforeMethod setUp -->
  <testcase name="@AfterMethod tearDown" time="0.0" classname="com.ey.test3po.userjourney.EducationGoalUserSignUpJourneyMoreThan55Test">
    <skipped/>
  </testcase> <!-- @AfterMethod tearDown -->
  <testcase name="@BeforeMethod setUp" time="0.0" classname="com.ey.test3po.userjourney.EducationGoalUserSignUpJourneyMoreThan55Test">
    <skipped/>
  </testcase> <!-- @BeforeMethod setUp -->
  <testcase name="@AfterMethod tearDown" time="0.0" classname="com.ey.test3po.userjourney.EducationGoalUserSignUpJourneyMoreThan55Test">
    <skipped/>
  </testcase> <!-- @AfterMethod tearDown -->
  <testcase name="@BeforeMethod setUp" time="0.0" classname="com.ey.test3po.userjourney.EducationGoalUserSignUpJourneyMoreThan55Test">
    <skipped/>
  </testcase> <!-- @BeforeMethod setUp -->
  <testcase name="@AfterMethod tearDown" time="0.0" classname="com.ey.test3po.userjourney.EducationGoalUserSignUpJourneyMoreThan55Test">
    <skipped/>
  </testcase> <!-- @AfterMethod tearDown -->
  <testcase name="@BeforeMethod setUp" time="0.0" classname="com.ey.test3po.userjourney.EducationGoalUserSignUpJourneyMoreThan55Test">
    <skipped/>
  </testcase> <!-- @BeforeMethod setUp -->
  <testcase name="@AfterMethod tearDown" time="0.0" classname="com.ey.test3po.userjourney.EducationGoalUserSignUpJourneyMoreThan55Test">
    <skipped/>
  </testcase> <!-- @AfterMethod tearDown -->
  <testcase name="@BeforeMethod setUp" time="0.0" classname="com.ey.test3po.userjourney.EducationGoalUserSignUpJourneyMoreThan55Test">
    <skipped/>
  </testcase> <!-- @BeforeMethod setUp -->
  <testcase name="@AfterMethod tearDown" time="0.0" classname="com.ey.test3po.userjourney.EducationGoalUserSignUpJourneyMoreThan55Test">
    <skipped/>
  </testcase> <!-- @AfterMethod tearDown -->
  <testcase name="@BeforeMethod setUp" time="0.0" classname="com.ey.test3po.userjourney.EducationGoalUserSignUpJourneyMoreThan55Test">
    <skipped/>
  </testcase> <!-- @BeforeMethod setUp -->
  <testcase name="@AfterMethod tearDown" time="0.0" classname="com.ey.test3po.userjourney.EducationGoalUserSignUpJourneyMoreThan55Test">
    <skipped/>
  </testcase> <!-- @AfterMethod tearDown -->
  <testcase name="@BeforeMethod setUp" time="0.0" classname="com.ey.test3po.userjourney.EducationGoalUserSignUpJourneyMoreThan55Test">
    <skipped/>
  </testcase> <!-- @BeforeMethod setUp -->
  <testcase name="@AfterMethod tearDown" time="0.0" classname="com.ey.test3po.userjourney.EducationGoalUserSignUpJourneyMoreThan55Test">
    <skipped/>
  </testcase> <!-- @AfterMethod tearDown -->
  <testcase name="@BeforeMethod setUp" time="0.0" classname="com.ey.test3po.userjourney.EducationGoalUserSignUpJourneyMoreThan55Test">
    <skipped/>
  </testcase> <!-- @BeforeMethod setUp -->
  <testcase name="@AfterMethod tearDown" time="0.0" classname="com.ey.test3po.userjourney.EducationGoalUserSignUpJourneyMoreThan55Test">
    <skipped/>
  </testcase> <!-- @AfterMethod tearDown -->
  <testcase name="@BeforeMethod setUp" time="0.0" classname="com.ey.test3po.userjourney.EducationGoalUserSignUpJourneyMoreThan55Test">
    <skipped/>
  </testcase> <!-- @BeforeMethod setUp -->
  <testcase name="@AfterMethod tearDown" time="0.0" classname="com.ey.test3po.userjourney.EducationGoalUserSignUpJourneyMoreThan55Test">
    <skipped/>
  </testcase> <!-- @AfterMethod tearDown -->
  <testcase name="@BeforeMethod setUp" time="0.0" classname="com.ey.test3po.userjourney.EducationGoalUserSignUpJourneyMoreThan55Test">
    <skipped/>
  </testcase> <!-- @BeforeMethod setUp -->
  <testcase name="@AfterMethod tearDown" time="0.0" classname="com.ey.test3po.userjourney.EducationGoalUserSignUpJourneyMoreThan55Test">
    <skipped/>
  </testcase> <!-- @AfterMethod tearDown -->
  <testcase name="@BeforeMethod setUp" time="0.0" classname="com.ey.test3po.userjourney.EducationGoalUserSignUpJourneyMoreThan55Test">
    <skipped/>
  </testcase> <!-- @BeforeMethod setUp -->
  <testcase name="@AfterMethod tearDown" time="0.0" classname="com.ey.test3po.userjourney.EducationGoalUserSignUpJourneyMoreThan55Test">
    <skipped/>
  </testcase> <!-- @AfterMethod tearDown -->
  <testcase name="@BeforeMethod setUp" time="0.0" classname="com.ey.test3po.userjourney.EducationGoalUserSignUpJourneyMoreThan55Test">
    <skipped/>
  </testcase> <!-- @BeforeMethod setUp -->
  <testcase name="@AfterMethod tearDown" time="0.0" classname="com.ey.test3po.userjourney.EducationGoalUserSignUpJourneyMoreThan55Test">
    <skipped/>
  </testcase> <!-- @AfterMethod tearDown -->
  <testcase name="@BeforeMethod setUp" time="0.0" classname="com.ey.test3po.userjourney.EducationGoalUserSignUpJourneyMoreThan55Test">
    <skipped/>
  </testcase> <!-- @BeforeMethod setUp -->
  <testcase name="@AfterMethod tearDown" time="0.0" classname="com.ey.test3po.userjourney.EducationGoalUserSignUpJourneyMoreThan55Test">
    <skipped/>
  </testcase> <!-- @AfterMethod tearDown -->
  <testcase name="@BeforeMethod setUp" time="0.0" classname="com.ey.test3po.userjourney.EducationGoalUserSignUpJourneyMoreThan55Test">
    <skipped/>
  </testcase> <!-- @BeforeMethod setUp -->
  <testcase name="@AfterMethod tearDown" time="0.0" classname="com.ey.test3po.userjourney.EducationGoalUserSignUpJourneyMoreThan55Test">
    <skipped/>
  </testcase> <!-- @AfterMethod tearDown -->
  <testcase name="educationGoalMoreThan55" time="259.964" classname="com.ey.test3po.userjourney.EducationGoalUserSignUpJourneyMoreThan55Test">
    <skipped/>
  </testcase> <!-- educationGoalMoreThan55 -->
  <testcase name="educationGoalMoreThan55" time="164.402" classname="com.ey.test3po.userjourney.EducationGoalUserSignUpJourneyMoreThan55Test">
    <failure type="java.lang.AssertionError" message="Suggested current asset mismatch expected [26,370] but found [26,230]">
      <![CDATA[java.lang.AssertionError: Suggested current asset mismatch expected [26,370] but found [26,230]
at com.ey.test3po.userjourney.EducationGoalUserSignUpJourneyMoreThan55Test.educationGoalMoreThan55(EducationGoalUserSignUpJourneyMoreThan55Test.java:112)
... Removed 29 stack frames]]>
    </failure>
  </testcase> <!-- educationGoalMoreThan55 -->
  <testcase name="educationGoalMoreThan55" time="302.649" classname="com.ey.test3po.userjourney.EducationGoalUserSignUpJourneyMoreThan55Test"/>
  <testcase name="educationGoalMoreThan55" time="334.975" classname="com.ey.test3po.userjourney.EducationGoalUserSignUpJourneyMoreThan55Test"/>
  <testcase name="educationGoalMoreThan55" time="438.337" classname="com.ey.test3po.userjourney.EducationGoalUserSignUpJourneyMoreThan55Test"/>
  <testcase name="educationGoalMoreThan55" time="210.19" classname="com.ey.test3po.userjourney.EducationGoalUserSignUpJourneyMoreThan55Test"/>
  <testcase name="educationGoalMoreThan55" time="0.0" classname="com.ey.test3po.userjourney.EducationGoalUserSignUpJourneyMoreThan55Test">
    <skipped/>
  </testcase> <!-- educationGoalMoreThan55 -->
  <testcase name="educationGoalMoreThan55" time="0.0" classname="com.ey.test3po.userjourney.EducationGoalUserSignUpJourneyMoreThan55Test">
    <skipped/>
  </testcase> <!-- educationGoalMoreThan55 -->
  <testcase name="educationGoalMoreThan55" time="0.0" classname="com.ey.test3po.userjourney.EducationGoalUserSignUpJourneyMoreThan55Test">
    <skipped/>
  </testcase> <!-- educationGoalMoreThan55 -->
  <testcase name="educationGoalMoreThan55" time="0.0" classname="com.ey.test3po.userjourney.EducationGoalUserSignUpJourneyMoreThan55Test">
    <skipped/>
  </testcase> <!-- educationGoalMoreThan55 -->
  <testcase name="educationGoalMoreThan55" time="0.0" classname="com.ey.test3po.userjourney.EducationGoalUserSignUpJourneyMoreThan55Test">
    <skipped/>
  </testcase> <!-- educationGoalMoreThan55 -->
  <testcase name="educationGoalMoreThan55" time="0.0" classname="com.ey.test3po.userjourney.EducationGoalUserSignUpJourneyMoreThan55Test">
    <skipped/>
  </testcase> <!-- educationGoalMoreThan55 -->
  <testcase name="educationGoalMoreThan55" time="0.0" classname="com.ey.test3po.userjourney.EducationGoalUserSignUpJourneyMoreThan55Test">
    <skipped/>
  </testcase> <!-- educationGoalMoreThan55 -->
  <testcase name="educationGoalMoreThan55" time="0.0" classname="com.ey.test3po.userjourney.EducationGoalUserSignUpJourneyMoreThan55Test">
    <skipped/>
  </testcase> <!-- educationGoalMoreThan55 -->
  <testcase name="educationGoalMoreThan55" time="0.0" classname="com.ey.test3po.userjourney.EducationGoalUserSignUpJourneyMoreThan55Test">
    <skipped/>
  </testcase> <!-- educationGoalMoreThan55 -->
  <testcase name="educationGoalMoreThan55" time="0.0" classname="com.ey.test3po.userjourney.EducationGoalUserSignUpJourneyMoreThan55Test">
    <skipped/>
  </testcase> <!-- educationGoalMoreThan55 -->
  <testcase name="educationGoalMoreThan55" time="0.0" classname="com.ey.test3po.userjourney.EducationGoalUserSignUpJourneyMoreThan55Test">
    <skipped/>
  </testcase> <!-- educationGoalMoreThan55 -->
  <testcase name="educationGoalMoreThan55" time="0.0" classname="com.ey.test3po.userjourney.EducationGoalUserSignUpJourneyMoreThan55Test">
    <skipped/>
  </testcase> <!-- educationGoalMoreThan55 -->
  <testcase name="educationGoalMoreThan55" time="0.0" classname="com.ey.test3po.userjourney.EducationGoalUserSignUpJourneyMoreThan55Test">
    <skipped/>
  </testcase> <!-- educationGoalMoreThan55 -->
  <testcase name="educationGoalMoreThan55" time="0.0" classname="com.ey.test3po.userjourney.EducationGoalUserSignUpJourneyMoreThan55Test">
    <skipped/>
  </testcase> <!-- educationGoalMoreThan55 -->
  <testcase name="educationGoalMoreThan55" time="0.0" classname="com.ey.test3po.userjourney.EducationGoalUserSignUpJourneyMoreThan55Test">
    <skipped/>
  </testcase> <!-- educationGoalMoreThan55 -->
  <testcase name="educationGoalMoreThan55" time="0.0" classname="com.ey.test3po.userjourney.EducationGoalUserSignUpJourneyMoreThan55Test">
    <skipped/>
  </testcase> <!-- educationGoalMoreThan55 -->
  <testcase name="educationGoalMoreThan55" time="0.0" classname="com.ey.test3po.userjourney.EducationGoalUserSignUpJourneyMoreThan55Test">
    <skipped/>
  </testcase> <!-- educationGoalMoreThan55 -->
  <testcase name="educationGoalMoreThan55" time="0.0" classname="com.ey.test3po.userjourney.EducationGoalUserSignUpJourneyMoreThan55Test">
    <skipped/>
  </testcase> <!-- educationGoalMoreThan55 -->
  <testcase name="educationGoalMoreThan55" time="0.0" classname="com.ey.test3po.userjourney.EducationGoalUserSignUpJourneyMoreThan55Test">
    <skipped/>
  </testcase> <!-- educationGoalMoreThan55 -->
  <testcase name="educationGoalMoreThan55" time="0.0" classname="com.ey.test3po.userjourney.EducationGoalUserSignUpJourneyMoreThan55Test">
    <skipped/>
  </testcase> <!-- educationGoalMoreThan55 -->
  <testcase name="educationGoalMoreThan55" time="0.0" classname="com.ey.test3po.userjourney.EducationGoalUserSignUpJourneyMoreThan55Test">
    <skipped/>
  </testcase> <!-- educationGoalMoreThan55 -->
  <testcase name="educationGoalMoreThan55" time="0.0" classname="com.ey.test3po.userjourney.EducationGoalUserSignUpJourneyMoreThan55Test">
    <skipped/>
  </testcase> <!-- educationGoalMoreThan55 -->
  <testcase name="educationGoalMoreThan55" time="0.0" classname="com.ey.test3po.userjourney.EducationGoalUserSignUpJourneyMoreThan55Test">
    <skipped/>
  </testcase> <!-- educationGoalMoreThan55 -->
  <testcase name="educationGoalMoreThan55" time="0.0" classname="com.ey.test3po.userjourney.EducationGoalUserSignUpJourneyMoreThan55Test">
    <skipped/>
  </testcase> <!-- educationGoalMoreThan55 -->
  <testcase name="educationGoalMoreThan55" time="0.0" classname="com.ey.test3po.userjourney.EducationGoalUserSignUpJourneyMoreThan55Test">
    <skipped/>
  </testcase> <!-- educationGoalMoreThan55 -->
  <testcase name="educationGoalMoreThan55" time="0.0" classname="com.ey.test3po.userjourney.EducationGoalUserSignUpJourneyMoreThan55Test">
    <skipped/>
  </testcase> <!-- educationGoalMoreThan55 -->
</testsuite> <!-- EducationGoalUserSignUpJourneyMoreThan55Test -->
