<html>
<head>
<title>TestNG:  EducationGoalUserSignUpJourneyMoreThan55Test</title>
<link href="../testng.css" rel="stylesheet" type="text/css" />
<link href="../my-testng.css" rel="stylesheet" type="text/css" />

<style type="text/css">
.log { display: none;} 
.stack-trace { display: none;} 
</style>
<script type="text/javascript">
<!--
function flip(e) {
  current = e.style.display;
  if (current == 'block') {
    e.style.display = 'none';
    return 0;
  }
  else {
    e.style.display = 'block';
    return 1;
  }
}

function toggleBox(szDivId, elem, msg1, msg2)
{
  var res = -1;  if (document.getElementById) {
    res = flip(document.getElementById(szDivId));
  }
  else if (document.all) {
    // this is the way old msie versions work
    res = flip(document.all[szDivId]);
  }
  if(elem) {
    if(res == 0) elem.innerHTML = msg1; else elem.innerHTML = msg2;
  }

}

function toggleAllBoxes() {
  if (document.getElementsByTagName) {
    d = document.getElementsByTagName('div');
    for (i = 0; i < d.length; i++) {
      if (d[i].className == 'log') {
        flip(d[i]);
      }
    }
  }
}

// -->
</script>

</head>
<body>
<h2 align='center'>EducationGoalUserSignUpJourneyMoreThan55Test</h2><table border='1' align="center">
<tr>
<td>Tests passed/Failed/Skipped:</td><td>4/1/0</td>
</tr><tr>
<td>Started on:</td><td>Sat Aug 18 15:37:57 IST 2018</td>
</tr>
<tr><td>Total time:</td><td>1687 seconds (1687208 ms)</td>
</tr><tr>
<td>Included groups:</td><td></td>
</tr><tr>
<td>Excluded groups:</td><td></td>
</tr>
</table><p/>
<small><i>(Hover the method name to see the test class name)</i></small><p/>
<table width='100%' border='1' class='invocation-failed'>
<tr><td colspan='4' align='center'><b>FAILED TESTS</b></td></tr>
<tr><td><b>Test method</b></td>
<td width="30%"><b>Exception</b></td>
<td width="10%"><b>Time (seconds)</b></td>
<td><b>Instance</b></td>
</tr>
<tr>
<td title='com.ey.test3po.userjourney.EducationGoalUserSignUpJourneyMoreThan55Test.educationGoalMoreThan55()'><b>educationGoalMoreThan55</b><br>Test class: com.ey.test3po.userjourney.EducationGoalUserSignUpJourneyMoreThan55Test<br>Parameters: 1000000, 33150, 60, Education 4, 2019, Test3, 62858, 5, It's not important that I achieve this goal, 293292, , Test, test@test.com, 123.0, 123.0, 293252, 62867, , 62859, TC_15<br/>
<a href="#Output-113938846" onClick='toggleBox("Output-113938846", this, "Show output", "Hide output");'>Show output</a>

<a href="#Output-113938846" onClick="toggleAllBoxes();">Show all outputs</a>
<div class='log' id="Output-113938846">
<img src="file://C:\Back Up\Project Work\Learning Stuffs\Eclipse Oxygen\3PO\screenshots\educationGoalMoreThan55_1534588554573.png" alt=""/><br/>
<img src="file://C:\Back Up\Project Work\Learning Stuffs\Eclipse Oxygen\3PO\screenshots\educationGoalMoreThan55_1534588559712.png" alt=""/><br/>
</div>
</td>
<td><div><pre>java.lang.AssertionError: The following asserts failed:
	Suggested affordability mismacth in annual spending page in suggested text expected [62,867] but found [62,859],
	Suggested affordability mismacth in annual spending page in label legand expected [62,867] but found [62,859]
	at com.ey.test3po.userjourney.EducationGoalUserSignUpJourneyMoreThan55Test.educationGoalMoreThan55(EducationGoalUserSignUpJourneyMoreThan55Test.java:166)
... Removed 26 stack frames</pre></div><a href='#' onClick='toggleBox("stack-trace113938846", this, "Click to show all stack frames", "Click to hide stack frames")'>Click to show all stack frames</a>
<div class='stack-trace' id='stack-trace113938846'><pre>java.lang.AssertionError: The following asserts failed:
	Suggested affordability mismacth in annual spending page in suggested text expected [62,867] but found [62,859],
	Suggested affordability mismacth in annual spending page in label legand expected [62,867] but found [62,859]
	at org.testng.asserts.SoftAssert.assertAll(SoftAssert.java:43)
	at com.ey.test3po.userjourney.EducationGoalUserSignUpJourneyMoreThan55Test.educationGoalMoreThan55(EducationGoalUserSignUpJourneyMoreThan55Test.java:166)
	at sun.reflect.NativeMethodAccessorImpl.invoke0(Native Method)
	at sun.reflect.NativeMethodAccessorImpl.invoke(NativeMethodAccessorImpl.java:62)
	at sun.reflect.DelegatingMethodAccessorImpl.invoke(DelegatingMethodAccessorImpl.java:43)
	at java.lang.reflect.Method.invoke(Method.java:498)
	at org.testng.internal.MethodInvocationHelper.invokeMethod(MethodInvocationHelper.java:124)
	at org.testng.internal.Invoker.invokeMethod(Invoker.java:580)
	at org.testng.internal.Invoker.invokeTestMethod(Invoker.java:716)
	at org.testng.internal.Invoker.invokeTestMethods(Invoker.java:988)
	at org.testng.internal.TestMethodWorker.invokeTestMethods(TestMethodWorker.java:125)
	at org.testng.internal.TestMethodWorker.run(TestMethodWorker.java:109)
	at org.testng.TestRunner.privateRun(TestRunner.java:648)
	at org.testng.TestRunner.run(TestRunner.java:505)
	at org.testng.SuiteRunner.runTest(SuiteRunner.java:455)
	at org.testng.SuiteRunner.runSequentially(SuiteRunner.java:450)
	at org.testng.SuiteRunner.privateRun(SuiteRunner.java:415)
	at org.testng.SuiteRunner.run(SuiteRunner.java:364)
	at org.testng.SuiteRunnerWorker.runSuite(SuiteRunnerWorker.java:52)
	at org.testng.SuiteRunnerWorker.run(SuiteRunnerWorker.java:84)
	at org.testng.TestNG.runSuitesSequentially(TestNG.java:1208)
	at org.testng.TestNG.runSuitesLocally(TestNG.java:1137)
	at org.testng.TestNG.runSuites(TestNG.java:1049)
	at org.testng.TestNG.run(TestNG.java:1017)
	at org.testng.remote.AbstractRemoteTestNG.run(AbstractRemoteTestNG.java:114)
	at org.testng.remote.RemoteTestNG.initAndRun(RemoteTestNG.java:251)
	at org.testng.remote.RemoteTestNG.main(RemoteTestNG.java:77)
</pre></div></td>
<td>229</td>
<td>com.ey.test3po.userjourney.EducationGoalUserSignUpJourneyMoreThan55Test@33f88ab</td></tr>
</table><p>
<table width='100%' border='1' class='invocation-passed'>
<tr><td colspan='4' align='center'><b>PASSED TESTS</b></td></tr>
<tr><td><b>Test method</b></td>
<td width="30%"><b>Exception</b></td>
<td width="10%"><b>Time (seconds)</b></td>
<td><b>Instance</b></td>
</tr>
<tr>
<td title='com.ey.test3po.userjourney.EducationGoalUserSignUpJourneyMoreThan55Test.educationGoalMoreThan55()'><b>educationGoalMoreThan55</b><br>Test class: com.ey.test3po.userjourney.EducationGoalUserSignUpJourneyMoreThan55Test<br>Parameters: 1000000, 33150, 60, Education 4, 2019, Test3, 62858, 5, It's extremely important that I achieve this goal, 25000, 10000, Test, test@test.com, 123.0, 123.0, 336687, 4668, 25135, 27820, TC_01_16</td>
<td></td>
<td>301</td>
<td>com.ey.test3po.userjourney.EducationGoalUserSignUpJourneyMoreThan55Test@33f88ab</td></tr>
<tr>
<td title='com.ey.test3po.userjourney.EducationGoalUserSignUpJourneyMoreThan55Test.educationGoalMoreThan55()'><b>educationGoalMoreThan55</b><br>Test class: com.ey.test3po.userjourney.EducationGoalUserSignUpJourneyMoreThan55Test<br>Parameters: 1000000, 33150, 60, Education 4, 2019, Test3, 62858, 5, It's important but not critical I achieve this goal, 25000, 24191, Test, test@test.com, 123.0, 123.0, 311934, 5038, 24091, 63099, TC_05</td>
<td></td>
<td>319</td>
<td>com.ey.test3po.userjourney.EducationGoalUserSignUpJourneyMoreThan55Test@33f88ab</td></tr>
<tr>
<td title='com.ey.test3po.userjourney.EducationGoalUserSignUpJourneyMoreThan55Test.educationGoalMoreThan55()'><b>educationGoalMoreThan55</b><br>Test class: com.ey.test3po.userjourney.EducationGoalUserSignUpJourneyMoreThan55Test<br>Parameters: 1000000, 33150, 60, Education 4, 2019, Test3, 62858, 5, It's not important that I achieve this goal, 25000, 23120, Test, test@test.com, 123.0, 123.0, 293252, 5359, 23120, 62861, TC_09</td>
<td></td>
<td>217</td>
<td>com.ey.test3po.userjourney.EducationGoalUserSignUpJourneyMoreThan55Test@33f88ab</td></tr>
<tr>
<td title='com.ey.test3po.userjourney.EducationGoalUserSignUpJourneyMoreThan55Test.educationGoalMoreThan55()'><b>educationGoalMoreThan55</b><br>Test class: com.ey.test3po.userjourney.EducationGoalUserSignUpJourneyMoreThan55Test<br>Parameters: 1000000, 33150, 60, Education 4, 2019, Test3, 62858, 5, It's not important that I achieve this goal, 293252, , Test, test@test.com, 123.0, 123.0, 293252, 62859, , 62859, TC_12</td>
<td></td>
<td>430</td>
<td>com.ey.test3po.userjourney.EducationGoalUserSignUpJourneyMoreThan55Test@33f88ab</td></tr>
</table><p>
</body>
</html>