<?xml version="1.0" encoding="UTF-8"?>
<!-- Generated by org.testng.reporters.JUnitXMLReporter -->
<testsuite hostname="IN2070121W2" ignored="0" name="LargePurchaseUserSignUpJourneyLessThan55Test" tests="33" failures="0" timestamp="07 Sep 2018 12:23:35 GMT" time="6452.871" errors="0">
  <testcase name="@BeforeMethod setUp" time="37.47" classname="com.ey.test3po.userjourney.LargePurchaseUserSignUpJourneyLessThan55Test">
    <failure type="org.openqa.selenium.NoSuchElementException" message="An element could not be located on the page using the given search parameters.
For documentation on this error, please visit: http://seleniumhq.org/exceptions/no_such_element.html
Build info: version: &amp;apos;3.13.0&amp;apos;, revision: &amp;apos;2f0d292&amp;apos;, time: &amp;apos;2018-06-25T15:24:21.231Z&amp;apos;
System info: host: &amp;apos;IN2070121W2&amp;apos;, ip: &amp;apos;10.180.126.175&amp;apos;, os.name: &amp;apos;Windows 10&amp;apos;, os.arch: &amp;apos;amd64&amp;apos;, os.version: &amp;apos;10.0&amp;apos;, java.version: &amp;apos;1.8.0_171&amp;apos;
Driver info: io.appium.java_client.android.AndroidDriver
Capabilities {appActivity: com.eygsskpoc.ey3po.activit..., appPackage: com.eygsskpoc.ey3po, databaseEnabled: false, desired: {appActivity: com.eygsskpoc.ey3po.activit..., appPackage: com.eygsskpoc.ey3po, deviceName: 92010457a0ce2315, noReset: true, platformName: android, resetKeyboard: true, unicodeKeyboard: true, version: 5.1.1}, deviceManufacturer: samsung, deviceModel: SM-J200G, deviceName: 92010457a0ce2315, deviceScreenSize: 540x960, deviceUDID: 92010457a0ce2315, javascriptEnabled: true, locationContextEnabled: false, networkConnectionEnabled: true, noReset: true, platform: LINUX, platformName: Android, platformVersion: 5.1.1, resetKeyboard: true, takesScreenshot: true, unicodeKeyboard: true, version: 5.1.1, warnings: {}, webStorageEnabled: false}
Session ID: 4aaececa-ffaa-4697-af94-2748f5961bff
*** Element info: {Using=xpath, value=//android.widget.Button[@text=&amp;apos;Get Started&amp;apos;]}">
      <![CDATA[org.openqa.selenium.NoSuchElementException: An element could not be located on the page using the given search parameters.
For documentation on this error, please visit: http://seleniumhq.org/exceptions/no_such_element.html
Build info: version: '3.13.0', revision: '2f0d292', time: '2018-06-25T15:24:21.231Z'
System info: host: 'IN2070121W2', ip: '10.180.126.175', os.name: 'Windows 10', os.arch: 'amd64', os.version: '10.0', java.version: '1.8.0_171'
Driver info: io.appium.java_client.android.AndroidDriver
Capabilities {appActivity: com.eygsskpoc.ey3po.activit..., appPackage: com.eygsskpoc.ey3po, databaseEnabled: false, desired: {appActivity: com.eygsskpoc.ey3po.activit..., appPackage: com.eygsskpoc.ey3po, deviceName: 92010457a0ce2315, noReset: true, platformName: android, resetKeyboard: true, unicodeKeyboard: true, version: 5.1.1}, deviceManufacturer: samsung, deviceModel: SM-J200G, deviceName: 92010457a0ce2315, deviceScreenSize: 540x960, deviceUDID: 92010457a0ce2315, javascriptEnabled: true, locationContextEnabled: false, networkConnectionEnabled: true, noReset: true, platform: LINUX, platformName: Android, platformVersion: 5.1.1, resetKeyboard: true, takesScreenshot: true, unicodeKeyboard: true, version: 5.1.1, warnings: {}, webStorageEnabled: false}
Session ID: 4aaececa-ffaa-4697-af94-2748f5961bff
*** Element info: {Using=xpath, value=//android.widget.Button[@text='Get Started']}
at org.openqa.selenium.remote.http.W3CHttpResponseCodec.createException(W3CHttpResponseCodec.java:187)
at org.openqa.selenium.remote.http.W3CHttpResponseCodec.decode(W3CHttpResponseCodec.java:122)
at org.openqa.selenium.remote.http.W3CHttpResponseCodec.decode(W3CHttpResponseCodec.java:49)
at org.openqa.selenium.remote.HttpCommandExecutor.execute(HttpCommandExecutor.java:158)
at io.appium.java_client.remote.AppiumCommandExecutor.execute(AppiumCommandExecutor.java:231)
at org.openqa.selenium.remote.RemoteWebDriver.execute(RemoteWebDriver.java:548)
at io.appium.java_client.DefaultGenericMobileDriver.execute(DefaultGenericMobileDriver.java:42)
at io.appium.java_client.AppiumDriver.execute(AppiumDriver.java:1)
at io.appium.java_client.android.AndroidDriver.execute(AndroidDriver.java:1)
at org.openqa.selenium.remote.RemoteWebDriver.findElement(RemoteWebDriver.java:322)
at io.appium.java_client.DefaultGenericMobileDriver.findElement(DefaultGenericMobileDriver.java:62)
at io.appium.java_client.AppiumDriver.findElement(AppiumDriver.java:1)
at io.appium.java_client.android.AndroidDriver.findElement(AndroidDriver.java:1)
at org.openqa.selenium.remote.RemoteWebDriver.findElementByXPath(RemoteWebDriver.java:424)
at io.appium.java_client.DefaultGenericMobileDriver.findElementByXPath(DefaultGenericMobileDriver.java:152)
at io.appium.java_client.AppiumDriver.findElementByXPath(AppiumDriver.java:1)
at io.appium.java_client.android.AndroidDriver.findElementByXPath(AndroidDriver.java:1)
at org.openqa.selenium.By$ByXPath.findElement(By.java:353)
at org.openqa.selenium.remote.RemoteWebDriver.findElement(RemoteWebDriver.java:314)
at io.appium.java_client.DefaultGenericMobileDriver.findElement(DefaultGenericMobileDriver.java:58)
at io.appium.java_client.AppiumDriver.findElement(AppiumDriver.java:1)
at io.appium.java_client.android.AndroidDriver.findElement(AndroidDriver.java:1)
at com.ey.test3po.pages.WelcomePage.getStartedButtonClcik(WelcomePage.java:110)
at com.ey.test3po.userjourney.LargePurchaseUserSignUpJourneyLessThan55Test.setUp(LargePurchaseUserSignUpJourneyLessThan55Test.java:63)
... Removed 31 stack frames]]>
    </failure>
  </testcase> <!-- @BeforeMethod setUp -->
  <testcase name="@AfterMethod tearDown" time="0.0" classname="com.ey.test3po.userjourney.LargePurchaseUserSignUpJourneyLessThan55Test">
    <skipped/>
  </testcase> <!-- @AfterMethod tearDown -->
  <testcase name="@BeforeMethod setUp" time="0.0" classname="com.ey.test3po.userjourney.LargePurchaseUserSignUpJourneyLessThan55Test">
    <skipped/>
  </testcase> <!-- @BeforeMethod setUp -->
  <testcase name="@AfterMethod tearDown" time="0.0" classname="com.ey.test3po.userjourney.LargePurchaseUserSignUpJourneyLessThan55Test">
    <skipped/>
  </testcase> <!-- @AfterMethod tearDown -->
  <testcase name="@BeforeMethod setUp" time="0.0" classname="com.ey.test3po.userjourney.LargePurchaseUserSignUpJourneyLessThan55Test">
    <skipped/>
  </testcase> <!-- @BeforeMethod setUp -->
  <testcase name="@AfterMethod tearDown" time="0.0" classname="com.ey.test3po.userjourney.LargePurchaseUserSignUpJourneyLessThan55Test">
    <skipped/>
  </testcase> <!-- @AfterMethod tearDown -->
  <testcase name="@BeforeMethod setUp" time="0.0" classname="com.ey.test3po.userjourney.LargePurchaseUserSignUpJourneyLessThan55Test">
    <skipped/>
  </testcase> <!-- @BeforeMethod setUp -->
  <testcase name="@AfterMethod tearDown" time="0.0" classname="com.ey.test3po.userjourney.LargePurchaseUserSignUpJourneyLessThan55Test">
    <skipped/>
  </testcase> <!-- @AfterMethod tearDown -->
  <testcase name="@BeforeMethod setUp" time="0.0" classname="com.ey.test3po.userjourney.LargePurchaseUserSignUpJourneyLessThan55Test">
    <skipped/>
  </testcase> <!-- @BeforeMethod setUp -->
  <testcase name="@AfterMethod tearDown" time="0.0" classname="com.ey.test3po.userjourney.LargePurchaseUserSignUpJourneyLessThan55Test">
    <skipped/>
  </testcase> <!-- @AfterMethod tearDown -->
  <testcase name="@BeforeMethod setUp" time="0.0" classname="com.ey.test3po.userjourney.LargePurchaseUserSignUpJourneyLessThan55Test">
    <skipped/>
  </testcase> <!-- @BeforeMethod setUp -->
  <testcase name="@AfterMethod tearDown" time="0.0" classname="com.ey.test3po.userjourney.LargePurchaseUserSignUpJourneyLessThan55Test">
    <skipped/>
  </testcase> <!-- @AfterMethod tearDown -->
  <testcase name="@BeforeMethod setUp" time="0.0" classname="com.ey.test3po.userjourney.LargePurchaseUserSignUpJourneyLessThan55Test">
    <skipped/>
  </testcase> <!-- @BeforeMethod setUp -->
  <testcase name="@AfterMethod tearDown" time="0.0" classname="com.ey.test3po.userjourney.LargePurchaseUserSignUpJourneyLessThan55Test">
    <skipped/>
  </testcase> <!-- @AfterMethod tearDown -->
  <testcase name="@BeforeMethod setUp" time="0.0" classname="com.ey.test3po.userjourney.LargePurchaseUserSignUpJourneyLessThan55Test">
    <skipped/>
  </testcase> <!-- @BeforeMethod setUp -->
  <testcase name="@AfterMethod tearDown" time="0.0" classname="com.ey.test3po.userjourney.LargePurchaseUserSignUpJourneyLessThan55Test">
    <skipped/>
  </testcase> <!-- @AfterMethod tearDown -->
  <testcase name="@BeforeMethod setUp" time="0.0" classname="com.ey.test3po.userjourney.LargePurchaseUserSignUpJourneyLessThan55Test">
    <skipped/>
  </testcase> <!-- @BeforeMethod setUp -->
  <testcase name="@AfterMethod tearDown" time="0.0" classname="com.ey.test3po.userjourney.LargePurchaseUserSignUpJourneyLessThan55Test">
    <skipped/>
  </testcase> <!-- @AfterMethod tearDown -->
  <testcase name="@BeforeMethod setUp" time="0.0" classname="com.ey.test3po.userjourney.LargePurchaseUserSignUpJourneyLessThan55Test">
    <skipped/>
  </testcase> <!-- @BeforeMethod setUp -->
  <testcase name="@AfterMethod tearDown" time="0.0" classname="com.ey.test3po.userjourney.LargePurchaseUserSignUpJourneyLessThan55Test">
    <skipped/>
  </testcase> <!-- @AfterMethod tearDown -->
  <testcase name="largePurchaseGoalLessThan55" time="208.428" classname="com.ey.test3po.userjourney.LargePurchaseUserSignUpJourneyLessThan55Test"/>
  <testcase name="largePurchaseGoalLessThan55" time="270.198" classname="com.ey.test3po.userjourney.LargePurchaseUserSignUpJourneyLessThan55Test"/>
  <testcase name="largePurchaseGoalLessThan55" time="226.558" classname="com.ey.test3po.userjourney.LargePurchaseUserSignUpJourneyLessThan55Test"/>
  <testcase name="largePurchaseGoalLessThan55" time="189.152" classname="com.ey.test3po.userjourney.LargePurchaseUserSignUpJourneyLessThan55Test"/>
  <testcase name="largePurchaseGoalLessThan55" time="164.121" classname="com.ey.test3po.userjourney.LargePurchaseUserSignUpJourneyLessThan55Test">
    <skipped/>
  </testcase> <!-- largePurchaseGoalLessThan55 -->
  <testcase name="largePurchaseGoalLessThan55" time="181.283" classname="com.ey.test3po.userjourney.LargePurchaseUserSignUpJourneyLessThan55Test"/>
  <testcase name="largePurchaseGoalLessThan55" time="170.952" classname="com.ey.test3po.userjourney.LargePurchaseUserSignUpJourneyLessThan55Test"/>
  <testcase name="largePurchaseGoalLessThan55" time="189.295" classname="com.ey.test3po.userjourney.LargePurchaseUserSignUpJourneyLessThan55Test"/>
  <testcase name="largePurchaseGoalLessThan55" time="183.842" classname="com.ey.test3po.userjourney.LargePurchaseUserSignUpJourneyLessThan55Test"/>
  <testcase name="largePurchaseGoalLessThan55" time="146.9" classname="com.ey.test3po.userjourney.LargePurchaseUserSignUpJourneyLessThan55Test"/>
  <testcase name="largePurchaseGoalLessThan55" time="251.293" classname="com.ey.test3po.userjourney.LargePurchaseUserSignUpJourneyLessThan55Test"/>
  <testcase name="largePurchaseGoalLessThan55" time="245.739" classname="com.ey.test3po.userjourney.LargePurchaseUserSignUpJourneyLessThan55Test"/>
  <testcase name="largePurchaseGoalLessThan55" time="197.502" classname="com.ey.test3po.userjourney.LargePurchaseUserSignUpJourneyLessThan55Test"/>
  <testcase name="largePurchaseGoalLessThan55" time="230.44" classname="com.ey.test3po.userjourney.LargePurchaseUserSignUpJourneyLessThan55Test"/>
  <testcase name="largePurchaseGoalLessThan55" time="206.27" classname="com.ey.test3po.userjourney.LargePurchaseUserSignUpJourneyLessThan55Test"/>
  <testcase name="largePurchaseGoalLessThan55" time="270.578" classname="com.ey.test3po.userjourney.LargePurchaseUserSignUpJourneyLessThan55Test"/>
  <testcase name="largePurchaseGoalLessThan55" time="265.668" classname="com.ey.test3po.userjourney.LargePurchaseUserSignUpJourneyLessThan55Test"/>
  <testcase name="largePurchaseGoalLessThan55" time="255.508" classname="com.ey.test3po.userjourney.LargePurchaseUserSignUpJourneyLessThan55Test"/>
  <testcase name="largePurchaseGoalLessThan55" time="401.086" classname="com.ey.test3po.userjourney.LargePurchaseUserSignUpJourneyLessThan55Test"/>
  <testcase name="largePurchaseGoalLessThan55" time="354.29" classname="com.ey.test3po.userjourney.LargePurchaseUserSignUpJourneyLessThan55Test"/>
  <testcase name="largePurchaseGoalLessThan55" time="325.794" classname="com.ey.test3po.userjourney.LargePurchaseUserSignUpJourneyLessThan55Test"/>
  <testcase name="largePurchaseGoalLessThan55" time="268.813" classname="com.ey.test3po.userjourney.LargePurchaseUserSignUpJourneyLessThan55Test"/>
  <testcase name="largePurchaseGoalLessThan55" time="265.449" classname="com.ey.test3po.userjourney.LargePurchaseUserSignUpJourneyLessThan55Test"/>
  <testcase name="largePurchaseGoalLessThan55" time="0.0" classname="com.ey.test3po.userjourney.LargePurchaseUserSignUpJourneyLessThan55Test">
    <skipped/>
  </testcase> <!-- largePurchaseGoalLessThan55 -->
  <testcase name="largePurchaseGoalLessThan55" time="0.0" classname="com.ey.test3po.userjourney.LargePurchaseUserSignUpJourneyLessThan55Test">
    <skipped/>
  </testcase> <!-- largePurchaseGoalLessThan55 -->
  <testcase name="largePurchaseGoalLessThan55" time="0.0" classname="com.ey.test3po.userjourney.LargePurchaseUserSignUpJourneyLessThan55Test">
    <skipped/>
  </testcase> <!-- largePurchaseGoalLessThan55 -->
  <testcase name="largePurchaseGoalLessThan55" time="0.0" classname="com.ey.test3po.userjourney.LargePurchaseUserSignUpJourneyLessThan55Test">
    <skipped/>
  </testcase> <!-- largePurchaseGoalLessThan55 -->
  <testcase name="largePurchaseGoalLessThan55" time="0.0" classname="com.ey.test3po.userjourney.LargePurchaseUserSignUpJourneyLessThan55Test">
    <skipped/>
  </testcase> <!-- largePurchaseGoalLessThan55 -->
  <testcase name="largePurchaseGoalLessThan55" time="0.0" classname="com.ey.test3po.userjourney.LargePurchaseUserSignUpJourneyLessThan55Test">
    <skipped/>
  </testcase> <!-- largePurchaseGoalLessThan55 -->
  <testcase name="largePurchaseGoalLessThan55" time="0.0" classname="com.ey.test3po.userjourney.LargePurchaseUserSignUpJourneyLessThan55Test">
    <skipped/>
  </testcase> <!-- largePurchaseGoalLessThan55 -->
  <testcase name="largePurchaseGoalLessThan55" time="0.0" classname="com.ey.test3po.userjourney.LargePurchaseUserSignUpJourneyLessThan55Test">
    <skipped/>
  </testcase> <!-- largePurchaseGoalLessThan55 -->
  <testcase name="largePurchaseGoalLessThan55" time="0.0" classname="com.ey.test3po.userjourney.LargePurchaseUserSignUpJourneyLessThan55Test">
    <skipped/>
  </testcase> <!-- largePurchaseGoalLessThan55 -->
  <testcase name="largePurchaseGoalLessThan55" time="0.0" classname="com.ey.test3po.userjourney.LargePurchaseUserSignUpJourneyLessThan55Test">
    <skipped/>
  </testcase> <!-- largePurchaseGoalLessThan55 -->
</testsuite> <!-- LargePurchaseUserSignUpJourneyLessThan55Test -->
