<?xml version="1.0" encoding="UTF-8"?>
<!-- Generated by org.testng.reporters.JUnitXMLReporter -->
<testsuite hostname="IN2070121W2" ignored="0" name="RetirementGoalUserSignUpJourneyMoreThan55Test" tests="9" failures="5" timestamp="18 Aug 2018 15:00:39 GMT" time="2810.201" errors="0">
  <testcase name="retirementGoalMoreThan55" time="440.575" classname="com.ey.test3po.userjourney.RetirementGoalUserSignUpJourneyMoreThan55Test"/>
  <testcase name="retirementGoalMoreThan55" time="209.165" classname="com.ey.test3po.userjourney.RetirementGoalUserSignUpJourneyMoreThan55Test"/>
  <testcase name="retirementGoalMoreThan55" time="181.685" classname="com.ey.test3po.userjourney.RetirementGoalUserSignUpJourneyMoreThan55Test">
    <failure type="java.lang.AssertionError" message="The following asserts failed:
	Suggested affordability mismatch ater page refresh in planned inv page expected [96,801] but found [96,878]">
      <![CDATA[java.lang.AssertionError: The following asserts failed:
Suggested affordability mismatch ater page refresh in planned inv page expected [96,801] but found [96,878]
at com.ey.test3po.userjourney.RetirementGoalUserSignUpJourneyMoreThan55Test.retirementGoalMoreThan55(RetirementGoalUserSignUpJourneyMoreThan55Test.java:204)
... Removed 26 stack frames]]>
    </failure>
  </testcase> <!-- retirementGoalMoreThan55 -->
  <testcase name="retirementGoalMoreThan55" time="250.004" classname="com.ey.test3po.userjourney.RetirementGoalUserSignUpJourneyMoreThan55Test"/>
  <testcase name="retirementGoalMoreThan55" time="208.789" classname="com.ey.test3po.userjourney.RetirementGoalUserSignUpJourneyMoreThan55Test">
    <failure type="java.lang.NumberFormatException" message="For input string: &amp;quot;&amp;quot;">
      <![CDATA[java.lang.NumberFormatException: For input string: ""
at java.lang.NumberFormatException.forInputString(NumberFormatException.java:65)
at java.lang.Integer.parseInt(Integer.java:592)
at java.lang.Integer.parseInt(Integer.java:615)
at com.ey.test3po.util.TestUtil.convNum(TestUtil.java:99)
at com.ey.test3po.userjourney.RetirementGoalUserSignUpJourneyMoreThan55Test.retirementGoalMoreThan55(RetirementGoalUserSignUpJourneyMoreThan55Test.java:155)
... Removed 25 stack frames]]>
    </failure>
  </testcase> <!-- retirementGoalMoreThan55 -->
  <testcase name="retirementGoalMoreThan55" time="164.188" classname="com.ey.test3po.userjourney.RetirementGoalUserSignUpJourneyMoreThan55Test">
    <failure type="java.lang.NumberFormatException" message="For input string: &amp;quot;&amp;quot;">
      <![CDATA[java.lang.NumberFormatException: For input string: ""
at java.lang.NumberFormatException.forInputString(NumberFormatException.java:65)
at java.lang.Integer.parseInt(Integer.java:592)
at java.lang.Integer.parseInt(Integer.java:615)
at com.ey.test3po.util.TestUtil.convNum(TestUtil.java:99)
at com.ey.test3po.userjourney.RetirementGoalUserSignUpJourneyMoreThan55Test.retirementGoalMoreThan55(RetirementGoalUserSignUpJourneyMoreThan55Test.java:155)
... Removed 25 stack frames]]>
    </failure>
  </testcase> <!-- retirementGoalMoreThan55 -->
  <testcase name="retirementGoalMoreThan55" time="357.079" classname="com.ey.test3po.userjourney.RetirementGoalUserSignUpJourneyMoreThan55Test"/>
  <testcase name="retirementGoalMoreThan55" time="357.123" classname="com.ey.test3po.userjourney.RetirementGoalUserSignUpJourneyMoreThan55Test">
    <failure type="java.lang.AssertionError" message="The following asserts failed:
	Label legand amount mismatch in investment suggestion page expected [694,503] but found [967,869]">
      <![CDATA[java.lang.AssertionError: The following asserts failed:
Label legand amount mismatch in investment suggestion page expected [694,503] but found [967,869]
at com.ey.test3po.userjourney.RetirementGoalUserSignUpJourneyMoreThan55Test.retirementGoalMoreThan55(RetirementGoalUserSignUpJourneyMoreThan55Test.java:203)
... Removed 26 stack frames]]>
    </failure>
  </testcase> <!-- retirementGoalMoreThan55 -->
  <testcase name="retirementGoalMoreThan55" time="281.037" classname="com.ey.test3po.userjourney.RetirementGoalUserSignUpJourneyMoreThan55Test">
    <failure type="java.lang.AssertionError" message="The following asserts failed:
	Label legand amount mismatch in investment suggestion page expected [967,750] but found [967,869]">
      <![CDATA[java.lang.AssertionError: The following asserts failed:
Label legand amount mismatch in investment suggestion page expected [967,750] but found [967,869]
at com.ey.test3po.userjourney.RetirementGoalUserSignUpJourneyMoreThan55Test.retirementGoalMoreThan55(RetirementGoalUserSignUpJourneyMoreThan55Test.java:203)
... Removed 26 stack frames]]>
    </failure>
  </testcase> <!-- retirementGoalMoreThan55 -->
</testsuite> <!-- RetirementGoalUserSignUpJourneyMoreThan55Test -->
