<html>
<head>
<title>TestNG:  RetirementGoalUserSignUpJourneyMoreThan55Test</title>
<link href="../testng.css" rel="stylesheet" type="text/css" />
<link href="../my-testng.css" rel="stylesheet" type="text/css" />

<style type="text/css">
.log { display: none;} 
.stack-trace { display: none;} 
</style>
<script type="text/javascript">
<!--
function flip(e) {
  current = e.style.display;
  if (current == 'block') {
    e.style.display = 'none';
    return 0;
  }
  else {
    e.style.display = 'block';
    return 1;
  }
}

function toggleBox(szDivId, elem, msg1, msg2)
{
  var res = -1;  if (document.getElementById) {
    res = flip(document.getElementById(szDivId));
  }
  else if (document.all) {
    // this is the way old msie versions work
    res = flip(document.all[szDivId]);
  }
  if(elem) {
    if(res == 0) elem.innerHTML = msg1; else elem.innerHTML = msg2;
  }

}

function toggleAllBoxes() {
  if (document.getElementsByTagName) {
    d = document.getElementsByTagName('div');
    for (i = 0; i < d.length; i++) {
      if (d[i].className == 'log') {
        flip(d[i]);
      }
    }
  }
}

// -->
</script>

</head>
<body>
<h2 align='center'>RetirementGoalUserSignUpJourneyMoreThan55Test</h2><table border='1' align="center">
<tr>
<td>Tests passed/Failed/Skipped:</td><td>4/5/0</td>
</tr><tr>
<td>Started on:</td><td>Sat Aug 18 19:43:49 IST 2018</td>
</tr>
<tr><td>Total time:</td><td>2810 seconds (2810201 ms)</td>
</tr><tr>
<td>Included groups:</td><td></td>
</tr><tr>
<td>Excluded groups:</td><td></td>
</tr>
</table><p/>
<small><i>(Hover the method name to see the test class name)</i></small><p/>
<table width='100%' border='1' class='invocation-failed'>
<tr><td colspan='4' align='center'><b>FAILED TESTS</b></td></tr>
<tr><td><b>Test method</b></td>
<td width="30%"><b>Exception</b></td>
<td width="10%"><b>Time (seconds)</b></td>
<td><b>Instance</b></td>
</tr>
<tr>
<td title='com.ey.test3po.userjourney.RetirementGoalUserSignUpJourneyMoreThan55Test.retirementGoalMoreThan55()'><b>retirementGoalMoreThan55</b><br>Test class: com.ey.test3po.userjourney.RetirementGoalUserSignUpJourneyMoreThan55Test<br>Parameters: 100000, 12838, 58, RT 03, 67, 96800, 2048, , It's not important that I achieve this goal, 1251747, , , Test, test@test.com, 123.0, 123.0, 1251746, 96878, , , 96878, , TC_09<br/>
<a href="#Output-2009072087" onClick='toggleBox("Output-2009072087", this, "Show output", "Hide output");'>Show output</a>

<a href="#Output-2009072087" onClick="toggleAllBoxes();">Show all outputs</a>
<div class='log' id="Output-2009072087">
<img src="file://C:\Back Up\Project Work\Learning Stuffs\Eclipse Oxygen\3PO\screenshots\retirementGoalMoreThan55_1534602577013.png" alt=""/><br/>
</div>
</td>
<td><div><pre>java.lang.AssertionError: The following asserts failed:
	Suggested affordability mismatch ater page refresh in planned inv page expected [96,801] but found [96,878]
	at com.ey.test3po.userjourney.RetirementGoalUserSignUpJourneyMoreThan55Test.retirementGoalMoreThan55(RetirementGoalUserSignUpJourneyMoreThan55Test.java:204)
... Removed 26 stack frames</pre></div><a href='#' onClick='toggleBox("stack-trace2009072087", this, "Click to show all stack frames", "Click to hide stack frames")'>Click to show all stack frames</a>
<div class='stack-trace' id='stack-trace2009072087'><pre>java.lang.AssertionError: The following asserts failed:
	Suggested affordability mismatch ater page refresh in planned inv page expected [96,801] but found [96,878]
	at org.testng.asserts.SoftAssert.assertAll(SoftAssert.java:43)
	at com.ey.test3po.userjourney.RetirementGoalUserSignUpJourneyMoreThan55Test.retirementGoalMoreThan55(RetirementGoalUserSignUpJourneyMoreThan55Test.java:204)
	at sun.reflect.NativeMethodAccessorImpl.invoke0(Native Method)
	at sun.reflect.NativeMethodAccessorImpl.invoke(NativeMethodAccessorImpl.java:62)
	at sun.reflect.DelegatingMethodAccessorImpl.invoke(DelegatingMethodAccessorImpl.java:43)
	at java.lang.reflect.Method.invoke(Method.java:498)
	at org.testng.internal.MethodInvocationHelper.invokeMethod(MethodInvocationHelper.java:124)
	at org.testng.internal.Invoker.invokeMethod(Invoker.java:580)
	at org.testng.internal.Invoker.invokeTestMethod(Invoker.java:716)
	at org.testng.internal.Invoker.invokeTestMethods(Invoker.java:988)
	at org.testng.internal.TestMethodWorker.invokeTestMethods(TestMethodWorker.java:125)
	at org.testng.internal.TestMethodWorker.run(TestMethodWorker.java:109)
	at org.testng.TestRunner.privateRun(TestRunner.java:648)
	at org.testng.TestRunner.run(TestRunner.java:505)
	at org.testng.SuiteRunner.runTest(SuiteRunner.java:455)
	at org.testng.SuiteRunner.runSequentially(SuiteRunner.java:450)
	at org.testng.SuiteRunner.privateRun(SuiteRunner.java:415)
	at org.testng.SuiteRunner.run(SuiteRunner.java:364)
	at org.testng.SuiteRunnerWorker.runSuite(SuiteRunnerWorker.java:52)
	at org.testng.SuiteRunnerWorker.run(SuiteRunnerWorker.java:84)
	at org.testng.TestNG.runSuitesSequentially(TestNG.java:1208)
	at org.testng.TestNG.runSuitesLocally(TestNG.java:1137)
	at org.testng.TestNG.runSuites(TestNG.java:1049)
	at org.testng.TestNG.run(TestNG.java:1017)
	at org.testng.remote.AbstractRemoteTestNG.run(AbstractRemoteTestNG.java:114)
	at org.testng.remote.RemoteTestNG.initAndRun(RemoteTestNG.java:251)
	at org.testng.remote.RemoteTestNG.main(RemoteTestNG.java:77)
</pre></div></td>
<td>181</td>
<td>com.ey.test3po.userjourney.RetirementGoalUserSignUpJourneyMoreThan55Test@4d41cee</td></tr>
<tr>
<td title='com.ey.test3po.userjourney.RetirementGoalUserSignUpJourneyMoreThan55Test.retirementGoalMoreThan55()'><b>retirementGoalMoreThan55</b><br>Test class: com.ey.test3po.userjourney.RetirementGoalUserSignUpJourneyMoreThan55Test<br>Parameters: 100000, 12838, 58, RT 03, 67, 96800, 2048, , It's not important that I achieve this goal, 1251700, 1, , Test, test@test.com, 123.0, 123.0, 1251746, 96797, 1, , 96804, , TC_15<br/>
<a href="#Output-1417190974" onClick='toggleBox("Output-1417190974", this, "Show output", "Hide output");'>Show output</a>

<a href="#Output-1417190974" onClick="toggleAllBoxes();">Show all outputs</a>
<div class='log' id="Output-1417190974">
<img src="file://C:\Back Up\Project Work\Learning Stuffs\Eclipse Oxygen\3PO\screenshots\retirementGoalMoreThan55_1534603114501.png" alt=""/><br/>
</div>
</td>
<td><div><pre>java.lang.NumberFormatException: For input string: &quot;&quot;
	at java.lang.NumberFormatException.forInputString(NumberFormatException.java:65)
	at java.lang.Integer.parseInt(Integer.java:592)
	at java.lang.Integer.parseInt(Integer.java:615)
	at com.ey.test3po.util.TestUtil.convNum(TestUtil.java:99)
	at com.ey.test3po.userjourney.RetirementGoalUserSignUpJourneyMoreThan55Test.retirementGoalMoreThan55(RetirementGoalUserSignUpJourneyMoreThan55Test.java:155)
... Removed 25 stack frames</pre></div><a href='#' onClick='toggleBox("stack-trace1417190974", this, "Click to show all stack frames", "Click to hide stack frames")'>Click to show all stack frames</a>
<div class='stack-trace' id='stack-trace1417190974'><pre>java.lang.NumberFormatException: For input string: &quot;&quot;
	at java.lang.NumberFormatException.forInputString(NumberFormatException.java:65)
	at java.lang.Integer.parseInt(Integer.java:592)
	at java.lang.Integer.parseInt(Integer.java:615)
	at com.ey.test3po.util.TestUtil.convNum(TestUtil.java:99)
	at com.ey.test3po.userjourney.RetirementGoalUserSignUpJourneyMoreThan55Test.retirementGoalMoreThan55(RetirementGoalUserSignUpJourneyMoreThan55Test.java:155)
	at sun.reflect.NativeMethodAccessorImpl.invoke0(Native Method)
	at sun.reflect.NativeMethodAccessorImpl.invoke(NativeMethodAccessorImpl.java:62)
	at sun.reflect.DelegatingMethodAccessorImpl.invoke(DelegatingMethodAccessorImpl.java:43)
	at java.lang.reflect.Method.invoke(Method.java:498)
	at org.testng.internal.MethodInvocationHelper.invokeMethod(MethodInvocationHelper.java:124)
	at org.testng.internal.Invoker.invokeMethod(Invoker.java:580)
	at org.testng.internal.Invoker.invokeTestMethod(Invoker.java:716)
	at org.testng.internal.Invoker.invokeTestMethods(Invoker.java:988)
	at org.testng.internal.TestMethodWorker.invokeTestMethods(TestMethodWorker.java:125)
	at org.testng.internal.TestMethodWorker.run(TestMethodWorker.java:109)
	at org.testng.TestRunner.privateRun(TestRunner.java:648)
	at org.testng.TestRunner.run(TestRunner.java:505)
	at org.testng.SuiteRunner.runTest(SuiteRunner.java:455)
	at org.testng.SuiteRunner.runSequentially(SuiteRunner.java:450)
	at org.testng.SuiteRunner.privateRun(SuiteRunner.java:415)
	at org.testng.SuiteRunner.run(SuiteRunner.java:364)
	at org.testng.SuiteRunnerWorker.runSuite(SuiteRunnerWorker.java:52)
	at org.testng.SuiteRunnerWorker.run(SuiteRunnerWorker.java:84)
	at org.testng.TestNG.runSuitesSequentially(TestNG.java:1208)
	at org.testng.TestNG.runSuitesLocally(TestNG.java:1137)
	at org.testng.TestNG.runSuites(TestNG.java:1049)
	at org.testng.TestNG.run(TestNG.java:1017)
	at org.testng.remote.AbstractRemoteTestNG.run(AbstractRemoteTestNG.java:114)
	at org.testng.remote.RemoteTestNG.initAndRun(RemoteTestNG.java:251)
	at org.testng.remote.RemoteTestNG.main(RemoteTestNG.java:77)
</pre></div></td>
<td>208</td>
<td>com.ey.test3po.userjourney.RetirementGoalUserSignUpJourneyMoreThan55Test@4d41cee</td></tr>
<tr>
<td title='com.ey.test3po.userjourney.RetirementGoalUserSignUpJourneyMoreThan55Test.retirementGoalMoreThan55()'><b>retirementGoalMoreThan55</b><br>Test class: com.ey.test3po.userjourney.RetirementGoalUserSignUpJourneyMoreThan55Test<br>Parameters: 100000, 12838, 58, RT 03, 67, 96800, 2048, , It's not important that I achieve this goal, 1251700, 1, , Test, test@test.com, 123.0, 123.0, 1251746, 96797, 1, , 96830, , TC_18<br/>
<a href="#Output-1235224286" onClick='toggleBox("Output-1235224286", this, "Show output", "Hide output");'>Show output</a>

<a href="#Output-1235224286" onClick="toggleAllBoxes();">Show all outputs</a>
<div class='log' id="Output-1235224286">
<img src="file://C:\Back Up\Project Work\Learning Stuffs\Eclipse Oxygen\3PO\screenshots\retirementGoalMoreThan55_1534603320217.png" alt=""/><br/>
</div>
</td>
<td><div><pre>java.lang.NumberFormatException: For input string: &quot;&quot;
	at java.lang.NumberFormatException.forInputString(NumberFormatException.java:65)
	at java.lang.Integer.parseInt(Integer.java:592)
	at java.lang.Integer.parseInt(Integer.java:615)
	at com.ey.test3po.util.TestUtil.convNum(TestUtil.java:99)
	at com.ey.test3po.userjourney.RetirementGoalUserSignUpJourneyMoreThan55Test.retirementGoalMoreThan55(RetirementGoalUserSignUpJourneyMoreThan55Test.java:155)
... Removed 25 stack frames</pre></div><a href='#' onClick='toggleBox("stack-trace1235224286", this, "Click to show all stack frames", "Click to hide stack frames")'>Click to show all stack frames</a>
<div class='stack-trace' id='stack-trace1235224286'><pre>java.lang.NumberFormatException: For input string: &quot;&quot;
	at java.lang.NumberFormatException.forInputString(NumberFormatException.java:65)
	at java.lang.Integer.parseInt(Integer.java:592)
	at java.lang.Integer.parseInt(Integer.java:615)
	at com.ey.test3po.util.TestUtil.convNum(TestUtil.java:99)
	at com.ey.test3po.userjourney.RetirementGoalUserSignUpJourneyMoreThan55Test.retirementGoalMoreThan55(RetirementGoalUserSignUpJourneyMoreThan55Test.java:155)
	at sun.reflect.NativeMethodAccessorImpl.invoke0(Native Method)
	at sun.reflect.NativeMethodAccessorImpl.invoke(NativeMethodAccessorImpl.java:62)
	at sun.reflect.DelegatingMethodAccessorImpl.invoke(DelegatingMethodAccessorImpl.java:43)
	at java.lang.reflect.Method.invoke(Method.java:498)
	at org.testng.internal.MethodInvocationHelper.invokeMethod(MethodInvocationHelper.java:124)
	at org.testng.internal.Invoker.invokeMethod(Invoker.java:580)
	at org.testng.internal.Invoker.invokeTestMethod(Invoker.java:716)
	at org.testng.internal.Invoker.invokeTestMethods(Invoker.java:988)
	at org.testng.internal.TestMethodWorker.invokeTestMethods(TestMethodWorker.java:125)
	at org.testng.internal.TestMethodWorker.run(TestMethodWorker.java:109)
	at org.testng.TestRunner.privateRun(TestRunner.java:648)
	at org.testng.TestRunner.run(TestRunner.java:505)
	at org.testng.SuiteRunner.runTest(SuiteRunner.java:455)
	at org.testng.SuiteRunner.runSequentially(SuiteRunner.java:450)
	at org.testng.SuiteRunner.privateRun(SuiteRunner.java:415)
	at org.testng.SuiteRunner.run(SuiteRunner.java:364)
	at org.testng.SuiteRunnerWorker.runSuite(SuiteRunnerWorker.java:52)
	at org.testng.SuiteRunnerWorker.run(SuiteRunnerWorker.java:84)
	at org.testng.TestNG.runSuitesSequentially(TestNG.java:1208)
	at org.testng.TestNG.runSuitesLocally(TestNG.java:1137)
	at org.testng.TestNG.runSuites(TestNG.java:1049)
	at org.testng.TestNG.run(TestNG.java:1017)
	at org.testng.remote.AbstractRemoteTestNG.run(AbstractRemoteTestNG.java:114)
	at org.testng.remote.RemoteTestNG.initAndRun(RemoteTestNG.java:251)
	at org.testng.remote.RemoteTestNG.main(RemoteTestNG.java:77)
</pre></div></td>
<td>164</td>
<td>com.ey.test3po.userjourney.RetirementGoalUserSignUpJourneyMoreThan55Test@4d41cee</td></tr>
<tr>
<td title='com.ey.test3po.userjourney.RetirementGoalUserSignUpJourneyMoreThan55Test.retirementGoalMoreThan55()'><b>retirementGoalMoreThan55</b><br>Test class: com.ey.test3po.userjourney.RetirementGoalUserSignUpJourneyMoreThan55Test<br>Parameters: 1000000, 12838, 57, RT 01, 60, 968000, 2048, 1000000, It's extremely important that I achieve this goal, 500010, 25460, 65, Test, test@test.com, 123.0, 123.0, 10027799, 664129, 254715, 967869, 1614357, 61, TC_Err_1<br/>
<a href="#Output-289956948" onClick='toggleBox("Output-289956948", this, "Show output", "Hide output");'>Show output</a>

<a href="#Output-289956948" onClick="toggleAllBoxes();">Show all outputs</a>
<div class='log' id="Output-289956948">
<img src="file://C:\Back Up\Project Work\Learning Stuffs\Eclipse Oxygen\3PO\screenshots\retirementGoalMoreThan55_1534604111065.png" alt=""/><br/>
</div>
</td>
<td><div><pre>java.lang.AssertionError: The following asserts failed:
	Label legand amount mismatch in investment suggestion page expected [694,503] but found [967,869]
	at com.ey.test3po.userjourney.RetirementGoalUserSignUpJourneyMoreThan55Test.retirementGoalMoreThan55(RetirementGoalUserSignUpJourneyMoreThan55Test.java:203)
... Removed 26 stack frames</pre></div><a href='#' onClick='toggleBox("stack-trace289956948", this, "Click to show all stack frames", "Click to hide stack frames")'>Click to show all stack frames</a>
<div class='stack-trace' id='stack-trace289956948'><pre>java.lang.AssertionError: The following asserts failed:
	Label legand amount mismatch in investment suggestion page expected [694,503] but found [967,869]
	at org.testng.asserts.SoftAssert.assertAll(SoftAssert.java:43)
	at com.ey.test3po.userjourney.RetirementGoalUserSignUpJourneyMoreThan55Test.retirementGoalMoreThan55(RetirementGoalUserSignUpJourneyMoreThan55Test.java:203)
	at sun.reflect.NativeMethodAccessorImpl.invoke0(Native Method)
	at sun.reflect.NativeMethodAccessorImpl.invoke(NativeMethodAccessorImpl.java:62)
	at sun.reflect.DelegatingMethodAccessorImpl.invoke(DelegatingMethodAccessorImpl.java:43)
	at java.lang.reflect.Method.invoke(Method.java:498)
	at org.testng.internal.MethodInvocationHelper.invokeMethod(MethodInvocationHelper.java:124)
	at org.testng.internal.Invoker.invokeMethod(Invoker.java:580)
	at org.testng.internal.Invoker.invokeTestMethod(Invoker.java:716)
	at org.testng.internal.Invoker.invokeTestMethods(Invoker.java:988)
	at org.testng.internal.TestMethodWorker.invokeTestMethods(TestMethodWorker.java:125)
	at org.testng.internal.TestMethodWorker.run(TestMethodWorker.java:109)
	at org.testng.TestRunner.privateRun(TestRunner.java:648)
	at org.testng.TestRunner.run(TestRunner.java:505)
	at org.testng.SuiteRunner.runTest(SuiteRunner.java:455)
	at org.testng.SuiteRunner.runSequentially(SuiteRunner.java:450)
	at org.testng.SuiteRunner.privateRun(SuiteRunner.java:415)
	at org.testng.SuiteRunner.run(SuiteRunner.java:364)
	at org.testng.SuiteRunnerWorker.runSuite(SuiteRunnerWorker.java:52)
	at org.testng.SuiteRunnerWorker.run(SuiteRunnerWorker.java:84)
	at org.testng.TestNG.runSuitesSequentially(TestNG.java:1208)
	at org.testng.TestNG.runSuitesLocally(TestNG.java:1137)
	at org.testng.TestNG.runSuites(TestNG.java:1049)
	at org.testng.TestNG.run(TestNG.java:1017)
	at org.testng.remote.AbstractRemoteTestNG.run(AbstractRemoteTestNG.java:114)
	at org.testng.remote.RemoteTestNG.initAndRun(RemoteTestNG.java:251)
	at org.testng.remote.RemoteTestNG.main(RemoteTestNG.java:77)
</pre></div></td>
<td>357</td>
<td>com.ey.test3po.userjourney.RetirementGoalUserSignUpJourneyMoreThan55Test@4d41cee</td></tr>
<tr>
<td title='com.ey.test3po.userjourney.RetirementGoalUserSignUpJourneyMoreThan55Test.retirementGoalMoreThan55()'><b>retirementGoalMoreThan55</b><br>Test class: com.ey.test3po.userjourney.RetirementGoalUserSignUpJourneyMoreThan55Test<br>Parameters: 1000000, 12838, 57, RT 01, 60, 968000, 2048, 1000000, It's extremely important that I achieve this goal, 500000, 254504, 65, Test, test@test.com, 123.0, 123.0, 10027799, 664129, 254715, 967869, 1614357, 61, TC_Err_2<br/>
<a href="#Output-1680909298" onClick='toggleBox("Output-1680909298", this, "Show output", "Hide output");'>Show output</a>

<a href="#Output-1680909298" onClick="toggleAllBoxes();">Show all outputs</a>
<div class='log' id="Output-1680909298">
<img src="file://C:\Back Up\Project Work\Learning Stuffs\Eclipse Oxygen\3PO\screenshots\retirementGoalMoreThan55_1534604434310.png" alt=""/><br/>
</div>
</td>
<td><div><pre>java.lang.AssertionError: The following asserts failed:
	Label legand amount mismatch in investment suggestion page expected [967,750] but found [967,869]
	at com.ey.test3po.userjourney.RetirementGoalUserSignUpJourneyMoreThan55Test.retirementGoalMoreThan55(RetirementGoalUserSignUpJourneyMoreThan55Test.java:203)
... Removed 26 stack frames</pre></div><a href='#' onClick='toggleBox("stack-trace1680909298", this, "Click to show all stack frames", "Click to hide stack frames")'>Click to show all stack frames</a>
<div class='stack-trace' id='stack-trace1680909298'><pre>java.lang.AssertionError: The following asserts failed:
	Label legand amount mismatch in investment suggestion page expected [967,750] but found [967,869]
	at org.testng.asserts.SoftAssert.assertAll(SoftAssert.java:43)
	at com.ey.test3po.userjourney.RetirementGoalUserSignUpJourneyMoreThan55Test.retirementGoalMoreThan55(RetirementGoalUserSignUpJourneyMoreThan55Test.java:203)
	at sun.reflect.NativeMethodAccessorImpl.invoke0(Native Method)
	at sun.reflect.NativeMethodAccessorImpl.invoke(NativeMethodAccessorImpl.java:62)
	at sun.reflect.DelegatingMethodAccessorImpl.invoke(DelegatingMethodAccessorImpl.java:43)
	at java.lang.reflect.Method.invoke(Method.java:498)
	at org.testng.internal.MethodInvocationHelper.invokeMethod(MethodInvocationHelper.java:124)
	at org.testng.internal.Invoker.invokeMethod(Invoker.java:580)
	at org.testng.internal.Invoker.invokeTestMethod(Invoker.java:716)
	at org.testng.internal.Invoker.invokeTestMethods(Invoker.java:988)
	at org.testng.internal.TestMethodWorker.invokeTestMethods(TestMethodWorker.java:125)
	at org.testng.internal.TestMethodWorker.run(TestMethodWorker.java:109)
	at org.testng.TestRunner.privateRun(TestRunner.java:648)
	at org.testng.TestRunner.run(TestRunner.java:505)
	at org.testng.SuiteRunner.runTest(SuiteRunner.java:455)
	at org.testng.SuiteRunner.runSequentially(SuiteRunner.java:450)
	at org.testng.SuiteRunner.privateRun(SuiteRunner.java:415)
	at org.testng.SuiteRunner.run(SuiteRunner.java:364)
	at org.testng.SuiteRunnerWorker.runSuite(SuiteRunnerWorker.java:52)
	at org.testng.SuiteRunnerWorker.run(SuiteRunnerWorker.java:84)
	at org.testng.TestNG.runSuitesSequentially(TestNG.java:1208)
	at org.testng.TestNG.runSuitesLocally(TestNG.java:1137)
	at org.testng.TestNG.runSuites(TestNG.java:1049)
	at org.testng.TestNG.run(TestNG.java:1017)
	at org.testng.remote.AbstractRemoteTestNG.run(AbstractRemoteTestNG.java:114)
	at org.testng.remote.RemoteTestNG.initAndRun(RemoteTestNG.java:251)
	at org.testng.remote.RemoteTestNG.main(RemoteTestNG.java:77)
</pre></div></td>
<td>281</td>
<td>com.ey.test3po.userjourney.RetirementGoalUserSignUpJourneyMoreThan55Test@4d41cee</td></tr>
</table><p>
<table width='100%' border='1' class='invocation-passed'>
<tr><td colspan='4' align='center'><b>PASSED TESTS</b></td></tr>
<tr><td><b>Test method</b></td>
<td width="30%"><b>Exception</b></td>
<td width="10%"><b>Time (seconds)</b></td>
<td><b>Instance</b></td>
</tr>
<tr>
<td title='com.ey.test3po.userjourney.RetirementGoalUserSignUpJourneyMoreThan55Test.retirementGoalMoreThan55()'><b>retirementGoalMoreThan55</b><br>Test class: com.ey.test3po.userjourney.RetirementGoalUserSignUpJourneyMoreThan55Test<br>Parameters: 1000000, 12838, 57, RT 01, 60, 968000, 2048, 1000000, It's extremely important that I achieve this goal, 500000, 254604, 60, Test, test@test.com, 123.0, 123.0, 10027799, 664129, 254715, 967869, 967869, 61, TC_01</td>
<td></td>
<td>440</td>
<td>com.ey.test3po.userjourney.RetirementGoalUserSignUpJourneyMoreThan55Test@4d41cee</td></tr>
<tr>
<td title='com.ey.test3po.userjourney.RetirementGoalUserSignUpJourneyMoreThan55Test.retirementGoalMoreThan55()'><b>retirementGoalMoreThan55</b><br>Test class: com.ey.test3po.userjourney.RetirementGoalUserSignUpJourneyMoreThan55Test<br>Parameters: 100000, 12838, 57, RT 02, 60, 96800, 2048, 100000, It's important but not critical I achieve this goal, 393591, , , Test, test@test.com, 123.0, 123.0, 393591, 96801, , , 96801, , TC_05</td>
<td></td>
<td>209</td>
<td>com.ey.test3po.userjourney.RetirementGoalUserSignUpJourneyMoreThan55Test@4d41cee</td></tr>
<tr>
<td title='com.ey.test3po.userjourney.RetirementGoalUserSignUpJourneyMoreThan55Test.retirementGoalMoreThan55()'><b>retirementGoalMoreThan55</b><br>Test class: com.ey.test3po.userjourney.RetirementGoalUserSignUpJourneyMoreThan55Test<br>Parameters: 1000000, 12838, 57, RT 01, 60, 968000, 2048, 1000000, It's extremely important that I achieve this goal, 500000, 254604, 65, Test, test@test.com, 123.0, 123.0, 10027799, 664129, 254715, 967869, 1614357, 61, TC_10</td>
<td></td>
<td>250</td>
<td>com.ey.test3po.userjourney.RetirementGoalUserSignUpJourneyMoreThan55Test@4d41cee</td></tr>
<tr>
<td title='com.ey.test3po.userjourney.RetirementGoalUserSignUpJourneyMoreThan55Test.retirementGoalMoreThan55()'><b>retirementGoalMoreThan55</b><br>Test class: com.ey.test3po.userjourney.RetirementGoalUserSignUpJourneyMoreThan55Test<br>Parameters: 1000000, 12838, 57, RT 01, 60, 968000, 2048, 1000000, It's extremely important that I achieve this goal, 500000, 254604, 61, Test, test@test.com, 123.0, 123.0, 10027799, 664129, 254715, 967869, 1081864, 61, TC_25</td>
<td></td>
<td>357</td>
<td>com.ey.test3po.userjourney.RetirementGoalUserSignUpJourneyMoreThan55Test@4d41cee</td></tr>
</table><p>
</body>
</html>