<?xml version="1.0" encoding="UTF-8"?>
<!-- Generated by org.testng.reporters.JUnitXMLReporter -->
<testsuite ignored="0" hostname="IN2070121W2" failures="1" tests="2" name="RetirementGoalUserSignUpJourneyLessThan55Test" time="29.818" errors="0" timestamp="30 Oct 2018 09:30:49 GMT">
  <testcase classname="com.ey.test3po.userjourney.RetirementGoalUserSignUpJourneyLessThan55Test" name="@BeforeMethod setUp" time="24.868">
    <failure type="java.lang.IllegalArgumentException" message="Cannot find elements when the XPath is null.">
      <![CDATA[java.lang.IllegalArgumentException: Cannot find elements when the XPath is null.
at org.openqa.selenium.By$ByXPath.<init>(By.java:339)
at org.openqa.selenium.By.xpath(By.java:92)
at com.ey.test3po.pages.WelcomePage.getStartedButtonClcik(WelcomePage.java:110)
at com.ey.test3po.userjourney.RetirementGoalUserSignUpJourneyLessThan55Test.setUp(RetirementGoalUserSignUpJourneyLessThan55Test.java:62)
... Removed 28 stack frames]]>
    </failure>
  </testcase> <!-- @BeforeMethod setUp -->
  <testcase classname="com.ey.test3po.userjourney.RetirementGoalUserSignUpJourneyLessThan55Test" name="retirementGoalLessThan55" time="0.0">
    <skipped/>
  </testcase> <!-- retirementGoalLessThan55 -->
  <testcase classname="com.ey.test3po.userjourney.RetirementGoalUserSignUpJourneyLessThan55Test" name="retirementGoalLessThan55" time="26.824">
    <failure type="java.lang.NullPointerException">
      <![CDATA[java.lang.NullPointerException
at com.ey.test3po.util.TestListener.onTestSkipped(TestListener.java:74)
... Removed 23 stack frames]]>
    </failure>
  </testcase> <!-- retirementGoalLessThan55 -->
</testsuite> <!-- RetirementGoalUserSignUpJourneyLessThan55Test -->
