<html>
<head>
<title>TestNG:  UserJourneyTest</title>
<link href="../testng.css" rel="stylesheet" type="text/css" />
<link href="../my-testng.css" rel="stylesheet" type="text/css" />

<style type="text/css">
.log { display: none;} 
.stack-trace { display: none;} 
</style>
<script type="text/javascript">
<!--
function flip(e) {
  current = e.style.display;
  if (current == 'block') {
    e.style.display = 'none';
    return 0;
  }
  else {
    e.style.display = 'block';
    return 1;
  }
}

function toggleBox(szDivId, elem, msg1, msg2)
{
  var res = -1;  if (document.getElementById) {
    res = flip(document.getElementById(szDivId));
  }
  else if (document.all) {
    // this is the way old msie versions work
    res = flip(document.all[szDivId]);
  }
  if(elem) {
    if(res == 0) elem.innerHTML = msg1; else elem.innerHTML = msg2;
  }

}

function toggleAllBoxes() {
  if (document.getElementsByTagName) {
    d = document.getElementsByTagName('div');
    for (i = 0; i < d.length; i++) {
      if (d[i].className == 'log') {
        flip(d[i]);
      }
    }
  }
}

// -->
</script>

</head>
<body>
<h2 align='center'>UserJourneyTest</h2><table border='1' align="center">
<tr>
<td>Tests passed/Failed/Skipped:</td><td>15/4/0</td>
</tr><tr>
<td>Started on:</td><td>Wed Aug 15 19:17:46 IST 2018</td>
</tr>
<tr><td>Total time:</td><td>4370 seconds (4370696 ms)</td>
</tr><tr>
<td>Included groups:</td><td></td>
</tr><tr>
<td>Excluded groups:</td><td></td>
</tr>
</table><p/>
<small><i>(Hover the method name to see the test class name)</i></small><p/>
<table width='100%' border='1' class='invocation-failed'>
<tr><td colspan='4' align='center'><b>FAILED TESTS</b></td></tr>
<tr><td><b>Test method</b></td>
<td width="30%"><b>Exception</b></td>
<td width="10%"><b>Time (seconds)</b></td>
<td><b>Instance</b></td>
</tr>
<tr>
<td title='com.ey.test3po.userjourney.EmergencyUserSignUpJourneyTest.emergencyFundAnnualSpending()'><b>emergencyFundAnnualSpending</b><br>Test class: com.ey.test3po.userjourney.EmergencyUserSignUpJourneyTest<br>Parameters: 1000, 33150, 18, Test1, 99, 500, Test, test@test.com, 123.0, 123.0, 7425, 6.7, TC_01<br/>
<a href="#Output-2003014400" onClick='toggleBox("Output-2003014400", this, "Show output", "Hide output");'>Show output</a>

<a href="#Output-2003014400" onClick="toggleAllBoxes();">Show all outputs</a>
<div class='log' id="Output-2003014400">
<img src="file://C:\Back Up\Project Work\Learning Stuffs\Eclipse Oxygen\3PO\screenshots\emergencyFundAnnualSpending_1534344753190.png" alt=""/><br/>
</div>
</td>
<td><div><pre>org.openqa.selenium.NoSuchElementException: An element could not be located on the page using the given search parameters.
For documentation on this error, please visit: http://seleniumhq.org/exceptions/no_such_element.html
Build info: version: &apos;3.13.0&apos;, revision: &apos;2f0d292&apos;, time: &apos;2018-06-25T15:24:21.231Z&apos;
System info: host: &apos;IN2070121W2&apos;, ip: &apos;192.168.52.2&apos;, os.name: &apos;Windows 10&apos;, os.arch: &apos;amd64&apos;, os.version: &apos;10.0&apos;, java.version: &apos;1.8.0_171&apos;
Driver info: io.appium.java_client.android.AndroidDriver
Capabilities {appActivity: com.eygsskpoc.ey3po.activit..., appPackage: com.eygsskpoc.ey3po, databaseEnabled: false, desired: {appActivity: com.eygsskpoc.ey3po.activit..., appPackage: com.eygsskpoc.ey3po, deviceName: 92010457a0ce2315, noReset: true, platformName: android, resetKeyboard: true, unicodeKeyboard: true, version: 5.1.1}, deviceManufacturer: samsung, deviceModel: SM-J200G, deviceName: 92010457a0ce2315, deviceScreenSize: 540x960, deviceUDID: 92010457a0ce2315, javascriptEnabled: true, locationContextEnabled: false, networkConnectionEnabled: true, noReset: true, platform: LINUX, platformName: Android, platformVersion: 5.1.1, resetKeyboard: true, takesScreenshot: true, unicodeKeyboard: true, version: 5.1.1, warnings: {}, webStorageEnabled: false}
Session ID: 51e3c794-88e8-45db-8e96-19f809e7e0a8
*** Element info: {Using=id, value=//*[@resource-id=&apos;com.eygsskpoc.ey3po:id/textView_subheader&apos; and @text=&apos;Annual Spending&apos;]/../../../../following-sibling::*[@resource-id=&apos;com.eygsskpoc.ey3po:id/headder_layout&apos;]/descendant::*[@resource-id=&apos;com.eygsskpoc.ey3po:id/label_legend&apos;]}
	at org.openqa.selenium.remote.http.W3CHttpResponseCodec.createException(W3CHttpResponseCodec.java:187)
	at org.openqa.selenium.remote.http.W3CHttpResponseCodec.decode(W3CHttpResponseCodec.java:122)
	at org.openqa.selenium.remote.http.W3CHttpResponseCodec.decode(W3CHttpResponseCodec.java:49)
	at org.openqa.selenium.remote.HttpCommandExecutor.execute(HttpCommandExecutor.java:158)
	at io.appium.java_client.remote.AppiumCommandExecutor.execute(AppiumCommandExecutor.java:231)
	at org.openqa.selenium.remote.RemoteWebDriver.execute(RemoteWebDriver.java:548)
	at io.appium.java_client.DefaultGenericMobileDriver.execute(DefaultGenericMobileDriver.java:42)
	at io.appium.java_client.AppiumDriver.execute(AppiumDriver.java:1)
	at io.appium.java_client.android.AndroidDriver.execute(AndroidDriver.java:1)
	at org.openqa.selenium.remote.RemoteWebDriver.findElement(RemoteWebDriver.java:322)
	at io.appium.java_client.DefaultGenericMobileDriver.findElement(DefaultGenericMobileDriver.java:62)
	at io.appium.java_client.AppiumDriver.findElement(AppiumDriver.java:1)
	at io.appium.java_client.android.AndroidDriver.findElement(AndroidDriver.java:1)
	at org.openqa.selenium.remote.RemoteWebDriver.findElementById(RemoteWebDriver.java:368)
	at io.appium.java_client.DefaultGenericMobileDriver.findElementById(DefaultGenericMobileDriver.java:70)
	at io.appium.java_client.AppiumDriver.findElementById(AppiumDriver.java:1)
	at io.appium.java_client.android.AndroidDriver.findElementById(AndroidDriver.java:1)
	at org.openqa.selenium.By$ById.findElement(By.java:188)
	at org.openqa.selenium.remote.RemoteWebDriver.findElement(RemoteWebDriver.java:314)
	at io.appium.java_client.DefaultGenericMobileDriver.findElement(DefaultGenericMobileDriver.java:58)
	at io.appium.java_client.AppiumDriver.findElement(AppiumDriver.java:1)
	at io.appium.java_client.android.AndroidDriver.findElement(AndroidDriver.java:1)
	at com.ey.test3po.pages.EmergencyFundAnnualSpendingPage.getPageContent(EmergencyFundAnnualSpendingPage.java:22)
	at com.ey.test3po.userjourney.EmergencyUserSignUpJourneyTest.emergencyFundAnnualSpending(EmergencyUserSignUpJourneyTest.java:85)
... Removed 29 stack frames</pre></div><a href='#' onClick='toggleBox("stack-trace2003014400", this, "Click to show all stack frames", "Click to hide stack frames")'>Click to show all stack frames</a>
<div class='stack-trace' id='stack-trace2003014400'><pre>org.openqa.selenium.NoSuchElementException: An element could not be located on the page using the given search parameters.
For documentation on this error, please visit: http://seleniumhq.org/exceptions/no_such_element.html
Build info: version: &apos;3.13.0&apos;, revision: &apos;2f0d292&apos;, time: &apos;2018-06-25T15:24:21.231Z&apos;
System info: host: &apos;IN2070121W2&apos;, ip: &apos;192.168.52.2&apos;, os.name: &apos;Windows 10&apos;, os.arch: &apos;amd64&apos;, os.version: &apos;10.0&apos;, java.version: &apos;1.8.0_171&apos;
Driver info: io.appium.java_client.android.AndroidDriver
Capabilities {appActivity: com.eygsskpoc.ey3po.activit..., appPackage: com.eygsskpoc.ey3po, databaseEnabled: false, desired: {appActivity: com.eygsskpoc.ey3po.activit..., appPackage: com.eygsskpoc.ey3po, deviceName: 92010457a0ce2315, noReset: true, platformName: android, resetKeyboard: true, unicodeKeyboard: true, version: 5.1.1}, deviceManufacturer: samsung, deviceModel: SM-J200G, deviceName: 92010457a0ce2315, deviceScreenSize: 540x960, deviceUDID: 92010457a0ce2315, javascriptEnabled: true, locationContextEnabled: false, networkConnectionEnabled: true, noReset: true, platform: LINUX, platformName: Android, platformVersion: 5.1.1, resetKeyboard: true, takesScreenshot: true, unicodeKeyboard: true, version: 5.1.1, warnings: {}, webStorageEnabled: false}
Session ID: 51e3c794-88e8-45db-8e96-19f809e7e0a8
*** Element info: {Using=id, value=//*[@resource-id=&apos;com.eygsskpoc.ey3po:id/textView_subheader&apos; and @text=&apos;Annual Spending&apos;]/../../../../following-sibling::*[@resource-id=&apos;com.eygsskpoc.ey3po:id/headder_layout&apos;]/descendant::*[@resource-id=&apos;com.eygsskpoc.ey3po:id/label_legend&apos;]}
	at sun.reflect.NativeConstructorAccessorImpl.newInstance0(Native Method)
	at sun.reflect.NativeConstructorAccessorImpl.newInstance(NativeConstructorAccessorImpl.java:62)
	at sun.reflect.DelegatingConstructorAccessorImpl.newInstance(DelegatingConstructorAccessorImpl.java:45)
	at java.lang.reflect.Constructor.newInstance(Constructor.java:423)
	at org.openqa.selenium.remote.http.W3CHttpResponseCodec.createException(W3CHttpResponseCodec.java:187)
	at org.openqa.selenium.remote.http.W3CHttpResponseCodec.decode(W3CHttpResponseCodec.java:122)
	at org.openqa.selenium.remote.http.W3CHttpResponseCodec.decode(W3CHttpResponseCodec.java:49)
	at org.openqa.selenium.remote.HttpCommandExecutor.execute(HttpCommandExecutor.java:158)
	at io.appium.java_client.remote.AppiumCommandExecutor.execute(AppiumCommandExecutor.java:231)
	at org.openqa.selenium.remote.RemoteWebDriver.execute(RemoteWebDriver.java:548)
	at io.appium.java_client.DefaultGenericMobileDriver.execute(DefaultGenericMobileDriver.java:42)
	at io.appium.java_client.AppiumDriver.execute(AppiumDriver.java:1)
	at io.appium.java_client.android.AndroidDriver.execute(AndroidDriver.java:1)
	at org.openqa.selenium.remote.RemoteWebDriver.findElement(RemoteWebDriver.java:322)
	at io.appium.java_client.DefaultGenericMobileDriver.findElement(DefaultGenericMobileDriver.java:62)
	at io.appium.java_client.AppiumDriver.findElement(AppiumDriver.java:1)
	at io.appium.java_client.android.AndroidDriver.findElement(AndroidDriver.java:1)
	at org.openqa.selenium.remote.RemoteWebDriver.findElementById(RemoteWebDriver.java:368)
	at io.appium.java_client.DefaultGenericMobileDriver.findElementById(DefaultGenericMobileDriver.java:70)
	at io.appium.java_client.AppiumDriver.findElementById(AppiumDriver.java:1)
	at io.appium.java_client.android.AndroidDriver.findElementById(AndroidDriver.java:1)
	at org.openqa.selenium.By$ById.findElement(By.java:188)
	at org.openqa.selenium.remote.RemoteWebDriver.findElement(RemoteWebDriver.java:314)
	at io.appium.java_client.DefaultGenericMobileDriver.findElement(DefaultGenericMobileDriver.java:58)
	at io.appium.java_client.AppiumDriver.findElement(AppiumDriver.java:1)
	at io.appium.java_client.android.AndroidDriver.findElement(AndroidDriver.java:1)
	at com.ey.test3po.pages.EmergencyFundAnnualSpendingPage.getPageContent(EmergencyFundAnnualSpendingPage.java:22)
	at com.ey.test3po.userjourney.EmergencyUserSignUpJourneyTest.emergencyFundAnnualSpending(EmergencyUserSignUpJourneyTest.java:85)
	at sun.reflect.NativeMethodAccessorImpl.invoke0(Native Method)
	at sun.reflect.NativeMethodAccessorImpl.invoke(NativeMethodAccessorImpl.java:62)
	at sun.reflect.DelegatingMethodAccessorImpl.invoke(DelegatingMethodAccessorImpl.java:43)
	at java.lang.reflect.Method.invoke(Method.java:498)
	at org.testng.internal.MethodInvocationHelper.invokeMethod(MethodInvocationHelper.java:124)
	at org.testng.internal.Invoker.invokeMethod(Invoker.java:580)
	at org.testng.internal.Invoker.invokeTestMethod(Invoker.java:716)
	at org.testng.internal.Invoker.invokeTestMethods(Invoker.java:988)
	at org.testng.internal.TestMethodWorker.invokeTestMethods(TestMethodWorker.java:125)
	at org.testng.internal.TestMethodWorker.run(TestMethodWorker.java:109)
	at org.testng.TestRunner.privateRun(TestRunner.java:648)
	at org.testng.TestRunner.run(TestRunner.java:505)
	at org.testng.SuiteRunner.runTest(SuiteRunner.java:455)
	at org.testng.SuiteRunner.runSequentially(SuiteRunner.java:450)
	at org.testng.SuiteRunner.privateRun(SuiteRunner.java:415)
	at org.testng.SuiteRunner.run(SuiteRunner.java:364)
	at org.testng.SuiteRunnerWorker.runSuite(SuiteRunnerWorker.java:52)
	at org.testng.SuiteRunnerWorker.run(SuiteRunnerWorker.java:84)
	at org.testng.TestNG.runSuitesSequentially(TestNG.java:1208)
	at org.testng.TestNG.runSuitesLocally(TestNG.java:1137)
	at org.testng.TestNG.runSuites(TestNG.java:1049)
	at org.testng.TestNG.run(TestNG.java:1017)
	at org.testng.remote.AbstractRemoteTestNG.run(AbstractRemoteTestNG.java:114)
	at org.testng.remote.RemoteTestNG.initAndRun(RemoteTestNG.java:251)
	at org.testng.remote.RemoteTestNG.main(RemoteTestNG.java:77)
</pre></div></td>
<td>134</td>
<td>com.ey.test3po.userjourney.EmergencyUserSignUpJourneyTest@59e5ddf</td></tr>
<tr>
<td title='com.ey.test3po.userjourney.EmergencyUserSignUpJourneyTest.emergencyFundAnnualSpending()'><b>emergencyFundAnnualSpending</b><br>Test class: com.ey.test3po.userjourney.EmergencyUserSignUpJourneyTest<br>Parameters: 10000, 33150, 18, Test2, 1, 748, Test, test@test.com, 123.0, 123.0, 748, 1, TC_02<br/>
<a href="#Output-871621203" onClick='toggleBox("Output-871621203", this, "Show output", "Hide output");'>Show output</a>

<a href="#Output-871621203" onClick="toggleAllBoxes();">Show all outputs</a>
<div class='log' id="Output-871621203">
<img src="file://C:\Back Up\Project Work\Learning Stuffs\Eclipse Oxygen\3PO\screenshots\emergencyFundAnnualSpending_1534344920412.png" alt=""/><br/>
</div>
</td>
<td><div><pre>org.openqa.selenium.NoSuchElementException: An element could not be located on the page using the given search parameters.
For documentation on this error, please visit: http://seleniumhq.org/exceptions/no_such_element.html
Build info: version: &apos;3.13.0&apos;, revision: &apos;2f0d292&apos;, time: &apos;2018-06-25T15:24:21.231Z&apos;
System info: host: &apos;IN2070121W2&apos;, ip: &apos;192.168.52.2&apos;, os.name: &apos;Windows 10&apos;, os.arch: &apos;amd64&apos;, os.version: &apos;10.0&apos;, java.version: &apos;1.8.0_171&apos;
Driver info: io.appium.java_client.android.AndroidDriver
Capabilities {appActivity: com.eygsskpoc.ey3po.activit..., appPackage: com.eygsskpoc.ey3po, databaseEnabled: false, desired: {appActivity: com.eygsskpoc.ey3po.activit..., appPackage: com.eygsskpoc.ey3po, deviceName: 92010457a0ce2315, noReset: true, platformName: android, resetKeyboard: true, unicodeKeyboard: true, version: 5.1.1}, deviceManufacturer: samsung, deviceModel: SM-J200G, deviceName: 92010457a0ce2315, deviceScreenSize: 540x960, deviceUDID: 92010457a0ce2315, javascriptEnabled: true, locationContextEnabled: false, networkConnectionEnabled: true, noReset: true, platform: LINUX, platformName: Android, platformVersion: 5.1.1, resetKeyboard: true, takesScreenshot: true, unicodeKeyboard: true, version: 5.1.1, warnings: {}, webStorageEnabled: false}
Session ID: f2aea1fc-f911-4ce1-8d8a-8831fc4459ad
*** Element info: {Using=id, value=//*[@resource-id=&apos;com.eygsskpoc.ey3po:id/textView_subheader&apos; and @text=&apos;Annual Spending&apos;]/../../../../following-sibling::*[@resource-id=&apos;com.eygsskpoc.ey3po:id/headder_layout&apos;]/descendant::*[@resource-id=&apos;com.eygsskpoc.ey3po:id/label_legend&apos;]}
	at org.openqa.selenium.remote.http.W3CHttpResponseCodec.createException(W3CHttpResponseCodec.java:187)
	at org.openqa.selenium.remote.http.W3CHttpResponseCodec.decode(W3CHttpResponseCodec.java:122)
	at org.openqa.selenium.remote.http.W3CHttpResponseCodec.decode(W3CHttpResponseCodec.java:49)
	at org.openqa.selenium.remote.HttpCommandExecutor.execute(HttpCommandExecutor.java:158)
	at io.appium.java_client.remote.AppiumCommandExecutor.execute(AppiumCommandExecutor.java:231)
	at org.openqa.selenium.remote.RemoteWebDriver.execute(RemoteWebDriver.java:548)
	at io.appium.java_client.DefaultGenericMobileDriver.execute(DefaultGenericMobileDriver.java:42)
	at io.appium.java_client.AppiumDriver.execute(AppiumDriver.java:1)
	at io.appium.java_client.android.AndroidDriver.execute(AndroidDriver.java:1)
	at org.openqa.selenium.remote.RemoteWebDriver.findElement(RemoteWebDriver.java:322)
	at io.appium.java_client.DefaultGenericMobileDriver.findElement(DefaultGenericMobileDriver.java:62)
	at io.appium.java_client.AppiumDriver.findElement(AppiumDriver.java:1)
	at io.appium.java_client.android.AndroidDriver.findElement(AndroidDriver.java:1)
	at org.openqa.selenium.remote.RemoteWebDriver.findElementById(RemoteWebDriver.java:368)
	at io.appium.java_client.DefaultGenericMobileDriver.findElementById(DefaultGenericMobileDriver.java:70)
	at io.appium.java_client.AppiumDriver.findElementById(AppiumDriver.java:1)
	at io.appium.java_client.android.AndroidDriver.findElementById(AndroidDriver.java:1)
	at org.openqa.selenium.By$ById.findElement(By.java:188)
	at org.openqa.selenium.remote.RemoteWebDriver.findElement(RemoteWebDriver.java:314)
	at io.appium.java_client.DefaultGenericMobileDriver.findElement(DefaultGenericMobileDriver.java:58)
	at io.appium.java_client.AppiumDriver.findElement(AppiumDriver.java:1)
	at io.appium.java_client.android.AndroidDriver.findElement(AndroidDriver.java:1)
	at com.ey.test3po.pages.EmergencyFundAnnualSpendingPage.getPageContent(EmergencyFundAnnualSpendingPage.java:22)
	at com.ey.test3po.userjourney.EmergencyUserSignUpJourneyTest.emergencyFundAnnualSpending(EmergencyUserSignUpJourneyTest.java:85)
... Removed 29 stack frames</pre></div><a href='#' onClick='toggleBox("stack-trace871621203", this, "Click to show all stack frames", "Click to hide stack frames")'>Click to show all stack frames</a>
<div class='stack-trace' id='stack-trace871621203'><pre>org.openqa.selenium.NoSuchElementException: An element could not be located on the page using the given search parameters.
For documentation on this error, please visit: http://seleniumhq.org/exceptions/no_such_element.html
Build info: version: &apos;3.13.0&apos;, revision: &apos;2f0d292&apos;, time: &apos;2018-06-25T15:24:21.231Z&apos;
System info: host: &apos;IN2070121W2&apos;, ip: &apos;192.168.52.2&apos;, os.name: &apos;Windows 10&apos;, os.arch: &apos;amd64&apos;, os.version: &apos;10.0&apos;, java.version: &apos;1.8.0_171&apos;
Driver info: io.appium.java_client.android.AndroidDriver
Capabilities {appActivity: com.eygsskpoc.ey3po.activit..., appPackage: com.eygsskpoc.ey3po, databaseEnabled: false, desired: {appActivity: com.eygsskpoc.ey3po.activit..., appPackage: com.eygsskpoc.ey3po, deviceName: 92010457a0ce2315, noReset: true, platformName: android, resetKeyboard: true, unicodeKeyboard: true, version: 5.1.1}, deviceManufacturer: samsung, deviceModel: SM-J200G, deviceName: 92010457a0ce2315, deviceScreenSize: 540x960, deviceUDID: 92010457a0ce2315, javascriptEnabled: true, locationContextEnabled: false, networkConnectionEnabled: true, noReset: true, platform: LINUX, platformName: Android, platformVersion: 5.1.1, resetKeyboard: true, takesScreenshot: true, unicodeKeyboard: true, version: 5.1.1, warnings: {}, webStorageEnabled: false}
Session ID: f2aea1fc-f911-4ce1-8d8a-8831fc4459ad
*** Element info: {Using=id, value=//*[@resource-id=&apos;com.eygsskpoc.ey3po:id/textView_subheader&apos; and @text=&apos;Annual Spending&apos;]/../../../../following-sibling::*[@resource-id=&apos;com.eygsskpoc.ey3po:id/headder_layout&apos;]/descendant::*[@resource-id=&apos;com.eygsskpoc.ey3po:id/label_legend&apos;]}
	at sun.reflect.NativeConstructorAccessorImpl.newInstance0(Native Method)
	at sun.reflect.NativeConstructorAccessorImpl.newInstance(NativeConstructorAccessorImpl.java:62)
	at sun.reflect.DelegatingConstructorAccessorImpl.newInstance(DelegatingConstructorAccessorImpl.java:45)
	at java.lang.reflect.Constructor.newInstance(Constructor.java:423)
	at org.openqa.selenium.remote.http.W3CHttpResponseCodec.createException(W3CHttpResponseCodec.java:187)
	at org.openqa.selenium.remote.http.W3CHttpResponseCodec.decode(W3CHttpResponseCodec.java:122)
	at org.openqa.selenium.remote.http.W3CHttpResponseCodec.decode(W3CHttpResponseCodec.java:49)
	at org.openqa.selenium.remote.HttpCommandExecutor.execute(HttpCommandExecutor.java:158)
	at io.appium.java_client.remote.AppiumCommandExecutor.execute(AppiumCommandExecutor.java:231)
	at org.openqa.selenium.remote.RemoteWebDriver.execute(RemoteWebDriver.java:548)
	at io.appium.java_client.DefaultGenericMobileDriver.execute(DefaultGenericMobileDriver.java:42)
	at io.appium.java_client.AppiumDriver.execute(AppiumDriver.java:1)
	at io.appium.java_client.android.AndroidDriver.execute(AndroidDriver.java:1)
	at org.openqa.selenium.remote.RemoteWebDriver.findElement(RemoteWebDriver.java:322)
	at io.appium.java_client.DefaultGenericMobileDriver.findElement(DefaultGenericMobileDriver.java:62)
	at io.appium.java_client.AppiumDriver.findElement(AppiumDriver.java:1)
	at io.appium.java_client.android.AndroidDriver.findElement(AndroidDriver.java:1)
	at org.openqa.selenium.remote.RemoteWebDriver.findElementById(RemoteWebDriver.java:368)
	at io.appium.java_client.DefaultGenericMobileDriver.findElementById(DefaultGenericMobileDriver.java:70)
	at io.appium.java_client.AppiumDriver.findElementById(AppiumDriver.java:1)
	at io.appium.java_client.android.AndroidDriver.findElementById(AndroidDriver.java:1)
	at org.openqa.selenium.By$ById.findElement(By.java:188)
	at org.openqa.selenium.remote.RemoteWebDriver.findElement(RemoteWebDriver.java:314)
	at io.appium.java_client.DefaultGenericMobileDriver.findElement(DefaultGenericMobileDriver.java:58)
	at io.appium.java_client.AppiumDriver.findElement(AppiumDriver.java:1)
	at io.appium.java_client.android.AndroidDriver.findElement(AndroidDriver.java:1)
	at com.ey.test3po.pages.EmergencyFundAnnualSpendingPage.getPageContent(EmergencyFundAnnualSpendingPage.java:22)
	at com.ey.test3po.userjourney.EmergencyUserSignUpJourneyTest.emergencyFundAnnualSpending(EmergencyUserSignUpJourneyTest.java:85)
	at sun.reflect.NativeMethodAccessorImpl.invoke0(Native Method)
	at sun.reflect.NativeMethodAccessorImpl.invoke(NativeMethodAccessorImpl.java:62)
	at sun.reflect.DelegatingMethodAccessorImpl.invoke(DelegatingMethodAccessorImpl.java:43)
	at java.lang.reflect.Method.invoke(Method.java:498)
	at org.testng.internal.MethodInvocationHelper.invokeMethod(MethodInvocationHelper.java:124)
	at org.testng.internal.Invoker.invokeMethod(Invoker.java:580)
	at org.testng.internal.Invoker.invokeTestMethod(Invoker.java:716)
	at org.testng.internal.Invoker.invokeTestMethods(Invoker.java:988)
	at org.testng.internal.TestMethodWorker.invokeTestMethods(TestMethodWorker.java:125)
	at org.testng.internal.TestMethodWorker.run(TestMethodWorker.java:109)
	at org.testng.TestRunner.privateRun(TestRunner.java:648)
	at org.testng.TestRunner.run(TestRunner.java:505)
	at org.testng.SuiteRunner.runTest(SuiteRunner.java:455)
	at org.testng.SuiteRunner.runSequentially(SuiteRunner.java:450)
	at org.testng.SuiteRunner.privateRun(SuiteRunner.java:415)
	at org.testng.SuiteRunner.run(SuiteRunner.java:364)
	at org.testng.SuiteRunnerWorker.runSuite(SuiteRunnerWorker.java:52)
	at org.testng.SuiteRunnerWorker.run(SuiteRunnerWorker.java:84)
	at org.testng.TestNG.runSuitesSequentially(TestNG.java:1208)
	at org.testng.TestNG.runSuitesLocally(TestNG.java:1137)
	at org.testng.TestNG.runSuites(TestNG.java:1049)
	at org.testng.TestNG.run(TestNG.java:1017)
	at org.testng.remote.AbstractRemoteTestNG.run(AbstractRemoteTestNG.java:114)
	at org.testng.remote.RemoteTestNG.initAndRun(RemoteTestNG.java:251)
	at org.testng.remote.RemoteTestNG.main(RemoteTestNG.java:77)
</pre></div></td>
<td>125</td>
<td>com.ey.test3po.userjourney.EmergencyUserSignUpJourneyTest@59e5ddf</td></tr>
<tr>
<td title='com.ey.test3po.userjourney.EmergencyUserSignUpJourneyTest.emergencyFundAnnualSpending()'><b>emergencyFundAnnualSpending</b><br>Test class: com.ey.test3po.userjourney.EmergencyUserSignUpJourneyTest<br>Parameters: 100000, 33150, 18, Test3, 3, 19900, Test, test@test.com, 123.0, 123.0, 19755, 3.1, TC_03<br/>
<a href="#Output-127464063" onClick='toggleBox("Output-127464063", this, "Show output", "Hide output");'>Show output</a>

<a href="#Output-127464063" onClick="toggleAllBoxes();">Show all outputs</a>
<div class='log' id="Output-127464063">
<img src="file://C:\Back Up\Project Work\Learning Stuffs\Eclipse Oxygen\3PO\screenshots\emergencyFundAnnualSpending_1534345077809.png" alt=""/><br/>
</div>
</td>
<td><div><pre>org.openqa.selenium.NoSuchElementException: An element could not be located on the page using the given search parameters.
For documentation on this error, please visit: http://seleniumhq.org/exceptions/no_such_element.html
Build info: version: &apos;3.13.0&apos;, revision: &apos;2f0d292&apos;, time: &apos;2018-06-25T15:24:21.231Z&apos;
System info: host: &apos;IN2070121W2&apos;, ip: &apos;192.168.52.2&apos;, os.name: &apos;Windows 10&apos;, os.arch: &apos;amd64&apos;, os.version: &apos;10.0&apos;, java.version: &apos;1.8.0_171&apos;
Driver info: io.appium.java_client.android.AndroidDriver
Capabilities {appActivity: com.eygsskpoc.ey3po.activit..., appPackage: com.eygsskpoc.ey3po, databaseEnabled: false, desired: {appActivity: com.eygsskpoc.ey3po.activit..., appPackage: com.eygsskpoc.ey3po, deviceName: 92010457a0ce2315, noReset: true, platformName: android, resetKeyboard: true, unicodeKeyboard: true, version: 5.1.1}, deviceManufacturer: samsung, deviceModel: SM-J200G, deviceName: 92010457a0ce2315, deviceScreenSize: 540x960, deviceUDID: 92010457a0ce2315, javascriptEnabled: true, locationContextEnabled: false, networkConnectionEnabled: true, noReset: true, platform: LINUX, platformName: Android, platformVersion: 5.1.1, resetKeyboard: true, takesScreenshot: true, unicodeKeyboard: true, version: 5.1.1, warnings: {}, webStorageEnabled: false}
Session ID: 48e00567-33b3-4e12-ae95-1b5c726d8cf5
*** Element info: {Using=id, value=//*[@resource-id=&apos;com.eygsskpoc.ey3po:id/textView_subheader&apos; and @text=&apos;Annual Spending&apos;]/../../../../following-sibling::*[@resource-id=&apos;com.eygsskpoc.ey3po:id/headder_layout&apos;]/descendant::*[@resource-id=&apos;com.eygsskpoc.ey3po:id/label_legend&apos;]}
	at org.openqa.selenium.remote.http.W3CHttpResponseCodec.createException(W3CHttpResponseCodec.java:187)
	at org.openqa.selenium.remote.http.W3CHttpResponseCodec.decode(W3CHttpResponseCodec.java:122)
	at org.openqa.selenium.remote.http.W3CHttpResponseCodec.decode(W3CHttpResponseCodec.java:49)
	at org.openqa.selenium.remote.HttpCommandExecutor.execute(HttpCommandExecutor.java:158)
	at io.appium.java_client.remote.AppiumCommandExecutor.execute(AppiumCommandExecutor.java:231)
	at org.openqa.selenium.remote.RemoteWebDriver.execute(RemoteWebDriver.java:548)
	at io.appium.java_client.DefaultGenericMobileDriver.execute(DefaultGenericMobileDriver.java:42)
	at io.appium.java_client.AppiumDriver.execute(AppiumDriver.java:1)
	at io.appium.java_client.android.AndroidDriver.execute(AndroidDriver.java:1)
	at org.openqa.selenium.remote.RemoteWebDriver.findElement(RemoteWebDriver.java:322)
	at io.appium.java_client.DefaultGenericMobileDriver.findElement(DefaultGenericMobileDriver.java:62)
	at io.appium.java_client.AppiumDriver.findElement(AppiumDriver.java:1)
	at io.appium.java_client.android.AndroidDriver.findElement(AndroidDriver.java:1)
	at org.openqa.selenium.remote.RemoteWebDriver.findElementById(RemoteWebDriver.java:368)
	at io.appium.java_client.DefaultGenericMobileDriver.findElementById(DefaultGenericMobileDriver.java:70)
	at io.appium.java_client.AppiumDriver.findElementById(AppiumDriver.java:1)
	at io.appium.java_client.android.AndroidDriver.findElementById(AndroidDriver.java:1)
	at org.openqa.selenium.By$ById.findElement(By.java:188)
	at org.openqa.selenium.remote.RemoteWebDriver.findElement(RemoteWebDriver.java:314)
	at io.appium.java_client.DefaultGenericMobileDriver.findElement(DefaultGenericMobileDriver.java:58)
	at io.appium.java_client.AppiumDriver.findElement(AppiumDriver.java:1)
	at io.appium.java_client.android.AndroidDriver.findElement(AndroidDriver.java:1)
	at com.ey.test3po.pages.EmergencyFundAnnualSpendingPage.getPageContent(EmergencyFundAnnualSpendingPage.java:22)
	at com.ey.test3po.userjourney.EmergencyUserSignUpJourneyTest.emergencyFundAnnualSpending(EmergencyUserSignUpJourneyTest.java:85)
... Removed 29 stack frames</pre></div><a href='#' onClick='toggleBox("stack-trace127464063", this, "Click to show all stack frames", "Click to hide stack frames")'>Click to show all stack frames</a>
<div class='stack-trace' id='stack-trace127464063'><pre>org.openqa.selenium.NoSuchElementException: An element could not be located on the page using the given search parameters.
For documentation on this error, please visit: http://seleniumhq.org/exceptions/no_such_element.html
Build info: version: &apos;3.13.0&apos;, revision: &apos;2f0d292&apos;, time: &apos;2018-06-25T15:24:21.231Z&apos;
System info: host: &apos;IN2070121W2&apos;, ip: &apos;192.168.52.2&apos;, os.name: &apos;Windows 10&apos;, os.arch: &apos;amd64&apos;, os.version: &apos;10.0&apos;, java.version: &apos;1.8.0_171&apos;
Driver info: io.appium.java_client.android.AndroidDriver
Capabilities {appActivity: com.eygsskpoc.ey3po.activit..., appPackage: com.eygsskpoc.ey3po, databaseEnabled: false, desired: {appActivity: com.eygsskpoc.ey3po.activit..., appPackage: com.eygsskpoc.ey3po, deviceName: 92010457a0ce2315, noReset: true, platformName: android, resetKeyboard: true, unicodeKeyboard: true, version: 5.1.1}, deviceManufacturer: samsung, deviceModel: SM-J200G, deviceName: 92010457a0ce2315, deviceScreenSize: 540x960, deviceUDID: 92010457a0ce2315, javascriptEnabled: true, locationContextEnabled: false, networkConnectionEnabled: true, noReset: true, platform: LINUX, platformName: Android, platformVersion: 5.1.1, resetKeyboard: true, takesScreenshot: true, unicodeKeyboard: true, version: 5.1.1, warnings: {}, webStorageEnabled: false}
Session ID: 48e00567-33b3-4e12-ae95-1b5c726d8cf5
*** Element info: {Using=id, value=//*[@resource-id=&apos;com.eygsskpoc.ey3po:id/textView_subheader&apos; and @text=&apos;Annual Spending&apos;]/../../../../following-sibling::*[@resource-id=&apos;com.eygsskpoc.ey3po:id/headder_layout&apos;]/descendant::*[@resource-id=&apos;com.eygsskpoc.ey3po:id/label_legend&apos;]}
	at sun.reflect.NativeConstructorAccessorImpl.newInstance0(Native Method)
	at sun.reflect.NativeConstructorAccessorImpl.newInstance(NativeConstructorAccessorImpl.java:62)
	at sun.reflect.DelegatingConstructorAccessorImpl.newInstance(DelegatingConstructorAccessorImpl.java:45)
	at java.lang.reflect.Constructor.newInstance(Constructor.java:423)
	at org.openqa.selenium.remote.http.W3CHttpResponseCodec.createException(W3CHttpResponseCodec.java:187)
	at org.openqa.selenium.remote.http.W3CHttpResponseCodec.decode(W3CHttpResponseCodec.java:122)
	at org.openqa.selenium.remote.http.W3CHttpResponseCodec.decode(W3CHttpResponseCodec.java:49)
	at org.openqa.selenium.remote.HttpCommandExecutor.execute(HttpCommandExecutor.java:158)
	at io.appium.java_client.remote.AppiumCommandExecutor.execute(AppiumCommandExecutor.java:231)
	at org.openqa.selenium.remote.RemoteWebDriver.execute(RemoteWebDriver.java:548)
	at io.appium.java_client.DefaultGenericMobileDriver.execute(DefaultGenericMobileDriver.java:42)
	at io.appium.java_client.AppiumDriver.execute(AppiumDriver.java:1)
	at io.appium.java_client.android.AndroidDriver.execute(AndroidDriver.java:1)
	at org.openqa.selenium.remote.RemoteWebDriver.findElement(RemoteWebDriver.java:322)
	at io.appium.java_client.DefaultGenericMobileDriver.findElement(DefaultGenericMobileDriver.java:62)
	at io.appium.java_client.AppiumDriver.findElement(AppiumDriver.java:1)
	at io.appium.java_client.android.AndroidDriver.findElement(AndroidDriver.java:1)
	at org.openqa.selenium.remote.RemoteWebDriver.findElementById(RemoteWebDriver.java:368)
	at io.appium.java_client.DefaultGenericMobileDriver.findElementById(DefaultGenericMobileDriver.java:70)
	at io.appium.java_client.AppiumDriver.findElementById(AppiumDriver.java:1)
	at io.appium.java_client.android.AndroidDriver.findElementById(AndroidDriver.java:1)
	at org.openqa.selenium.By$ById.findElement(By.java:188)
	at org.openqa.selenium.remote.RemoteWebDriver.findElement(RemoteWebDriver.java:314)
	at io.appium.java_client.DefaultGenericMobileDriver.findElement(DefaultGenericMobileDriver.java:58)
	at io.appium.java_client.AppiumDriver.findElement(AppiumDriver.java:1)
	at io.appium.java_client.android.AndroidDriver.findElement(AndroidDriver.java:1)
	at com.ey.test3po.pages.EmergencyFundAnnualSpendingPage.getPageContent(EmergencyFundAnnualSpendingPage.java:22)
	at com.ey.test3po.userjourney.EmergencyUserSignUpJourneyTest.emergencyFundAnnualSpending(EmergencyUserSignUpJourneyTest.java:85)
	at sun.reflect.NativeMethodAccessorImpl.invoke0(Native Method)
	at sun.reflect.NativeMethodAccessorImpl.invoke(NativeMethodAccessorImpl.java:62)
	at sun.reflect.DelegatingMethodAccessorImpl.invoke(DelegatingMethodAccessorImpl.java:43)
	at java.lang.reflect.Method.invoke(Method.java:498)
	at org.testng.internal.MethodInvocationHelper.invokeMethod(MethodInvocationHelper.java:124)
	at org.testng.internal.Invoker.invokeMethod(Invoker.java:580)
	at org.testng.internal.Invoker.invokeTestMethod(Invoker.java:716)
	at org.testng.internal.Invoker.invokeTestMethods(Invoker.java:988)
	at org.testng.internal.TestMethodWorker.invokeTestMethods(TestMethodWorker.java:125)
	at org.testng.internal.TestMethodWorker.run(TestMethodWorker.java:109)
	at org.testng.TestRunner.privateRun(TestRunner.java:648)
	at org.testng.TestRunner.run(TestRunner.java:505)
	at org.testng.SuiteRunner.runTest(SuiteRunner.java:455)
	at org.testng.SuiteRunner.runSequentially(SuiteRunner.java:450)
	at org.testng.SuiteRunner.privateRun(SuiteRunner.java:415)
	at org.testng.SuiteRunner.run(SuiteRunner.java:364)
	at org.testng.SuiteRunnerWorker.runSuite(SuiteRunnerWorker.java:52)
	at org.testng.SuiteRunnerWorker.run(SuiteRunnerWorker.java:84)
	at org.testng.TestNG.runSuitesSequentially(TestNG.java:1208)
	at org.testng.TestNG.runSuitesLocally(TestNG.java:1137)
	at org.testng.TestNG.runSuites(TestNG.java:1049)
	at org.testng.TestNG.run(TestNG.java:1017)
	at org.testng.remote.AbstractRemoteTestNG.run(AbstractRemoteTestNG.java:114)
	at org.testng.remote.RemoteTestNG.initAndRun(RemoteTestNG.java:251)
	at org.testng.remote.RemoteTestNG.main(RemoteTestNG.java:77)
</pre></div></td>
<td>119</td>
<td>com.ey.test3po.userjourney.EmergencyUserSignUpJourneyTest@59e5ddf</td></tr>
<tr>
<td title='com.ey.test3po.userjourney.EmergencyUserSignUpJourneyTest.emergencyFundAnnualSpending()'><b>emergencyFundAnnualSpending</b><br>Test class: com.ey.test3po.userjourney.EmergencyUserSignUpJourneyTest<br>Parameters: 999999999999, 33150, 18, Test4, 100, 999999999999, Test, test@test.com, 123.0, 123.0, 5033333701505, 19.9, TC_04<br/>
<a href="#Output-537185101" onClick='toggleBox("Output-537185101", this, "Show output", "Hide output");'>Show output</a>

<a href="#Output-537185101" onClick="toggleAllBoxes();">Show all outputs</a>
<div class='log' id="Output-537185101">
<img src="file://C:\Back Up\Project Work\Learning Stuffs\Eclipse Oxygen\3PO\screenshots\emergencyFundAnnualSpending_1534345231973.png" alt=""/><br/>
</div>
</td>
<td><div><pre>org.openqa.selenium.NoSuchElementException: An element could not be located on the page using the given search parameters.
For documentation on this error, please visit: http://seleniumhq.org/exceptions/no_such_element.html
Build info: version: &apos;3.13.0&apos;, revision: &apos;2f0d292&apos;, time: &apos;2018-06-25T15:24:21.231Z&apos;
System info: host: &apos;IN2070121W2&apos;, ip: &apos;192.168.52.2&apos;, os.name: &apos;Windows 10&apos;, os.arch: &apos;amd64&apos;, os.version: &apos;10.0&apos;, java.version: &apos;1.8.0_171&apos;
Driver info: io.appium.java_client.android.AndroidDriver
Capabilities {appActivity: com.eygsskpoc.ey3po.activit..., appPackage: com.eygsskpoc.ey3po, databaseEnabled: false, desired: {appActivity: com.eygsskpoc.ey3po.activit..., appPackage: com.eygsskpoc.ey3po, deviceName: 92010457a0ce2315, noReset: true, platformName: android, resetKeyboard: true, unicodeKeyboard: true, version: 5.1.1}, deviceManufacturer: samsung, deviceModel: SM-J200G, deviceName: 92010457a0ce2315, deviceScreenSize: 540x960, deviceUDID: 92010457a0ce2315, javascriptEnabled: true, locationContextEnabled: false, networkConnectionEnabled: true, noReset: true, platform: LINUX, platformName: Android, platformVersion: 5.1.1, resetKeyboard: true, takesScreenshot: true, unicodeKeyboard: true, version: 5.1.1, warnings: {}, webStorageEnabled: false}
Session ID: b5df66a5-1dbe-49e1-95c9-565ab7e9e046
*** Element info: {Using=id, value=//*[@resource-id=&apos;com.eygsskpoc.ey3po:id/textView_subheader&apos; and @text=&apos;Annual Spending&apos;]/../../../../following-sibling::*[@resource-id=&apos;com.eygsskpoc.ey3po:id/headder_layout&apos;]/descendant::*[@resource-id=&apos;com.eygsskpoc.ey3po:id/label_legend&apos;]}
	at org.openqa.selenium.remote.http.W3CHttpResponseCodec.createException(W3CHttpResponseCodec.java:187)
	at org.openqa.selenium.remote.http.W3CHttpResponseCodec.decode(W3CHttpResponseCodec.java:122)
	at org.openqa.selenium.remote.http.W3CHttpResponseCodec.decode(W3CHttpResponseCodec.java:49)
	at org.openqa.selenium.remote.HttpCommandExecutor.execute(HttpCommandExecutor.java:158)
	at io.appium.java_client.remote.AppiumCommandExecutor.execute(AppiumCommandExecutor.java:231)
	at org.openqa.selenium.remote.RemoteWebDriver.execute(RemoteWebDriver.java:548)
	at io.appium.java_client.DefaultGenericMobileDriver.execute(DefaultGenericMobileDriver.java:42)
	at io.appium.java_client.AppiumDriver.execute(AppiumDriver.java:1)
	at io.appium.java_client.android.AndroidDriver.execute(AndroidDriver.java:1)
	at org.openqa.selenium.remote.RemoteWebDriver.findElement(RemoteWebDriver.java:322)
	at io.appium.java_client.DefaultGenericMobileDriver.findElement(DefaultGenericMobileDriver.java:62)
	at io.appium.java_client.AppiumDriver.findElement(AppiumDriver.java:1)
	at io.appium.java_client.android.AndroidDriver.findElement(AndroidDriver.java:1)
	at org.openqa.selenium.remote.RemoteWebDriver.findElementById(RemoteWebDriver.java:368)
	at io.appium.java_client.DefaultGenericMobileDriver.findElementById(DefaultGenericMobileDriver.java:70)
	at io.appium.java_client.AppiumDriver.findElementById(AppiumDriver.java:1)
	at io.appium.java_client.android.AndroidDriver.findElementById(AndroidDriver.java:1)
	at org.openqa.selenium.By$ById.findElement(By.java:188)
	at org.openqa.selenium.remote.RemoteWebDriver.findElement(RemoteWebDriver.java:314)
	at io.appium.java_client.DefaultGenericMobileDriver.findElement(DefaultGenericMobileDriver.java:58)
	at io.appium.java_client.AppiumDriver.findElement(AppiumDriver.java:1)
	at io.appium.java_client.android.AndroidDriver.findElement(AndroidDriver.java:1)
	at com.ey.test3po.pages.EmergencyFundAnnualSpendingPage.getPageContent(EmergencyFundAnnualSpendingPage.java:22)
	at com.ey.test3po.userjourney.EmergencyUserSignUpJourneyTest.emergencyFundAnnualSpending(EmergencyUserSignUpJourneyTest.java:85)
... Removed 29 stack frames</pre></div><a href='#' onClick='toggleBox("stack-trace537185101", this, "Click to show all stack frames", "Click to hide stack frames")'>Click to show all stack frames</a>
<div class='stack-trace' id='stack-trace537185101'><pre>org.openqa.selenium.NoSuchElementException: An element could not be located on the page using the given search parameters.
For documentation on this error, please visit: http://seleniumhq.org/exceptions/no_such_element.html
Build info: version: &apos;3.13.0&apos;, revision: &apos;2f0d292&apos;, time: &apos;2018-06-25T15:24:21.231Z&apos;
System info: host: &apos;IN2070121W2&apos;, ip: &apos;192.168.52.2&apos;, os.name: &apos;Windows 10&apos;, os.arch: &apos;amd64&apos;, os.version: &apos;10.0&apos;, java.version: &apos;1.8.0_171&apos;
Driver info: io.appium.java_client.android.AndroidDriver
Capabilities {appActivity: com.eygsskpoc.ey3po.activit..., appPackage: com.eygsskpoc.ey3po, databaseEnabled: false, desired: {appActivity: com.eygsskpoc.ey3po.activit..., appPackage: com.eygsskpoc.ey3po, deviceName: 92010457a0ce2315, noReset: true, platformName: android, resetKeyboard: true, unicodeKeyboard: true, version: 5.1.1}, deviceManufacturer: samsung, deviceModel: SM-J200G, deviceName: 92010457a0ce2315, deviceScreenSize: 540x960, deviceUDID: 92010457a0ce2315, javascriptEnabled: true, locationContextEnabled: false, networkConnectionEnabled: true, noReset: true, platform: LINUX, platformName: Android, platformVersion: 5.1.1, resetKeyboard: true, takesScreenshot: true, unicodeKeyboard: true, version: 5.1.1, warnings: {}, webStorageEnabled: false}
Session ID: b5df66a5-1dbe-49e1-95c9-565ab7e9e046
*** Element info: {Using=id, value=//*[@resource-id=&apos;com.eygsskpoc.ey3po:id/textView_subheader&apos; and @text=&apos;Annual Spending&apos;]/../../../../following-sibling::*[@resource-id=&apos;com.eygsskpoc.ey3po:id/headder_layout&apos;]/descendant::*[@resource-id=&apos;com.eygsskpoc.ey3po:id/label_legend&apos;]}
	at sun.reflect.NativeConstructorAccessorImpl.newInstance0(Native Method)
	at sun.reflect.NativeConstructorAccessorImpl.newInstance(NativeConstructorAccessorImpl.java:62)
	at sun.reflect.DelegatingConstructorAccessorImpl.newInstance(DelegatingConstructorAccessorImpl.java:45)
	at java.lang.reflect.Constructor.newInstance(Constructor.java:423)
	at org.openqa.selenium.remote.http.W3CHttpResponseCodec.createException(W3CHttpResponseCodec.java:187)
	at org.openqa.selenium.remote.http.W3CHttpResponseCodec.decode(W3CHttpResponseCodec.java:122)
	at org.openqa.selenium.remote.http.W3CHttpResponseCodec.decode(W3CHttpResponseCodec.java:49)
	at org.openqa.selenium.remote.HttpCommandExecutor.execute(HttpCommandExecutor.java:158)
	at io.appium.java_client.remote.AppiumCommandExecutor.execute(AppiumCommandExecutor.java:231)
	at org.openqa.selenium.remote.RemoteWebDriver.execute(RemoteWebDriver.java:548)
	at io.appium.java_client.DefaultGenericMobileDriver.execute(DefaultGenericMobileDriver.java:42)
	at io.appium.java_client.AppiumDriver.execute(AppiumDriver.java:1)
	at io.appium.java_client.android.AndroidDriver.execute(AndroidDriver.java:1)
	at org.openqa.selenium.remote.RemoteWebDriver.findElement(RemoteWebDriver.java:322)
	at io.appium.java_client.DefaultGenericMobileDriver.findElement(DefaultGenericMobileDriver.java:62)
	at io.appium.java_client.AppiumDriver.findElement(AppiumDriver.java:1)
	at io.appium.java_client.android.AndroidDriver.findElement(AndroidDriver.java:1)
	at org.openqa.selenium.remote.RemoteWebDriver.findElementById(RemoteWebDriver.java:368)
	at io.appium.java_client.DefaultGenericMobileDriver.findElementById(DefaultGenericMobileDriver.java:70)
	at io.appium.java_client.AppiumDriver.findElementById(AppiumDriver.java:1)
	at io.appium.java_client.android.AndroidDriver.findElementById(AndroidDriver.java:1)
	at org.openqa.selenium.By$ById.findElement(By.java:188)
	at org.openqa.selenium.remote.RemoteWebDriver.findElement(RemoteWebDriver.java:314)
	at io.appium.java_client.DefaultGenericMobileDriver.findElement(DefaultGenericMobileDriver.java:58)
	at io.appium.java_client.AppiumDriver.findElement(AppiumDriver.java:1)
	at io.appium.java_client.android.AndroidDriver.findElement(AndroidDriver.java:1)
	at com.ey.test3po.pages.EmergencyFundAnnualSpendingPage.getPageContent(EmergencyFundAnnualSpendingPage.java:22)
	at com.ey.test3po.userjourney.EmergencyUserSignUpJourneyTest.emergencyFundAnnualSpending(EmergencyUserSignUpJourneyTest.java:85)
	at sun.reflect.NativeMethodAccessorImpl.invoke0(Native Method)
	at sun.reflect.NativeMethodAccessorImpl.invoke(NativeMethodAccessorImpl.java:62)
	at sun.reflect.DelegatingMethodAccessorImpl.invoke(DelegatingMethodAccessorImpl.java:43)
	at java.lang.reflect.Method.invoke(Method.java:498)
	at org.testng.internal.MethodInvocationHelper.invokeMethod(MethodInvocationHelper.java:124)
	at org.testng.internal.Invoker.invokeMethod(Invoker.java:580)
	at org.testng.internal.Invoker.invokeTestMethod(Invoker.java:716)
	at org.testng.internal.Invoker.invokeTestMethods(Invoker.java:988)
	at org.testng.internal.TestMethodWorker.invokeTestMethods(TestMethodWorker.java:125)
	at org.testng.internal.TestMethodWorker.run(TestMethodWorker.java:109)
	at org.testng.TestRunner.privateRun(TestRunner.java:648)
	at org.testng.TestRunner.run(TestRunner.java:505)
	at org.testng.SuiteRunner.runTest(SuiteRunner.java:455)
	at org.testng.SuiteRunner.runSequentially(SuiteRunner.java:450)
	at org.testng.SuiteRunner.privateRun(SuiteRunner.java:415)
	at org.testng.SuiteRunner.run(SuiteRunner.java:364)
	at org.testng.SuiteRunnerWorker.runSuite(SuiteRunnerWorker.java:52)
	at org.testng.SuiteRunnerWorker.run(SuiteRunnerWorker.java:84)
	at org.testng.TestNG.runSuitesSequentially(TestNG.java:1208)
	at org.testng.TestNG.runSuitesLocally(TestNG.java:1137)
	at org.testng.TestNG.runSuites(TestNG.java:1049)
	at org.testng.TestNG.run(TestNG.java:1017)
	at org.testng.remote.AbstractRemoteTestNG.run(AbstractRemoteTestNG.java:114)
	at org.testng.remote.RemoteTestNG.initAndRun(RemoteTestNG.java:251)
	at org.testng.remote.RemoteTestNG.main(RemoteTestNG.java:77)
</pre></div></td>
<td>115</td>
<td>com.ey.test3po.userjourney.EmergencyUserSignUpJourneyTest@59e5ddf</td></tr>
</table><p>
<table width='100%' border='1' class='invocation-passed'>
<tr><td colspan='4' align='center'><b>PASSED TESTS</b></td></tr>
<tr><td><b>Test method</b></td>
<td width="30%"><b>Exception</b></td>
<td width="10%"><b>Time (seconds)</b></td>
<td><b>Instance</b></td>
</tr>
<tr>
<td title='com.ey.test3po.userjourney.EducationGoalUserSignUpJourneyLessThan55Test.educationGoalAnnualSpending()'><b>educationGoalAnnualSpending</b><br>Test class: com.ey.test3po.userjourney.EducationGoalUserSignUpJourneyLessThan55Test<br>Parameters: 1000, 33150, 18, Education 1, 2020, Test1, 45556, 1.0, It's extremely important that I achieve this goal, 1000, 19000, Test, test@test.com, 123.0, 123.0, 1949, 23376, 23353, 41423, TC_01</td>
<td></td>
<td>185</td>
<td>com.ey.test3po.userjourney.EducationGoalUserSignUpJourneyLessThan55Test@2d8f65a4</td></tr>
<tr>
<td title='com.ey.test3po.userjourney.EducationGoalUserSignUpJourneyLessThan55Test.educationGoalAnnualSpending()'><b>educationGoalAnnualSpending</b><br>Test class: com.ey.test3po.userjourney.EducationGoalUserSignUpJourneyLessThan55Test<br>Parameters: 1000, 33150, 18, Education 2, 2020, Test2, 45556, 1.0, It's important but not critical I achieve this goal, 1887, , Test, test@test.com, 123.0, 123.0, 1886, 45596, , 45596, TC_02</td>
<td></td>
<td>127</td>
<td>com.ey.test3po.userjourney.EducationGoalUserSignUpJourneyLessThan55Test@2d8f65a4</td></tr>
<tr>
<td title='com.ey.test3po.userjourney.EducationGoalUserSignUpJourneyLessThan55Test.educationGoalAnnualSpending()'><b>educationGoalAnnualSpending</b><br>Test class: com.ey.test3po.userjourney.EducationGoalUserSignUpJourneyLessThan55Test<br>Parameters: 1000, 33150, 18, Education 2, 2020, Test2, 45556, 1.0, It's not important that I achieve this goal, 500, 30000, Test, test@test.com, 123.0, 123.0, 1837, 12401, 29900, 45668, TC_03</td>
<td></td>
<td>269</td>
<td>com.ey.test3po.userjourney.EducationGoalUserSignUpJourneyLessThan55Test@2d8f65a4</td></tr>
<tr>
<td title='com.ey.test3po.userjourney.LargePurchaseUserSignUpJourneyLessThan55Test.largePurchaseSignUpLessThan55()'><b>largePurchaseSignUpLessThan55</b><br>Test class: com.ey.test3po.userjourney.LargePurchaseUserSignUpJourneyLessThan55Test<br>Parameters: 10000, 33150, 54, Others 4, 2036, 5000000, 16, It's not important that I achieve this goal, 10000, 28661106, , Test, test@test.com, 123.0, 123.0, 230973, 216476, 28661105, 5000001, 5000001, , TC_06</td>
<td></td>
<td>332</td>
<td>com.ey.test3po.userjourney.LargePurchaseUserSignUpJourneyLessThan55Test@1b68ddbd</td></tr>
<tr>
<td title='com.ey.test3po.userjourney.LargePurchaseUserSignUpJourneyLessThan55Test.largePurchaseSignUpLessThan55()'><b>largePurchaseSignUpLessThan55</b><br>Test class: com.ey.test3po.userjourney.LargePurchaseUserSignUpJourneyLessThan55Test<br>Parameters: 1000, 33150, 18, Others 1, 2020, 45556, 1, It's extremely important that I achieve this goal, 1000, 19000, 6, Test, test@test.com, 123.0, 123.0, 1949, 23376, 23353, 41423, 108313, 1, TC_01</td>
<td></td>
<td>190</td>
<td>com.ey.test3po.userjourney.LargePurchaseUserSignUpJourneyLessThan55Test@1b68ddbd</td></tr>
<tr>
<td title='com.ey.test3po.userjourney.LargePurchaseUserSignUpJourneyLessThan55Test.largePurchaseSignUpLessThan55()'><b>largePurchaseSignUpLessThan55</b><br>Test class: com.ey.test3po.userjourney.LargePurchaseUserSignUpJourneyLessThan55Test<br>Parameters: 1000, 33150, 18, Others 2, 2020, 45556, 1, It's important but not critical I achieve this goal, 1887, , , Test, test@test.com, 123.0, 123.0, 1886, 45596, , , 45596, 1, TC_02</td>
<td></td>
<td>99</td>
<td>com.ey.test3po.userjourney.LargePurchaseUserSignUpJourneyLessThan55Test@1b68ddbd</td></tr>
<tr>
<td title='com.ey.test3po.userjourney.LargePurchaseUserSignUpJourneyLessThan55Test.largePurchaseSignUpLessThan55()'><b>largePurchaseSignUpLessThan55</b><br>Test class: com.ey.test3po.userjourney.LargePurchaseUserSignUpJourneyLessThan55Test<br>Parameters: 1000, 33150, 18, Others 3, 2020, 45556, 1, It's not important that I achieve this goal, 500, 30000, , Test, test@test.com, 123.0, 123.0, 1837, 12401, 29900, 45668, 45668, 1, TC_03</td>
<td></td>
<td>144</td>
<td>com.ey.test3po.userjourney.LargePurchaseUserSignUpJourneyLessThan55Test@1b68ddbd</td></tr>
<tr>
<td title='com.ey.test3po.userjourney.LargePurchaseUserSignUpJourneyLessThan55Test.largePurchaseSignUpLessThan55()'><b>largePurchaseSignUpLessThan55</b><br>Test class: com.ey.test3po.userjourney.LargePurchaseUserSignUpJourneyLessThan55Test<br>Parameters: 10000, 33150, 54, Others 4, 2036, 5000000, 16, It's extremely important that I achieve this goal, 1000, 69352180, , Test, test@test.com, 123.0, 123.0, 364811, 13706, 69352180, 5000001, 5000001, , TC_04</td>
<td></td>
<td>270</td>
<td>com.ey.test3po.userjourney.LargePurchaseUserSignUpJourneyLessThan55Test@1b68ddbd</td></tr>
<tr>
<td title='com.ey.test3po.userjourney.LargePurchaseUserSignUpJourneyLessThan55Test.largePurchaseSignUpLessThan55()'><b>largePurchaseSignUpLessThan55</b><br>Test class: com.ey.test3po.userjourney.LargePurchaseUserSignUpJourneyLessThan55Test<br>Parameters: 10000, 33150, 54, Others 4, 2036, 5000000, 16, It's important but not critical I achieve this goal, 283108, , , Test, test@test.com, 123.0, 123.0, 283107, 5000035, , , 5000035, , TC_05</td>
<td></td>
<td>180</td>
<td>com.ey.test3po.userjourney.LargePurchaseUserSignUpJourneyLessThan55Test@1b68ddbd</td></tr>
<tr>
<td title='com.ey.test3po.userjourney.OtherGoalUserSignUpJourneyLessThan55Test.otherGoalsAnnualSpending()'><b>otherGoalsAnnualSpending</b><br>Test class: com.ey.test3po.userjourney.OtherGoalUserSignUpJourneyLessThan55Test<br>Parameters: 1000, 33150, 18, Others 1, 2020, 45556, 1, It's extremely important that I achieve this goal, 1000, 19000, 6, Test, test@test.com, 123.0, 123.0, 1949, 23376, 23353, 41423, 108313, 1, TC_01</td>
<td></td>
<td>281</td>
<td>com.ey.test3po.userjourney.OtherGoalUserSignUpJourneyLessThan55Test@646d64ab</td></tr>
<tr>
<td title='com.ey.test3po.userjourney.OtherGoalUserSignUpJourneyLessThan55Test.otherGoalsAnnualSpending()'><b>otherGoalsAnnualSpending</b><br>Test class: com.ey.test3po.userjourney.OtherGoalUserSignUpJourneyLessThan55Test<br>Parameters: 1000, 33150, 18, Others 2, 2020, 45556, 1, It's important but not critical I achieve this goal, 1887, , , Test, test@test.com, 123.0, 123.0, 1886, 45596, , , 45596, 1, TC_02</td>
<td></td>
<td>118</td>
<td>com.ey.test3po.userjourney.OtherGoalUserSignUpJourneyLessThan55Test@646d64ab</td></tr>
<tr>
<td title='com.ey.test3po.userjourney.OtherGoalUserSignUpJourneyLessThan55Test.otherGoalsAnnualSpending()'><b>otherGoalsAnnualSpending</b><br>Test class: com.ey.test3po.userjourney.OtherGoalUserSignUpJourneyLessThan55Test<br>Parameters: 1000, 33150, 18, Others 3, 2020, 45556, 1, It's not important that I achieve this goal, 500, 30000, , Test, test@test.com, 123.0, 123.0, 1837, 12401, 29900, 45668, 45668, 1, TC_03</td>
<td></td>
<td>199</td>
<td>com.ey.test3po.userjourney.OtherGoalUserSignUpJourneyLessThan55Test@646d64ab</td></tr>
<tr>
<td title='com.ey.test3po.userjourney.OtherGoalUserSignUpJourneyLessThan55Test.otherGoalsAnnualSpending()'><b>otherGoalsAnnualSpending</b><br>Test class: com.ey.test3po.userjourney.OtherGoalUserSignUpJourneyLessThan55Test<br>Parameters: 10000, 33150, 54, Others 4, 2036, 5000000, 16, It's extremely important that I achieve this goal, 1000, 69352180, , Test, test@test.com, 123.0, 123.0, 364811, 13706, 69352180, 5000001, 5000001, , TC_04</td>
<td></td>
<td>303</td>
<td>com.ey.test3po.userjourney.OtherGoalUserSignUpJourneyLessThan55Test@646d64ab</td></tr>
<tr>
<td title='com.ey.test3po.userjourney.OtherGoalUserSignUpJourneyLessThan55Test.otherGoalsAnnualSpending()'><b>otherGoalsAnnualSpending</b><br>Test class: com.ey.test3po.userjourney.OtherGoalUserSignUpJourneyLessThan55Test<br>Parameters: 10000, 33150, 54, Others 4, 2036, 5000000, 16, It's important but not critical I achieve this goal, 283108, , , Test, test@test.com, 123.0, 123.0, 283107, 5000035, , , 5000035, , TC_05</td>
<td></td>
<td>270</td>
<td>com.ey.test3po.userjourney.OtherGoalUserSignUpJourneyLessThan55Test@646d64ab</td></tr>
<tr>
<td title='com.ey.test3po.userjourney.OtherGoalUserSignUpJourneyLessThan55Test.otherGoalsAnnualSpending()'><b>otherGoalsAnnualSpending</b><br>Test class: com.ey.test3po.userjourney.OtherGoalUserSignUpJourneyLessThan55Test<br>Parameters: 10000, 33150, 54, Others 4, 2036, 5000000, 16, It's not important that I achieve this goal, 10000, 28661106, , Test, test@test.com, 123.0, 123.0, 230973, 216476, 28661105, 5000001, 5000001, , TC_06</td>
<td></td>
<td>171</td>
<td>com.ey.test3po.userjourney.OtherGoalUserSignUpJourneyLessThan55Test@646d64ab</td></tr>
</table><p>
</body>
</html>