<?xml version="1.0" encoding="UTF-8"?>
<!-- Generated by org.testng.reporters.JUnitXMLReporter -->
<testsuite hostname="IN2070121W2" ignored="2" name="Home Page" tests="8" failures="1" timestamp="06 Jul 2018 11:43:01 GMT" time="79.002" errors="0">
  <testcase name="isOnHomePage" time="24.669" classname="com.ey.test3po.testcases.HomePageTest"/>
  <testcase name="welcomeSectionTest" time="2.352" classname="com.ey.test3po.testcases.HomePageTest"/>
  <testcase name="quickStartTest" time="0.536" classname="com.ey.test3po.testcases.HomePageTest"/>
  <testcase name="easyToUnderstandTest" time="0.525" classname="com.ey.test3po.testcases.HomePageTest"/>
  <testcase name="flexibleTest" time="0.531" classname="com.ey.test3po.testcases.HomePageTest"/>
  <testcase name="deliverResultsTest" time="0.55" classname="com.ey.test3po.testcases.HomePageTest"/>
  <testcase name="testimonialArrowTest" time="25.457" classname="com.ey.test3po.testcases.HomePageTest">
    <failure type="java.lang.AssertionError" message="expected [&amp;quot;This app helped me over the first hurdle of actually setting up goals for my life. I greatly recommend it to every one.&amp;quot;] but found [&amp;quot;Great product! Made my life easy, and helped me feel better about my retirement plans.&amp;quot;]">
      <![CDATA[java.lang.AssertionError: expected ["This app helped me over the first hurdle of actually setting up goals for my life. I greatly recommend it to every one."] but found ["Great product! Made my life easy, and helped me feel better about my retirement plans."]
at com.ey.test3po.testcases.HomePageTest.testimonialArrowTest(HomePageTest.java:112)
... Removed 31 stack frames]]>
    </failure>
  </testcase> <!-- testimonialArrowTest -->
  <testcase name="getStartedButtonClcikTest" time="1.588" classname="com.ey.test3po.testcases.HomePageTest"/>
  <testcase name="isButtonsPresentTest" time="0.0" classname="com.ey.test3po.testcases.HomePageTest">
    <ignored/>
  </testcase> <!-- isButtonsPresentTest -->
  <testcase name="signInButtonClcikTest" time="0.0" classname="com.ey.test3po.testcases.HomePageTest">
    <ignored/>
  </testcase> <!-- signInButtonClcikTest -->
</testsuite> <!-- Home Page -->
