<?xml version="1.0" encoding="UTF-8"?>
<!-- Generated by org.testng.reporters.JUnitXMLReporter -->
<testsuite hostname="IN2070121W2" ignored="0" name="PageLevelTests" tests="4" failures="1" timestamp="17 Aug 2018 11:15:42 GMT" time="234.222" errors="0">
  <testcase name="splashPageT" time="0.436" classname="com.ey.test3po.pagelevellessthan55.SplashPageTest">
    <failure type="java.lang.AssertionError" message="expected [true] but found [false]">
      <![CDATA[java.lang.AssertionError: expected [true] but found [false]
at com.ey.test3po.pagelevellessthan55.SplashPageTest.splashPageT(SplashPageTest.java:36)
... Removed 29 stack frames]]>
    </failure>
  </testcase> <!-- splashPageT -->
  <testcase name="welcomeSectionTest" time="32.877" classname="com.ey.test3po.pagelevellessthan55.WelcomePageTest"/>
  <testcase name="setUserprofile" time="23.751" classname="com.ey.test3po.pagelevellessthan55.UserProfilePageTest"/>
  <testcase name="goalSelection" time="40.518" classname="com.ey.test3po.pagelevellessthan55.GoalSelectionPageTest"/>
</testsuite> <!-- PageLevelTests -->
