<?xml version="1.0" encoding="UTF-8"?>
<testsuite name="TestSuite" time="126.402" tests="14" errors="0" skipped="0" failures="1">
  <properties>
    <property name="java.runtime.name" value="Java(TM) SE Runtime Environment"/>
    <property name="sun.boot.library.path" value="C:\Program Files (x86)\Java\jdk1.8.0_171\jre\bin"/>
    <property name="java.vm.version" value="25.171-b11"/>
    <property name="java.vm.vendor" value="Oracle Corporation"/>
    <property name="maven.multiModuleProjectDirectory" value="C:\Back Up\Project Work\Learning Stuffs\Eclipse Oxygen\3PO"/>
    <property name="java.vendor.url" value="http://java.oracle.com/"/>
    <property name="path.separator" value=";"/>
    <property name="guice.disable.misplaced.annotation.check" value="true"/>
    <property name="java.vm.name" value="Java HotSpot(TM) 64-Bit Server VM"/>
    <property name="file.encoding.pkg" value="sun.io"/>
    <property name="user.script" value=""/>
    <property name="user.country" value="IN"/>
    <property name="sun.java.launcher" value="SUN_STANDARD"/>
    <property name="sun.os.patch.level" value=""/>
    <property name="java.vm.specification.name" value="Java Virtual Machine Specification"/>
    <property name="user.dir" value="C:\Back Up\Project Work\Learning Stuffs\Eclipse Oxygen\3PO"/>
    <property name="java.runtime.version" value="1.8.0_171-b11"/>
    <property name="java.awt.graphicsenv" value="sun.awt.Win32GraphicsEnvironment"/>
    <property name="java.endorsed.dirs" value="C:\Program Files (x86)\Java\jdk1.8.0_171\jre\lib\endorsed"/>
    <property name="os.arch" value="amd64"/>
    <property name="java.io.tmpdir" value="C:\Users\SATYAR~1.MUD\AppData\Local\Temp\"/>
    <property name="line.separator" value="&#10;"/>
    <property name="java.vm.specification.vendor" value="Oracle Corporation"/>
    <property name="user.variant" value=""/>
    <property name="os.name" value="Windows 10"/>
    <property name="classworlds.conf" value="C:\Back Up\Project Work\Learning Stuffs\Eclipse Oxygen\.metadata\.plugins\org.eclipse.m2e.launching\launches\m2conf7489587582817673894.tmp"/>
    <property name="sun.jnu.encoding" value="Cp1252"/>
    <property name="java.library.path" value="C:\Program Files (x86)\Java\jdk1.8.0_171\bin;C:\Windows\Sun\Java\bin;C:\Windows\system32;C:\Windows;C:/Program Files (x86)/Java/jdk1.8.0_171/jre/bin/server;C:/Program Files (x86)/Java/jdk1.8.0_171/jre/bin;C:/Program Files (x86)/Java/jdk1.8.0_171/jre/lib/amd64;C:\ProgramData\Oracle\Java\javapath;C:\Program Files (x86)\Java\jdk1.8.0_171\bin;C:\Windows\system32;C:\Windows;C:\Windows\System32\Wbem;C:\Windows\System32\WindowsPowerShell\v1.0\;C:\Program Files\Intel\WiFi\bin\;C:\Program Files\Common Files\Intel\WirelessCommon\;C:\Program Files (x86)\Common Files\Hitachi ID\;C:\Program Files\Common Files\Hitachi ID\;c:\Program Files\Microsoft SQL Server\110\Tools\Binn\;c:\Program Files (x86)\Microsoft SQL Server\110\Tools\Binn\ManagementStudio\;c:\Program Files (x86)\Microsoft SQL Server\110\Tools\Binn\;c:\Program Files (x86)\Microsoft SQL Server\110\DTS\Binn\;C:\Program Files\nodejs\;C:\Apache\apache-maven-3.5.4\bin;C:\Apache\apache-maven-3.5.4\bin;C:\Program Files (x86)\Java\jdk1.8.0_171\lib;C:\SDK\tools;C:\SDK\platform-tools;C:\Users\satyaranjan.muduli\AppData\Roaming\npm;;C:\Program Files\Microsoft VS Code\bin;C:\Users\satyaranjan.muduli\Desktop;;."/>
    <property name="java.specification.name" value="Java Platform API Specification"/>
    <property name="java.class.version" value="52.0"/>
    <property name="sun.management.compiler" value="HotSpot 64-Bit Tiered Compilers"/>
    <property name="os.version" value="10.0"/>
    <property name="user.home" value="C:\Users\satyaranjan.muduli"/>
    <property name="user.timezone" value="Asia/Calcutta"/>
    <property name="java.awt.printerjob" value="sun.awt.windows.WPrinterJob"/>
    <property name="java.specification.version" value="1.8"/>
    <property name="file.encoding" value="Cp1252"/>
    <property name="user.name" value="Satyaranjan.Muduli"/>
    <property name="java.class.path" value="C:\Apache\apache-maven-3.5.4\boot\plexus-classworlds-2.5.2.jar"/>
    <property name="java.vm.specification.version" value="1.8"/>
    <property name="sun.arch.data.model" value="64"/>
    <property name="java.home" value="C:\Program Files (x86)\Java\jdk1.8.0_171\jre"/>
    <property name="sun.java.command" value="org.codehaus.plexus.classworlds.launcher.Launcher -B -s C:\Apache\apache-maven-3.5.4\conf\settings.xml test"/>
    <property name="java.specification.vendor" value="Oracle Corporation"/>
    <property name="user.language" value="en"/>
    <property name="awt.toolkit" value="sun.awt.windows.WToolkit"/>
    <property name="java.vm.info" value="mixed mode"/>
    <property name="java.version" value="1.8.0_171"/>
    <property name="java.ext.dirs" value="C:\Program Files (x86)\Java\jdk1.8.0_171\jre\lib\ext;C:\Windows\Sun\Java\lib\ext"/>
    <property name="sun.boot.class.path" value="C:\Program Files (x86)\Java\jdk1.8.0_171\jre\lib\resources.jar;C:\Program Files (x86)\Java\jdk1.8.0_171\jre\lib\rt.jar;C:\Program Files (x86)\Java\jdk1.8.0_171\jre\lib\sunrsasign.jar;C:\Program Files (x86)\Java\jdk1.8.0_171\jre\lib\jsse.jar;C:\Program Files (x86)\Java\jdk1.8.0_171\jre\lib\jce.jar;C:\Program Files (x86)\Java\jdk1.8.0_171\jre\lib\charsets.jar;C:\Program Files (x86)\Java\jdk1.8.0_171\jre\lib\jfr.jar;C:\Program Files (x86)\Java\jdk1.8.0_171\jre\classes"/>
    <property name="java.vendor" value="Oracle Corporation"/>
    <property name="maven.home" value="C:\Apache\apache-maven-3.5.4"/>
    <property name="file.separator" value="\"/>
    <property name="java.vendor.url.bug" value="http://bugreport.sun.com/bugreport/"/>
    <property name="sun.cpu.endian" value="little"/>
    <property name="sun.io.unicode.encoding" value="UnicodeLittle"/>
    <property name="sun.desktop" value="windows"/>
    <property name="sun.cpu.isalist" value="amd64"/>
  </properties>
  <testcase name="landingPageLogoTest" classname="com.ey.test3po.testcases.LandingPageTest" time="0.175"/>
  <testcase name="isOnHomePage" classname="com.ey.test3po.testcases.HomePageTest" time="21.042"/>
  <testcase name="welcomeSectionTest" classname="com.ey.test3po.testcases.HomePageTest" time="1.815"/>
  <testcase name="quickStartTest" classname="com.ey.test3po.testcases.HomePageTest" time="0.526"/>
  <testcase name="easyToUnderstandTest" classname="com.ey.test3po.testcases.HomePageTest" time="0.542"/>
  <testcase name="flexibleTest" classname="com.ey.test3po.testcases.HomePageTest" time="0.548"/>
  <testcase name="deliverResultsTest" classname="com.ey.test3po.testcases.HomePageTest" time="0.541"/>
  <testcase name="testimonialArrowTest" classname="com.ey.test3po.testcases.HomePageTest" time="28.899">
    <failure message="expected [&quot;This app helped me over the first hurdle of actually setting up goals for my life. I greatly recommend it to every one.&quot;] but found [&quot;Good App! I use it all the Time for my investment solutions&quot;]" type="java.lang.AssertionError">java.lang.AssertionError: expected ["This app helped me over the first hurdle of actually setting up goals for my life. I greatly recommend it to every one."] but found ["Good App! I use it all the Time for my investment solutions"]
	at org.testng.Assert.fail(Assert.java:96)
	at org.testng.Assert.failNotEquals(Assert.java:776)
	at org.testng.Assert.assertEqualsImpl(Assert.java:137)
	at org.testng.Assert.assertEquals(Assert.java:118)
	at org.testng.Assert.assertEquals(Assert.java:453)
	at org.testng.Assert.assertEquals(Assert.java:463)
	at com.ey.test3po.testcases.HomePageTest.testimonialArrowTest(HomePageTest.java:116)
</failure>
    <system-out><![CDATA[Test Case Started : testimonialArrowTest
Test Case Failed : testimonialArrowTest. Please find the details in the Extent Report
]]></system-out>
  </testcase>
  <testcase name="getStartedButtonClcikTest" classname="com.ey.test3po.testcases.HomePageTest" time="1.462"/>
  <testcase name="getCurrentActityForQuestionnaireTest" classname="com.ey.test3po.testcases.GoalJourneyTest" time="0.446"/>
  <testcase name="fillQuestionnaireTest" classname="com.ey.test3po.testcases.GoalJourneyTest" time="36.961"/>
  <testcase name="selectGoal" classname="com.ey.test3po.testcases.GoalJourneyTest" time="0"/>
  <testcase name="goalJourneyTest" classname="com.ey.test3po.testcases.GoalJourneyTest" time="29.32"/>
  <testcase name="riskFactorTest" classname="com.ey.test3po.testcases.GoalJourneyTest" time="4.125"/>
</testsuite>