<?xml version="1.0" encoding="UTF-8"?>
<testng-results skipped="0" failed="1" ignored="2" total="16" passed="13">
  <reporter-output>
    <line>
      <![CDATA[<img src="file://C:\Back Up\Project Work\Learning Stuffs\Eclipse Oxygen\3PO\screenshots\testimonialArrowTest_1530862579504.png" alt=""/>]]>
    </line>
  </reporter-output>
  <suite name="com.ey.test3po.testcases" duration-ms="220056" started-at="2018-07-06T07:34:45Z" finished-at="2018-07-06T07:38:25Z">
    <groups>
    </groups>
    <test name="Landing Page" duration-ms="22097" started-at="2018-07-06T07:34:45Z" finished-at="2018-07-06T07:35:07Z">
      <class name="com.ey.test3po.testcases.LandingPageTest">
        <test-method status="PASS" signature="setUp()[pri:0, instance:com.ey.test3po.testcases.LandingPageTest@180bc464]" name="setUp" is-config="true" duration-ms="17766" started-at="2018-07-06T07:34:45Z" finished-at="2018-07-06T07:35:03Z">
          <reporter-output>
          </reporter-output>
        </test-method> <!-- setUp -->
        <test-method status="PASS" signature="landingPageLogoTest()[pri:1, instance:com.ey.test3po.testcases.LandingPageTest@180bc464]" name="landingPageLogoTest" duration-ms="183" started-at="2018-07-06T07:35:03Z" finished-at="2018-07-06T07:35:03Z">
          <reporter-output>
          </reporter-output>
        </test-method> <!-- landingPageLogoTest -->
        <test-method status="PASS" signature="tearDown()[pri:0, instance:com.ey.test3po.testcases.LandingPageTest@180bc464]" name="tearDown" is-config="true" duration-ms="3622" started-at="2018-07-06T07:35:03Z" finished-at="2018-07-06T07:35:07Z">
          <reporter-output>
          </reporter-output>
        </test-method> <!-- tearDown -->
      </class> <!-- com.ey.test3po.testcases.LandingPageTest -->
    </test> <!-- Landing Page -->
    <test name="Home Page" duration-ms="74820" started-at="2018-07-06T07:35:10Z" finished-at="2018-07-06T07:36:24Z">
      <class name="com.ey.test3po.testcases.HomePageTest">
        <test-method status="PASS" signature="setUp()[pri:0, instance:com.ey.test3po.testcases.HomePageTest@735b478]" name="setUp" is-config="true" duration-ms="15628" started-at="2018-07-06T07:35:10Z" finished-at="2018-07-06T07:35:25Z">
          <reporter-output>
          </reporter-output>
        </test-method> <!-- setUp -->
        <test-method status="PASS" signature="isOnHomePage()[pri:1, instance:com.ey.test3po.testcases.HomePageTest@735b478]" name="isOnHomePage" duration-ms="21041" started-at="2018-07-06T07:35:25Z" finished-at="2018-07-06T07:35:46Z">
          <reporter-output>
          </reporter-output>
        </test-method> <!-- isOnHomePage -->
        <test-method status="PASS" signature="welcomeSectionTest()[pri:2, instance:com.ey.test3po.testcases.HomePageTest@735b478]" name="welcomeSectionTest" duration-ms="1815" started-at="2018-07-06T07:35:46Z" description="this test is to validate" depends-on-methods="com.ey.test3po.testcases.HomePageTest.isOnHomePage" finished-at="2018-07-06T07:35:48Z">
          <reporter-output>
          </reporter-output>
        </test-method> <!-- welcomeSectionTest -->
        <test-method status="PASS" signature="quickStartTest()[pri:3, instance:com.ey.test3po.testcases.HomePageTest@735b478]" name="quickStartTest" duration-ms="525" started-at="2018-07-06T07:35:48Z" depends-on-methods="com.ey.test3po.testcases.HomePageTest.isOnHomePage" finished-at="2018-07-06T07:35:49Z">
          <reporter-output>
          </reporter-output>
        </test-method> <!-- quickStartTest -->
        <test-method status="PASS" signature="easyToUnderstandTest()[pri:4, instance:com.ey.test3po.testcases.HomePageTest@735b478]" name="easyToUnderstandTest" duration-ms="539" started-at="2018-07-06T07:35:49Z" depends-on-methods="com.ey.test3po.testcases.HomePageTest.isOnHomePage" finished-at="2018-07-06T07:35:49Z">
          <reporter-output>
          </reporter-output>
        </test-method> <!-- easyToUnderstandTest -->
        <test-method status="PASS" signature="flexibleTest()[pri:5, instance:com.ey.test3po.testcases.HomePageTest@735b478]" name="flexibleTest" duration-ms="550" started-at="2018-07-06T07:35:49Z" depends-on-methods="com.ey.test3po.testcases.HomePageTest.isOnHomePage" finished-at="2018-07-06T07:35:50Z">
          <reporter-output>
          </reporter-output>
        </test-method> <!-- flexibleTest -->
        <test-method status="PASS" signature="deliverResultsTest()[pri:6, instance:com.ey.test3po.testcases.HomePageTest@735b478]" name="deliverResultsTest" duration-ms="541" started-at="2018-07-06T07:35:50Z" depends-on-methods="com.ey.test3po.testcases.HomePageTest.isOnHomePage" finished-at="2018-07-06T07:35:50Z">
          <reporter-output>
          </reporter-output>
        </test-method> <!-- deliverResultsTest -->
        <test-method status="FAIL" signature="testimonialArrowTest()[pri:7, instance:com.ey.test3po.testcases.HomePageTest@735b478]" name="testimonialArrowTest" duration-ms="26429" started-at="2018-07-06T07:35:50Z" depends-on-methods="com.ey.test3po.testcases.HomePageTest.isOnHomePage" finished-at="2018-07-06T07:36:17Z">
          <exception class="java.lang.AssertionError">
            <message>
              <![CDATA[expected ["This app helped me over the first hurdle of actually setting up goals for my life. I greatly recommend it to every one."] but found ["Good App! I use it all the Time for my investment solutions"]]]>
            </message>
            <full-stacktrace>
              <![CDATA[java.lang.AssertionError: expected ["This app helped me over the first hurdle of actually setting up goals for my life. I greatly recommend it to every one."] but found ["Good App! I use it all the Time for my investment solutions"]
at org.testng.Assert.fail(Assert.java:96)
at org.testng.Assert.failNotEquals(Assert.java:776)
at org.testng.Assert.assertEqualsImpl(Assert.java:137)
at org.testng.Assert.assertEquals(Assert.java:118)
at org.testng.Assert.assertEquals(Assert.java:453)
at org.testng.Assert.assertEquals(Assert.java:463)
at com.ey.test3po.testcases.HomePageTest.testimonialArrowTest(HomePageTest.java:116)
at sun.reflect.NativeMethodAccessorImpl.invoke0(Native Method)
at sun.reflect.NativeMethodAccessorImpl.invoke(NativeMethodAccessorImpl.java:62)
at sun.reflect.DelegatingMethodAccessorImpl.invoke(DelegatingMethodAccessorImpl.java:43)
at java.lang.reflect.Method.invoke(Method.java:498)
at org.testng.internal.MethodInvocationHelper.invokeMethod(MethodInvocationHelper.java:124)
at org.testng.internal.Invoker.invokeMethod(Invoker.java:580)
at org.testng.internal.Invoker.invokeTestMethod(Invoker.java:716)
at org.testng.internal.Invoker.invokeTestMethods(Invoker.java:988)
at org.testng.internal.TestMethodWorker.invokeTestMethods(TestMethodWorker.java:125)
at org.testng.internal.TestMethodWorker.run(TestMethodWorker.java:109)
at org.testng.TestRunner.privateRun(TestRunner.java:648)
at org.testng.TestRunner.run(TestRunner.java:505)
at org.testng.SuiteRunner.runTest(SuiteRunner.java:455)
at org.testng.SuiteRunner.runSequentially(SuiteRunner.java:450)
at org.testng.SuiteRunner.privateRun(SuiteRunner.java:415)
at org.testng.SuiteRunner.run(SuiteRunner.java:364)
at org.testng.SuiteRunnerWorker.runSuite(SuiteRunnerWorker.java:52)
at org.testng.SuiteRunnerWorker.run(SuiteRunnerWorker.java:84)
at org.testng.TestNG.runSuitesSequentially(TestNG.java:1208)
at org.testng.TestNG.runSuitesLocally(TestNG.java:1137)
at org.testng.TestNG.runSuites(TestNG.java:1049)
at org.testng.TestNG.run(TestNG.java:1017)
at org.apache.maven.surefire.testng.TestNGExecutor.run(TestNGExecutor.java:295)
at org.apache.maven.surefire.testng.TestNGXmlTestSuite.execute(TestNGXmlTestSuite.java:84)
at org.apache.maven.surefire.testng.TestNGProvider.invoke(TestNGProvider.java:90)
at org.apache.maven.surefire.booter.ForkedBooter.invokeProviderInSameClassLoader(ForkedBooter.java:203)
at org.apache.maven.surefire.booter.ForkedBooter.runSuitesInProcess(ForkedBooter.java:155)
at org.apache.maven.surefire.booter.ForkedBooter.main(ForkedBooter.java:103)
]]>
            </full-stacktrace>
          </exception> <!-- java.lang.AssertionError -->
          <reporter-output>
            <line>
              <![CDATA[<img src="file://C:\Back Up\Project Work\Learning Stuffs\Eclipse Oxygen\3PO\screenshots\testimonialArrowTest_1530862579504.png" alt=""/>]]>
            </line>
          </reporter-output>
        </test-method> <!-- testimonialArrowTest -->
        <test-method status="PASS" signature="getStartedButtonClcikTest()[pri:9, instance:com.ey.test3po.testcases.HomePageTest@735b478]" name="getStartedButtonClcikTest" duration-ms="1466" started-at="2018-07-06T07:36:19Z" depends-on-methods="com.ey.test3po.testcases.HomePageTest.isOnHomePage" finished-at="2018-07-06T07:36:21Z">
          <reporter-output>
          </reporter-output>
        </test-method> <!-- getStartedButtonClcikTest -->
        <test-method status="PASS" signature="tearDown()[pri:0, instance:com.ey.test3po.testcases.HomePageTest@735b478]" name="tearDown" is-config="true" duration-ms="3795" started-at="2018-07-06T07:36:21Z" finished-at="2018-07-06T07:36:24Z">
          <reporter-output>
          </reporter-output>
        </test-method> <!-- tearDown -->
      </class> <!-- com.ey.test3po.testcases.HomePageTest -->
    </test> <!-- Home Page -->
    <test name="Goal Journey" duration-ms="118374" started-at="2018-07-06T07:36:26Z" finished-at="2018-07-06T07:38:25Z">
      <class name="com.ey.test3po.testcases.GoalJourneyTest">
        <test-method status="PASS" signature="setUp()[pri:0, instance:com.ey.test3po.testcases.GoalJourneyTest@3dd3bcd]" name="setUp" is-config="true" duration-ms="40633" started-at="2018-07-06T07:36:27Z" finished-at="2018-07-06T07:37:07Z">
          <reporter-output>
          </reporter-output>
        </test-method> <!-- setUp -->
        <test-method status="PASS" signature="getCurrentActityForQuestionnaireTest()[pri:1, instance:com.ey.test3po.testcases.GoalJourneyTest@3dd3bcd]" name="getCurrentActityForQuestionnaireTest" duration-ms="439" started-at="2018-07-06T07:37:07Z" finished-at="2018-07-06T07:37:08Z">
          <reporter-output>
          </reporter-output>
        </test-method> <!-- getCurrentActityForQuestionnaireTest -->
        <test-method status="PASS" signature="fillQuestionnaireTest(java.lang.String, java.lang.String, java.lang.String, java.lang.String)[pri:2, instance:com.ey.test3po.testcases.GoalJourneyTest@3dd3bcd]" name="fillQuestionnaireTest" duration-ms="36960" started-at="2018-07-06T07:37:09Z" data-provider="getQuestionnaireTestData" depends-on-methods="com.ey.test3po.testcases.GoalJourneyTest.getCurrentActityForQuestionnaireTest" finished-at="2018-07-06T07:37:46Z">
          <params>
            <param index="0">
              <value>
                <![CDATA[1000.0]]>
              </value>
            </param>
            <param index="1">
              <value>
                <![CDATA[56009.0]]>
              </value>
            </param>
            <param index="2">
              <value>
                <![CDATA[1.0]]>
              </value>
            </param>
            <param index="3">
              <value>
                <![CDATA[K1]]>
              </value>
            </param>
          </params>
          <reporter-output>
          </reporter-output>
        </test-method> <!-- fillQuestionnaireTest -->
        <test-method status="PASS" signature="selectGoal(java.lang.String, java.lang.String, java.lang.String)[pri:3, instance:com.ey.test3po.testcases.GoalJourneyTest@3dd3bcd]" name="selectGoal" duration-ms="1" started-at="2018-07-06T07:37:46Z" data-provider="getGoalAndRiskfactor" depends-on-methods="com.ey.test3po.testcases.GoalJourneyTest.fillQuestionnaireTest" finished-at="2018-07-06T07:37:46Z">
          <params>
            <param index="0">
              <value>
                <![CDATA[Large Purchase]]>
              </value>
            </param>
            <param index="1">
              <value>
                <![CDATA[It's extremely important that I achieve this goal]]>
              </value>
            </param>
            <param index="2">
              <value>
                <![CDATA[K1]]>
              </value>
            </param>
          </params>
          <reporter-output>
          </reporter-output>
        </test-method> <!-- selectGoal -->
        <test-method status="PASS" signature="goalJourneyTest(java.lang.String, java.lang.String, java.lang.String, java.lang.String, java.lang.String)[pri:4, instance:com.ey.test3po.testcases.GoalJourneyTest@3dd3bcd]" name="goalJourneyTest" duration-ms="29320" started-at="2018-07-06T07:37:46Z" data-provider="getGoalSetTestData" depends-on-methods="com.ey.test3po.testcases.GoalJourneyTest.selectGoal" finished-at="2018-07-06T07:38:15Z">
          <params>
            <param index="0">
              <value>
                <![CDATA[Test1]]>
              </value>
            </param>
            <param index="1">
              <value>
                <![CDATA[2020.0]]>
              </value>
            </param>
            <param index="2">
              <value>
                <![CDATA[67000.0]]>
              </value>
            </param>
            <param index="3">
              <value>
                <![CDATA[4.0]]>
              </value>
            </param>
            <param index="4">
              <value>
                <![CDATA[K1]]>
              </value>
            </param>
          </params>
          <reporter-output>
          </reporter-output>
        </test-method> <!-- goalJourneyTest -->
        <test-method status="PASS" signature="riskFactorTest()[pri:5, instance:com.ey.test3po.testcases.GoalJourneyTest@3dd3bcd]" name="riskFactorTest" duration-ms="4125" started-at="2018-07-06T07:38:15Z" depends-on-methods="com.ey.test3po.testcases.GoalJourneyTest.goalJourneyTest" finished-at="2018-07-06T07:38:19Z">
          <reporter-output>
          </reporter-output>
        </test-method> <!-- riskFactorTest -->
        <test-method status="PASS" signature="tearDown()[pri:0, instance:com.ey.test3po.testcases.GoalJourneyTest@3dd3bcd]" name="tearDown" is-config="true" duration-ms="5733" started-at="2018-07-06T07:38:19Z" finished-at="2018-07-06T07:38:25Z">
          <reporter-output>
          </reporter-output>
        </test-method> <!-- tearDown -->
      </class> <!-- com.ey.test3po.testcases.GoalJourneyTest -->
    </test> <!-- Goal Journey -->
  </suite> <!-- com.ey.test3po.testcases -->
</testng-results>
