<?xml version="1.0" encoding="UTF-8"?>
<!-- Generated by org.testng.reporters.JUnitReportReporter -->
<testsuite skipped="0" hostname="IN2070121W2" name="com.ey.test3po.userjourney.EducationGoalUserSignUpJourneyMoreThan55Test" tests="5" failures="1" timestamp="18 Aug 2018 10:36:05 GMT" time="1678.907" errors="0">
  <testcase name="educationGoalMoreThan55" time="263.645" classname="com.ey.test3po.userjourney.EducationGoalUserSignUpJourneyMoreThan55Test">
    <failure type="java.lang.AssertionError" message="The following asserts failed:
	Suggested affordability mismacth in annual spending page in suggested text expected [62,867] but found [62,859],
	Suggested affordability mismacth in annual spending page in label legand expected [62,867] but found [62,859]">
      <![CDATA[java.lang.AssertionError: The following asserts failed:
Suggested affordability mismacth in annual spending page in suggested text expected [62,867] but found [62,859],
Suggested affordability mismacth in annual spending page in label legand expected [62,867] but found [62,859]
at org.testng.asserts.SoftAssert.assertAll(SoftAssert.java:43)
at com.ey.test3po.userjourney.EducationGoalUserSignUpJourneyMoreThan55Test.educationGoalMoreThan55(EducationGoalUserSignUpJourneyMoreThan55Test.java:166)
at sun.reflect.NativeMethodAccessorImpl.invoke0(Native Method)
at sun.reflect.NativeMethodAccessorImpl.invoke(NativeMethodAccessorImpl.java:62)
at sun.reflect.DelegatingMethodAccessorImpl.invoke(DelegatingMethodAccessorImpl.java:43)
at java.lang.reflect.Method.invoke(Method.java:498)
at org.testng.internal.MethodInvocationHelper.invokeMethod(MethodInvocationHelper.java:124)
at org.testng.internal.Invoker.invokeMethod(Invoker.java:580)
at org.testng.internal.Invoker.invokeTestMethod(Invoker.java:716)
at org.testng.internal.Invoker.invokeTestMethods(Invoker.java:988)
at org.testng.internal.TestMethodWorker.invokeTestMethods(TestMethodWorker.java:125)
at org.testng.internal.TestMethodWorker.run(TestMethodWorker.java:109)
at org.testng.TestRunner.privateRun(TestRunner.java:648)
at org.testng.TestRunner.run(TestRunner.java:505)
at org.testng.SuiteRunner.runTest(SuiteRunner.java:455)
at org.testng.SuiteRunner.runSequentially(SuiteRunner.java:450)
at org.testng.SuiteRunner.privateRun(SuiteRunner.java:415)
at org.testng.SuiteRunner.run(SuiteRunner.java:364)
at org.testng.SuiteRunnerWorker.runSuite(SuiteRunnerWorker.java:52)
at org.testng.SuiteRunnerWorker.run(SuiteRunnerWorker.java:84)
at org.testng.TestNG.runSuitesSequentially(TestNG.java:1208)
at org.testng.TestNG.runSuitesLocally(TestNG.java:1137)
at org.testng.TestNG.runSuites(TestNG.java:1049)
at org.testng.TestNG.run(TestNG.java:1017)
at org.testng.remote.AbstractRemoteTestNG.run(AbstractRemoteTestNG.java:114)
at org.testng.remote.RemoteTestNG.initAndRun(RemoteTestNG.java:251)
at org.testng.remote.RemoteTestNG.main(RemoteTestNG.java:77)
]]>
    </failure>
  </testcase> <!-- educationGoalMoreThan55 -->
  <testcase name="educationGoalMoreThan55" time="465.232" classname="com.ey.test3po.userjourney.EducationGoalUserSignUpJourneyMoreThan55Test"/>
  <testcase name="educationGoalMoreThan55" time="342.148" classname="com.ey.test3po.userjourney.EducationGoalUserSignUpJourneyMoreThan55Test"/>
  <testcase name="educationGoalMoreThan55" time="353.911" classname="com.ey.test3po.userjourney.EducationGoalUserSignUpJourneyMoreThan55Test"/>
  <testcase name="educationGoalMoreThan55" time="253.971" classname="com.ey.test3po.userjourney.EducationGoalUserSignUpJourneyMoreThan55Test"/>
</testsuite> <!-- com.ey.test3po.userjourney.EducationGoalUserSignUpJourneyMoreThan55Test -->
