<?xml version="1.0" encoding="UTF-8"?>
<!-- Generated by org.testng.reporters.JUnitReportReporter -->
<testsuite skipped="11" hostname="IN2070121W2" name="com.ey.test3po.userjourney.LargePurchaseUserSignUpJourneyLessThan55Test" tests="34" failures="0" timestamp="07 Sep 2018 12:23:36 GMT" time="6444.128" errors="1">
  <testcase name="setUp" time="75.162" classname="com.ey.test3po.userjourney.LargePurchaseUserSignUpJourneyLessThan55Test">
    <error type="org.openqa.selenium.NoSuchElementException" message="An element could not be located on the page using the given search parameters.
For documentation on this error, please visit: http://seleniumhq.org/exceptions/no_such_element.html
Build info: version: &#039;3.13.0&#039;, revision: &#039;2f0d292&#039;, time: &#039;2018-06-25T15:24:21.231Z&#039;
System info: host: &#039;IN2070121W2&#039;, ip: &#039;10.180.126.175&#039;, os.name: &#039;Windows 10&#039;, os.arch: &#039;amd64&#039;, os.version: &#039;10.0&#039;, java.version: &#039;1.8.0_171&#039;
Driver info: io.appium.java_client.android.AndroidDriver
Capabilities {appActivity: com.eygsskpoc.ey3po.activit..., appPackage: com.eygsskpoc.ey3po, databaseEnabled: false, desired: {appActivity: com.eygsskpoc.ey3po.activit..., appPackage: com.eygsskpoc.ey3po, deviceName: 92010457a0ce2315, noReset: true, platformName: android, resetKeyboard: true, unicodeKeyboard: true, version: 5.1.1}, deviceManufacturer: samsung, deviceModel: SM-J200G, deviceName: 92010457a0ce2315, deviceScreenSize: 540x960, deviceUDID: 92010457a0ce2315, javascriptEnabled: true, locationContextEnabled: false, networkConnectionEnabled: true, noReset: true, platform: LINUX, platformName: Android, platformVersion: 5.1.1, resetKeyboard: true, takesScreenshot: true, unicodeKeyboard: true, version: 5.1.1, warnings: {}, webStorageEnabled: false}
Session ID: 4aaececa-ffaa-4697-af94-2748f5961bff
*** Element info: {Using=xpath, value=//android.widget.Button[@text=&#039;Get Started&#039;]}">
      <![CDATA[org.openqa.selenium.NoSuchElementException: An element could not be located on the page using the given search parameters.
For documentation on this error, please visit: http://seleniumhq.org/exceptions/no_such_element.html
Build info: version: '3.13.0', revision: '2f0d292', time: '2018-06-25T15:24:21.231Z'
System info: host: 'IN2070121W2', ip: '10.180.126.175', os.name: 'Windows 10', os.arch: 'amd64', os.version: '10.0', java.version: '1.8.0_171'
Driver info: io.appium.java_client.android.AndroidDriver
Capabilities {appActivity: com.eygsskpoc.ey3po.activit..., appPackage: com.eygsskpoc.ey3po, databaseEnabled: false, desired: {appActivity: com.eygsskpoc.ey3po.activit..., appPackage: com.eygsskpoc.ey3po, deviceName: 92010457a0ce2315, noReset: true, platformName: android, resetKeyboard: true, unicodeKeyboard: true, version: 5.1.1}, deviceManufacturer: samsung, deviceModel: SM-J200G, deviceName: 92010457a0ce2315, deviceScreenSize: 540x960, deviceUDID: 92010457a0ce2315, javascriptEnabled: true, locationContextEnabled: false, networkConnectionEnabled: true, noReset: true, platform: LINUX, platformName: Android, platformVersion: 5.1.1, resetKeyboard: true, takesScreenshot: true, unicodeKeyboard: true, version: 5.1.1, warnings: {}, webStorageEnabled: false}
Session ID: 4aaececa-ffaa-4697-af94-2748f5961bff
*** Element info: {Using=xpath, value=//android.widget.Button[@text='Get Started']}
at sun.reflect.NativeConstructorAccessorImpl.newInstance0(Native Method)
at sun.reflect.NativeConstructorAccessorImpl.newInstance(NativeConstructorAccessorImpl.java:62)
at sun.reflect.DelegatingConstructorAccessorImpl.newInstance(DelegatingConstructorAccessorImpl.java:45)
at java.lang.reflect.Constructor.newInstance(Constructor.java:423)
at org.openqa.selenium.remote.http.W3CHttpResponseCodec.createException(W3CHttpResponseCodec.java:187)
at org.openqa.selenium.remote.http.W3CHttpResponseCodec.decode(W3CHttpResponseCodec.java:122)
at org.openqa.selenium.remote.http.W3CHttpResponseCodec.decode(W3CHttpResponseCodec.java:49)
at org.openqa.selenium.remote.HttpCommandExecutor.execute(HttpCommandExecutor.java:158)
at io.appium.java_client.remote.AppiumCommandExecutor.execute(AppiumCommandExecutor.java:231)
at org.openqa.selenium.remote.RemoteWebDriver.execute(RemoteWebDriver.java:548)
at io.appium.java_client.DefaultGenericMobileDriver.execute(DefaultGenericMobileDriver.java:42)
at io.appium.java_client.AppiumDriver.execute(AppiumDriver.java:1)
at io.appium.java_client.android.AndroidDriver.execute(AndroidDriver.java:1)
at org.openqa.selenium.remote.RemoteWebDriver.findElement(RemoteWebDriver.java:322)
at io.appium.java_client.DefaultGenericMobileDriver.findElement(DefaultGenericMobileDriver.java:62)
at io.appium.java_client.AppiumDriver.findElement(AppiumDriver.java:1)
at io.appium.java_client.android.AndroidDriver.findElement(AndroidDriver.java:1)
at org.openqa.selenium.remote.RemoteWebDriver.findElementByXPath(RemoteWebDriver.java:424)
at io.appium.java_client.DefaultGenericMobileDriver.findElementByXPath(DefaultGenericMobileDriver.java:152)
at io.appium.java_client.AppiumDriver.findElementByXPath(AppiumDriver.java:1)
at io.appium.java_client.android.AndroidDriver.findElementByXPath(AndroidDriver.java:1)
at org.openqa.selenium.By$ByXPath.findElement(By.java:353)
at org.openqa.selenium.remote.RemoteWebDriver.findElement(RemoteWebDriver.java:314)
at io.appium.java_client.DefaultGenericMobileDriver.findElement(DefaultGenericMobileDriver.java:58)
at io.appium.java_client.AppiumDriver.findElement(AppiumDriver.java:1)
at io.appium.java_client.android.AndroidDriver.findElement(AndroidDriver.java:1)
at com.ey.test3po.pages.WelcomePage.getStartedButtonClcik(WelcomePage.java:110)
at com.ey.test3po.userjourney.LargePurchaseUserSignUpJourneyLessThan55Test.setUp(LargePurchaseUserSignUpJourneyLessThan55Test.java:63)
at sun.reflect.GeneratedMethodAccessor3.invoke(Unknown Source)
at sun.reflect.DelegatingMethodAccessorImpl.invoke(DelegatingMethodAccessorImpl.java:43)
at java.lang.reflect.Method.invoke(Method.java:498)
at org.testng.internal.MethodInvocationHelper.invokeMethod(MethodInvocationHelper.java:124)
at org.testng.internal.MethodInvocationHelper.invokeMethodConsideringTimeout(MethodInvocationHelper.java:59)
at org.testng.internal.Invoker.invokeConfigurationMethod(Invoker.java:455)
at org.testng.internal.Invoker.invokeConfigurations(Invoker.java:222)
at org.testng.internal.Invoker.invokeMethod(Invoker.java:520)
at org.testng.internal.Invoker.invokeTestMethod(Invoker.java:716)
at org.testng.internal.Invoker.invokeTestMethods(Invoker.java:988)
at org.testng.internal.TestMethodWorker.invokeTestMethods(TestMethodWorker.java:125)
at org.testng.internal.TestMethodWorker.run(TestMethodWorker.java:109)
at org.testng.TestRunner.privateRun(TestRunner.java:648)
at org.testng.TestRunner.run(TestRunner.java:505)
at org.testng.SuiteRunner.runTest(SuiteRunner.java:455)
at org.testng.SuiteRunner.runSequentially(SuiteRunner.java:450)
at org.testng.SuiteRunner.privateRun(SuiteRunner.java:415)
at org.testng.SuiteRunner.run(SuiteRunner.java:364)
at org.testng.SuiteRunnerWorker.runSuite(SuiteRunnerWorker.java:52)
at org.testng.SuiteRunnerWorker.run(SuiteRunnerWorker.java:84)
at org.testng.TestNG.runSuitesSequentially(TestNG.java:1208)
at org.testng.TestNG.runSuitesLocally(TestNG.java:1137)
at org.testng.TestNG.runSuites(TestNG.java:1049)
at org.testng.TestNG.run(TestNG.java:1017)
at org.testng.remote.AbstractRemoteTestNG.run(AbstractRemoteTestNG.java:114)
at org.testng.remote.RemoteTestNG.initAndRun(RemoteTestNG.java:251)
at org.testng.remote.RemoteTestNG.main(RemoteTestNG.java:77)
]]>
    </error>
  </testcase> <!-- setUp -->
  <testcase name="largePurchaseGoalLessThan55" time="309.470" classname="com.ey.test3po.userjourney.LargePurchaseUserSignUpJourneyLessThan55Test"/>
  <testcase name="largePurchaseGoalLessThan55" time="40.002" classname="com.ey.test3po.userjourney.LargePurchaseUserSignUpJourneyLessThan55Test">
    <skipped/>
  </testcase> <!-- largePurchaseGoalLessThan55 -->
  <testcase name="largePurchaseGoalLessThan55" time="244.912" classname="com.ey.test3po.userjourney.LargePurchaseUserSignUpJourneyLessThan55Test"/>
  <testcase name="largePurchaseGoalLessThan55" time="39.928" classname="com.ey.test3po.userjourney.LargePurchaseUserSignUpJourneyLessThan55Test">
    <skipped/>
  </testcase> <!-- largePurchaseGoalLessThan55 -->
  <testcase name="largePurchaseGoalLessThan55" time="268.593" classname="com.ey.test3po.userjourney.LargePurchaseUserSignUpJourneyLessThan55Test"/>
  <testcase name="largePurchaseGoalLessThan55" time="447.390" classname="com.ey.test3po.userjourney.LargePurchaseUserSignUpJourneyLessThan55Test"/>
  <testcase name="largePurchaseGoalLessThan55" time="207.480" classname="com.ey.test3po.userjourney.LargePurchaseUserSignUpJourneyLessThan55Test">
    <skipped/>
  </testcase> <!-- largePurchaseGoalLessThan55 -->
  <testcase name="largePurchaseGoalLessThan55" time="39.973" classname="com.ey.test3po.userjourney.LargePurchaseUserSignUpJourneyLessThan55Test">
    <skipped/>
  </testcase> <!-- largePurchaseGoalLessThan55 -->
  <testcase name="largePurchaseGoalLessThan55" time="302.211" classname="com.ey.test3po.userjourney.LargePurchaseUserSignUpJourneyLessThan55Test"/>
  <testcase name="largePurchaseGoalLessThan55" time="38.851" classname="com.ey.test3po.userjourney.LargePurchaseUserSignUpJourneyLessThan55Test">
    <skipped/>
  </testcase> <!-- largePurchaseGoalLessThan55 -->
  <testcase name="largePurchaseGoalLessThan55" time="218.457" classname="com.ey.test3po.userjourney.LargePurchaseUserSignUpJourneyLessThan55Test"/>
  <testcase name="largePurchaseGoalLessThan55" time="38.536" classname="com.ey.test3po.userjourney.LargePurchaseUserSignUpJourneyLessThan55Test">
    <skipped/>
  </testcase> <!-- largePurchaseGoalLessThan55 -->
  <testcase name="largePurchaseGoalLessThan55" time="223.369" classname="com.ey.test3po.userjourney.LargePurchaseUserSignUpJourneyLessThan55Test"/>
  <testcase name="largePurchaseGoalLessThan55" time="308.031" classname="com.ey.test3po.userjourney.LargePurchaseUserSignUpJourneyLessThan55Test"/>
  <testcase name="largePurchaseGoalLessThan55" time="38.274" classname="com.ey.test3po.userjourney.LargePurchaseUserSignUpJourneyLessThan55Test">
    <skipped/>
  </testcase> <!-- largePurchaseGoalLessThan55 -->
  <testcase name="largePurchaseGoalLessThan55" time="227.308" classname="com.ey.test3po.userjourney.LargePurchaseUserSignUpJourneyLessThan55Test"/>
  <testcase name="largePurchaseGoalLessThan55" time="213.529" classname="com.ey.test3po.userjourney.LargePurchaseUserSignUpJourneyLessThan55Test"/>
  <testcase name="largePurchaseGoalLessThan55" time="306.588" classname="com.ey.test3po.userjourney.LargePurchaseUserSignUpJourneyLessThan55Test"/>
  <testcase name="largePurchaseGoalLessThan55" time="400.428" classname="com.ey.test3po.userjourney.LargePurchaseUserSignUpJourneyLessThan55Test"/>
  <testcase name="largePurchaseGoalLessThan55" time="35.603" classname="com.ey.test3po.userjourney.LargePurchaseUserSignUpJourneyLessThan55Test">
    <skipped/>
  </testcase> <!-- largePurchaseGoalLessThan55 -->
  <testcase name="largePurchaseGoalLessThan55" time="288.837" classname="com.ey.test3po.userjourney.LargePurchaseUserSignUpJourneyLessThan55Test"/>
  <testcase name="largePurchaseGoalLessThan55" time="63.693" classname="com.ey.test3po.userjourney.LargePurchaseUserSignUpJourneyLessThan55Test">
    <skipped/>
  </testcase> <!-- largePurchaseGoalLessThan55 -->
  <testcase name="largePurchaseGoalLessThan55" time="270.198" classname="com.ey.test3po.userjourney.LargePurchaseUserSignUpJourneyLessThan55Test"/>
  <testcase name="largePurchaseGoalLessThan55" time="0.000" classname="com.ey.test3po.userjourney.LargePurchaseUserSignUpJourneyLessThan55Test">
    <skipped/>
  </testcase> <!-- largePurchaseGoalLessThan55 -->
  <testcase name="largePurchaseGoalLessThan55" time="197.502" classname="com.ey.test3po.userjourney.LargePurchaseUserSignUpJourneyLessThan55Test"/>
  <testcase name="largePurchaseGoalLessThan55" time="0.000" classname="com.ey.test3po.userjourney.LargePurchaseUserSignUpJourneyLessThan55Test">
    <skipped/>
  </testcase> <!-- largePurchaseGoalLessThan55 -->
  <testcase name="largePurchaseGoalLessThan55" time="146.900" classname="com.ey.test3po.userjourney.LargePurchaseUserSignUpJourneyLessThan55Test"/>
  <testcase name="largePurchaseGoalLessThan55" time="230.440" classname="com.ey.test3po.userjourney.LargePurchaseUserSignUpJourneyLessThan55Test"/>
  <testcase name="largePurchaseGoalLessThan55" time="206.270" classname="com.ey.test3po.userjourney.LargePurchaseUserSignUpJourneyLessThan55Test"/>
  <testcase name="largePurchaseGoalLessThan55" time="189.152" classname="com.ey.test3po.userjourney.LargePurchaseUserSignUpJourneyLessThan55Test"/>
  <testcase name="largePurchaseGoalLessThan55" time="245.739" classname="com.ey.test3po.userjourney.LargePurchaseUserSignUpJourneyLessThan55Test"/>
  <testcase name="largePurchaseGoalLessThan55" time="255.508" classname="com.ey.test3po.userjourney.LargePurchaseUserSignUpJourneyLessThan55Test"/>
  <testcase name="largePurchaseGoalLessThan55" time="325.794" classname="com.ey.test3po.userjourney.LargePurchaseUserSignUpJourneyLessThan55Test"/>
</testsuite> <!-- com.ey.test3po.userjourney.LargePurchaseUserSignUpJourneyLessThan55Test -->
