<?xml version="1.0" encoding="UTF-8"?>
<!-- Generated by org.testng.reporters.JUnitReportReporter -->
<testsuite skipped="0" hostname="IN2070121W2" name="com.ey.test3po.testcases.pagelevel.PlannedInvSuggestionsPageTest$GoalImportancePageTest" tests="6" failures="1" timestamp="19 Jul 2018 16:53:40 GMT" time="100.191" errors="0">
  <testcase name="getUserScreen" time="42.395" classname="com.ey.test3po.testcases.pagelevel.PlannedInvSuggestionsPageTest$GoalImportancePageTest"/>
  <testcase name="getGoalScreen" time="1.670" classname="com.ey.test3po.testcases.pagelevel.PlannedInvSuggestionsPageTest$GoalImportancePageTest"/>
  <testcase name="setGoalQuestionnaire" time="28.276" classname="com.ey.test3po.testcases.pagelevel.PlannedInvSuggestionsPageTest$GoalImportancePageTest"/>
  <testcase name="setGoalImportance" time="4.487" classname="com.ey.test3po.testcases.pagelevel.PlannedInvSuggestionsPageTest$GoalImportancePageTest"/>
  <testcase name="verifyScreenContent" time="6.730" classname="com.ey.test3po.testcases.pagelevel.PlannedInvSuggestionsPageTest$GoalImportancePageTest">
    <failure type="java.lang.AssertionError" message="expected [To reach your goal of $670,000 per year, we suggest you save
  $115,291 per month from today till 2019] but found [To reach your goal of $58,588 per year, we suggest you save
  $5,652 per month from today till 2022]">
      <![CDATA[java.lang.AssertionError: expected [To reach your goal of $670,000 per year, we suggest you save
  $115,291 per month from today till 2019] but found [To reach your goal of $58,588 per year, we suggest you save
  $5,652 per month from today till 2022]
at org.testng.Assert.fail(Assert.java:96)
at org.testng.Assert.failNotEquals(Assert.java:776)
at org.testng.Assert.assertEqualsImpl(Assert.java:137)
at org.testng.Assert.assertEquals(Assert.java:118)
at org.testng.Assert.assertEquals(Assert.java:442)
at com.ey.test3po.testcases.pagelevel.PlannedInvSuggestionsPageTest$GoalImportancePageTest.verifyScreenContent(PlannedInvSuggestionsPageTest.java:118)
at sun.reflect.NativeMethodAccessorImpl.invoke0(Native Method)
at sun.reflect.NativeMethodAccessorImpl.invoke(NativeMethodAccessorImpl.java:62)
at sun.reflect.DelegatingMethodAccessorImpl.invoke(DelegatingMethodAccessorImpl.java:43)
at java.lang.reflect.Method.invoke(Method.java:498)
at org.testng.internal.MethodInvocationHelper.invokeMethod(MethodInvocationHelper.java:124)
at org.testng.internal.Invoker.invokeMethod(Invoker.java:580)
at org.testng.internal.Invoker.invokeTestMethod(Invoker.java:716)
at org.testng.internal.Invoker.invokeTestMethods(Invoker.java:988)
at org.testng.internal.TestMethodWorker.invokeTestMethods(TestMethodWorker.java:125)
at org.testng.internal.TestMethodWorker.run(TestMethodWorker.java:109)
at org.testng.TestRunner.privateRun(TestRunner.java:648)
at org.testng.TestRunner.run(TestRunner.java:505)
at org.testng.SuiteRunner.runTest(SuiteRunner.java:455)
at org.testng.SuiteRunner.runSequentially(SuiteRunner.java:450)
at org.testng.SuiteRunner.privateRun(SuiteRunner.java:415)
at org.testng.SuiteRunner.run(SuiteRunner.java:364)
at org.testng.SuiteRunnerWorker.runSuite(SuiteRunnerWorker.java:52)
at org.testng.SuiteRunnerWorker.run(SuiteRunnerWorker.java:84)
at org.testng.TestNG.runSuitesSequentially(TestNG.java:1208)
at org.testng.TestNG.runSuitesLocally(TestNG.java:1137)
at org.testng.TestNG.runSuites(TestNG.java:1049)
at org.testng.TestNG.run(TestNG.java:1017)
at org.testng.remote.AbstractRemoteTestNG.run(AbstractRemoteTestNG.java:114)
at org.testng.remote.RemoteTestNG.initAndRun(RemoteTestNG.java:251)
at org.testng.remote.RemoteTestNG.main(RemoteTestNG.java:77)
]]>
    </failure>
  </testcase> <!-- verifyScreenContent -->
  <testcase name="setPlannedMonthlyContribution" time="16.633" classname="com.ey.test3po.testcases.pagelevel.PlannedInvSuggestionsPageTest$GoalImportancePageTest"/>
</testsuite> <!-- com.ey.test3po.testcases.pagelevel.PlannedInvSuggestionsPageTest$GoalImportancePageTest -->
